<?xml version="1.0" encoding="utf-8" ?>
<!DOCTYPE html PUBLIC "-//W3C//DTD XHTML 1.0 Strict//EN"
        "http://www.w3.org/TR/xhtml1/DTD/xhtml1-strict.dtd">
<html xmlns="http://www.w3.org/1999/xhtml" xml:lang="" lang="">
<head>
  <title>Test Results Report - ACF TEST CASES</title>
  <meta http-equiv="Content-Type" content="text/html;charset=utf-8" />
  <meta name="description" content="TestNG unit test results." />
  <link href="reportng.css" rel="stylesheet" type="text/css" />
    <script type="text/javascript" src="reportng.js"></script>
</head>
<body>
<h1>ACF TEST CASES</h1>
<p>
  Test duration: 1788.536s
</p>



  <table class="resultsTable">
    <tr><th colspan="3" class="header failed">Failed Tests</th></tr>
          <tr>
        <td colspan="3" class="group">configuration.ACF_testcases</td>
      </tr>
            
<tr>
  <td class="method">
                  create_an_acf_data_type_decimal_field_type_select
      </td>
  <td class="duration">
    111.349s
  </td>
  <td class="result">
        
    
        

        <a href="javascript:toggleElement('exception-0', 'block')" title="Click to expand/collapse"><b>java.lang.AssertionError: expected [MMS - Advanced Custom Field Groups] but found [MMS - Advanced Custom Field Groups - Add]</b></a><br />
    <div class="stackTrace" id="exception-0">
              org.testng.Assert.fail(Assert.java:94)<br />
              org.testng.Assert.failNotEquals(Assert.java:513)<br />
              org.testng.Assert.assertEqualsImpl(Assert.java:135)<br />
              org.testng.Assert.assertEquals(Assert.java:116)<br />
              org.testng.Assert.assertEquals(Assert.java:190)<br />
              org.testng.Assert.assertEquals(Assert.java:200)<br />
              configuration.ACFAddPage.clickSubmitButton(ACFAddPage.java:277)<br />
              configuration.ACF_testcases.create_an_acf_data_type_decimal_field_type_select(ACF_testcases.java:274)<br />
              sun.reflect.NativeMethodAccessorImpl.invoke0(Native Method)<br />
              sun.reflect.NativeMethodAccessorImpl.invoke(Unknown Source)<br />
              sun.reflect.DelegatingMethodAccessorImpl.invoke(Unknown Source)<br />
              java.lang.reflect.Method.invoke(Unknown Source)<br />
              org.testng.internal.MethodInvocationHelper.invokeMethod(MethodInvocationHelper.java:100)<br />
              org.testng.internal.Invoker.invokeMethod(Invoker.java:646)<br />
              org.testng.internal.Invoker.invokeTestMethod(Invoker.java:811)<br />
              org.testng.internal.Invoker.invokeTestMethods(Invoker.java:1137)<br />
              org.testng.internal.TestMethodWorker.invokeTestMethods(TestMethodWorker.java:129)<br />
              org.testng.internal.TestMethodWorker.run(TestMethodWorker.java:112)<br />
              org.testng.TestRunner.privateRun(TestRunner.java:753)<br />
              org.testng.TestRunner.run(TestRunner.java:607)<br />
              org.testng.SuiteRunner.runTest(SuiteRunner.java:368)<br />
              org.testng.SuiteRunner.access$000(SuiteRunner.java:39)<br />
              org.testng.SuiteRunner$SuiteWorker.run(SuiteRunner.java:402)<br />
              org.testng.internal.thread.ThreadUtil$2.call(ThreadUtil.java:64)<br />
              java.util.concurrent.FutureTask.run(Unknown Source)<br />
              java.util.concurrent.ThreadPoolExecutor.runWorker(Unknown Source)<br />
              java.util.concurrent.ThreadPoolExecutor$Worker.run(Unknown Source)<br />
              java.lang.Thread.run(Unknown Source)<br />
                </div>
      </td>
</tr>
<tr>
  <td class="method">
                  create_an_acf_data_type_int_field_type_select
      </td>
  <td class="duration">
    111.070s
  </td>
  <td class="result">
        
    
        

        <a href="javascript:toggleElement('exception-1', 'block')" title="Click to expand/collapse"><b>java.lang.AssertionError: expected [MMS - Advanced Custom Field Groups] but found [MMS - Advanced Custom Field Groups - Add]</b></a><br />
    <div class="stackTrace" id="exception-1">
              org.testng.Assert.fail(Assert.java:94)<br />
              org.testng.Assert.failNotEquals(Assert.java:513)<br />
              org.testng.Assert.assertEqualsImpl(Assert.java:135)<br />
              org.testng.Assert.assertEquals(Assert.java:116)<br />
              org.testng.Assert.assertEquals(Assert.java:190)<br />
              org.testng.Assert.assertEquals(Assert.java:200)<br />
              configuration.ACFAddPage.clickSubmitButton(ACFAddPage.java:277)<br />
              configuration.ACF_testcases.create_an_acf_data_type_int_field_type_select(ACF_testcases.java:64)<br />
              sun.reflect.NativeMethodAccessorImpl.invoke0(Native Method)<br />
              sun.reflect.NativeMethodAccessorImpl.invoke(Unknown Source)<br />
              sun.reflect.DelegatingMethodAccessorImpl.invoke(Unknown Source)<br />
              java.lang.reflect.Method.invoke(Unknown Source)<br />
              org.testng.internal.MethodInvocationHelper.invokeMethod(MethodInvocationHelper.java:100)<br />
              org.testng.internal.Invoker.invokeMethod(Invoker.java:646)<br />
              org.testng.internal.Invoker.invokeTestMethod(Invoker.java:811)<br />
              org.testng.internal.Invoker.invokeTestMethods(Invoker.java:1137)<br />
              org.testng.internal.TestMethodWorker.invokeTestMethods(TestMethodWorker.java:129)<br />
              org.testng.internal.TestMethodWorker.run(TestMethodWorker.java:112)<br />
              org.testng.TestRunner.privateRun(TestRunner.java:753)<br />
              org.testng.TestRunner.run(TestRunner.java:607)<br />
              org.testng.SuiteRunner.runTest(SuiteRunner.java:368)<br />
              org.testng.SuiteRunner.access$000(SuiteRunner.java:39)<br />
              org.testng.SuiteRunner$SuiteWorker.run(SuiteRunner.java:402)<br />
              org.testng.internal.thread.ThreadUtil$2.call(ThreadUtil.java:64)<br />
              java.util.concurrent.FutureTask.run(Unknown Source)<br />
              java.util.concurrent.ThreadPoolExecutor.runWorker(Unknown Source)<br />
              java.util.concurrent.ThreadPoolExecutor$Worker.run(Unknown Source)<br />
              java.lang.Thread.run(Unknown Source)<br />
                </div>
      </td>
</tr>
<tr>
  <td class="method">
                  create_an_acf_data_type_varchar_field_type_select
      </td>
  <td class="duration">
    111.206s
  </td>
  <td class="result">
        
    
        

        <a href="javascript:toggleElement('exception-2', 'block')" title="Click to expand/collapse"><b>java.lang.AssertionError: expected [MMS - Advanced Custom Field Groups] but found [MMS - Advanced Custom Field Groups - Add]</b></a><br />
    <div class="stackTrace" id="exception-2">
              org.testng.Assert.fail(Assert.java:94)<br />
              org.testng.Assert.failNotEquals(Assert.java:513)<br />
              org.testng.Assert.assertEqualsImpl(Assert.java:135)<br />
              org.testng.Assert.assertEquals(Assert.java:116)<br />
              org.testng.Assert.assertEquals(Assert.java:190)<br />
              org.testng.Assert.assertEquals(Assert.java:200)<br />
              configuration.ACFAddPage.clickSubmitButton(ACFAddPage.java:277)<br />
              configuration.ACF_testcases.create_an_acf_data_type_varchar_field_type_select(ACF_testcases.java:204)<br />
              sun.reflect.NativeMethodAccessorImpl.invoke0(Native Method)<br />
              sun.reflect.NativeMethodAccessorImpl.invoke(Unknown Source)<br />
              sun.reflect.DelegatingMethodAccessorImpl.invoke(Unknown Source)<br />
              java.lang.reflect.Method.invoke(Unknown Source)<br />
              org.testng.internal.MethodInvocationHelper.invokeMethod(MethodInvocationHelper.java:100)<br />
              org.testng.internal.Invoker.invokeMethod(Invoker.java:646)<br />
              org.testng.internal.Invoker.invokeTestMethod(Invoker.java:811)<br />
              org.testng.internal.Invoker.invokeTestMethods(Invoker.java:1137)<br />
              org.testng.internal.TestMethodWorker.invokeTestMethods(TestMethodWorker.java:129)<br />
              org.testng.internal.TestMethodWorker.run(TestMethodWorker.java:112)<br />
              org.testng.TestRunner.privateRun(TestRunner.java:753)<br />
              org.testng.TestRunner.run(TestRunner.java:607)<br />
              org.testng.SuiteRunner.runTest(SuiteRunner.java:368)<br />
              org.testng.SuiteRunner.access$000(SuiteRunner.java:39)<br />
              org.testng.SuiteRunner$SuiteWorker.run(SuiteRunner.java:402)<br />
              org.testng.internal.thread.ThreadUtil$2.call(ThreadUtil.java:64)<br />
              java.util.concurrent.FutureTask.run(Unknown Source)<br />
              java.util.concurrent.ThreadPoolExecutor.runWorker(Unknown Source)<br />
              java.util.concurrent.ThreadPoolExecutor$Worker.run(Unknown Source)<br />
              java.lang.Thread.run(Unknown Source)<br />
                </div>
      </td>
</tr>
      </table>


  <table class="resultsTable">
    <tr><th colspan="3" class="header passed">Passed Tests</th></tr>
          <tr>
        <td colspan="3" class="group">configuration.ACF_testcases</td>
      </tr>
            
<tr>
  <td class="method">
                  click_cancel_in_acf_add_page
      </td>
  <td class="duration">
    43.841s
  </td>
  <td class="result">
        
    
        

      </td>
</tr>
<tr>
  <td class="method">
                  create_a_new_acf_without_field_instructions
      </td>
  <td class="duration">
    106.415s
  </td>
  <td class="result">
        
    
        

      </td>
</tr>
<tr>
  <td class="method">
                  create_a_new_acf_without_field_label
      </td>
  <td class="duration">
    110.999s
  </td>
  <td class="result">
        
    
        

      </td>
</tr>
<tr>
  <td class="method">
                  create_a_new_acf_without_field_name
      </td>
  <td class="duration">
    111.139s
  </td>
  <td class="result">
        
    
        

      </td>
</tr>
<tr>
  <td class="method">
                  create_a_new_acf_without_group_name
      </td>
  <td class="duration">
    107.782s
  </td>
  <td class="result">
        
    
        

      </td>
</tr>
<tr>
  <td class="method">
                  create_a_new_acf_without_screens
      </td>
  <td class="duration">
    97.839s
  </td>
  <td class="result">
        
    
        

      </td>
</tr>
<tr>
  <td class="method">
                  create_an_acf_data_type_decimal_field_type_text
      </td>
  <td class="duration">
    138.075s
  </td>
  <td class="result">
        
    
        

      </td>
</tr>
<tr>
  <td class="method">
                  create_an_acf_data_type_int_field_type_text
      </td>
  <td class="duration">
    129.956s
  </td>
  <td class="result">
        
    
        

      </td>
</tr>
<tr>
  <td class="method">
                  create_an_acf_data_type_varchar_field_type_Wysiwyg_editor
      </td>
  <td class="duration">
    139.778s
  </td>
  <td class="result">
        
    
        

      </td>
</tr>
<tr>
  <td class="method">
                  create_an_acf_data_type_varchar_field_type_text
      </td>
  <td class="duration">
    138.251s
  </td>
  <td class="result">
        
    
        

      </td>
</tr>
<tr>
  <td class="method">
                  create_an_acf_data_type_varchar_field_type_text_area
      </td>
  <td class="duration">
    139.514s
  </td>
  <td class="result">
        
    
        

      </td>
</tr>
<tr>
  <td class="method">
                  delete_acf_from_database
      </td>
  <td class="duration">
    0.368s
  </td>
  <td class="result">
        
    
        

      </td>
</tr>
<tr>
  <td class="method">
                  return_to_acf_main_page_from_add_page
      </td>
  <td class="duration">
    41.995s
  </td>
  <td class="result">
        
    
        

      </td>
</tr>
      </table>
  
</body>
</html>
