<?xml version="1.0" encoding="utf-8" ?>
<!DOCTYPE html PUBLIC "-//W3C//DTD XHTML 1.0 Strict//EN"
        "http://www.w3.org/TR/xhtml1/DTD/xhtml1-strict.dtd">
<html xmlns="http://www.w3.org/1999/xhtml" xml:lang="" lang="">
<head>
  <title>Test Results Report - CONNECTORS TESTCASES</title>
  <meta http-equiv="Content-Type" content="text/html;charset=utf-8" />
  <meta name="description" content="TestNG unit test results." />
  <link href="reportng.css" rel="stylesheet" type="text/css" />
    <script type="text/javascript" src="reportng.js"></script>
</head>
<body>
<h1>CONNECTORS TESTCASES</h1>
<p>
  Test duration: 629.950s
</p>



  <table class="resultsTable">
    <tr><th colspan="3" class="header failed">Failed Tests</th></tr>
          <tr>
        <td colspan="3" class="group">settings.ConnectorsEdit_testcases</td>
      </tr>
            
<tr>
  <td class="method">
                  update_connector_brand
      </td>
  <td class="duration">
    35.554s
  </td>
  <td class="result">
        
    
        

        <a href="javascript:toggleElement('exception-0', 'block')" title="Click to expand/collapse"><b>org.openqa.selenium.WebDriverException: unknown error: Element is not clickable at point (1833, 1186)<br/>
&nbsp; (Session info: chrome=61.0.3163.100)<br/>
&nbsp; (Driver info: chromedriver=2.29.461591 (62ebf098771772160f391d75e589dc567915b233),platform=Windows NT 6.1.7601 SP1 x86_64) (WARNING: The server did not provide any stacktrace information)<br/>
Command duration or timeout: 116 milliseconds<br/>
Build info: version: &apos;2.53.1&apos;, revision: &apos;a36b8b1&apos;, time: &apos;2016-06-30 17:37:03&apos;<br/>
System info: host: &apos;remote-wkstn3&apos;, ip: &apos;10.16.1.107&apos;, os.name: &apos;Windows 7&apos;, os.arch: &apos;amd64&apos;, os.version: &apos;6.1&apos;, java.version: &apos;1.8.0_121&apos;<br/>
Driver info: org.openqa.selenium.chrome.ChromeDriver<br/>
Capabilities [{applicationCacheEnabled=false, rotatable=false, mobileEmulationEnabled=false, networkConnectionEnabled=false, chrome={chromedriverVersion=2.29.461591 (62ebf098771772160f391d75e589dc567915b233), userDataDir=C:\Users\ARJUN~1.KAR\AppData\Local\Temp\scoped_dir48720_5575}, takesHeapSnapshot=true, pageLoadStrategy=normal, databaseEnabled=false, handlesAlerts=true, hasTouchScreen=false, version=61.0.3163.100, platform=XP, browserConnectionEnabled=false, nativeEvents=true, acceptSslCerts=true, locationContextEnabled=true, webStorageEnabled=true, browserName=chrome, takesScreenshot=true, javascriptEnabled=true, cssSelectorsEnabled=true, unexpectedAlertBehaviour=accept}]<br/>
Session ID: 8f07a1008cd953684409c440910e3696</b></a><br />
    <div class="stackTrace" id="exception-0">
              sun.reflect.GeneratedConstructorAccessor14.newInstance(Unknown Source)<br />
              sun.reflect.DelegatingConstructorAccessorImpl.newInstance(DelegatingConstructorAccessorImpl.java:45)<br />
              java.lang.reflect.Constructor.newInstance(Constructor.java:423)<br />
              org.openqa.selenium.remote.ErrorHandler.createThrowable(ErrorHandler.java:206)<br />
              org.openqa.selenium.remote.ErrorHandler.throwIfResponseFailed(ErrorHandler.java:158)<br />
              org.openqa.selenium.remote.RemoteWebDriver.execute(RemoteWebDriver.java:678)<br />
              org.openqa.selenium.remote.RemoteWebElement.execute(RemoteWebElement.java:327)<br />
              org.openqa.selenium.remote.RemoteWebElement.click(RemoteWebElement.java:85)<br />
              settings.ConnectorsEditPage.submit(ConnectorsEditPage.java:152)<br />
              settings.ConnectorsEdit_testcases.update_connector_brand(ConnectorsEdit_testcases.java:54)<br />
              sun.reflect.NativeMethodAccessorImpl.invoke0(Native Method)<br />
              sun.reflect.NativeMethodAccessorImpl.invoke(NativeMethodAccessorImpl.java:62)<br />
              sun.reflect.DelegatingMethodAccessorImpl.invoke(DelegatingMethodAccessorImpl.java:43)<br />
              java.lang.reflect.Method.invoke(Method.java:498)<br />
              org.testng.internal.MethodInvocationHelper.invokeMethod(MethodInvocationHelper.java:104)<br />
              org.testng.internal.Invoker.invokeMethod(Invoker.java:645)<br />
              org.testng.internal.Invoker.invokeTestMethod(Invoker.java:851)<br />
              org.testng.internal.Invoker.invokeTestMethods(Invoker.java:1177)<br />
              org.testng.internal.TestMethodWorker.invokeTestMethods(TestMethodWorker.java:129)<br />
              org.testng.internal.TestMethodWorker.run(TestMethodWorker.java:112)<br />
              org.testng.TestRunner.privateRun(TestRunner.java:756)<br />
              org.testng.TestRunner.run(TestRunner.java:610)<br />
              org.testng.SuiteRunner.runTest(SuiteRunner.java:387)<br />
              org.testng.SuiteRunner.access$000(SuiteRunner.java:39)<br />
              org.testng.SuiteRunner$SuiteWorker.run(SuiteRunner.java:421)<br />
              org.testng.internal.thread.ThreadUtil$2.call(ThreadUtil.java:64)<br />
              java.util.concurrent.FutureTask.run(FutureTask.java:266)<br />
              java.util.concurrent.ThreadPoolExecutor.runWorker(ThreadPoolExecutor.java:1142)<br />
              java.util.concurrent.ThreadPoolExecutor$Worker.run(ThreadPoolExecutor.java:617)<br />
              java.lang.Thread.run(Thread.java:745)<br />
                </div>
      </td>
</tr>
<tr>
  <td class="method">
                  update_connector_brand_previous
      </td>
  <td class="duration">
    34.704s
  </td>
  <td class="result">
        
    
        

        <a href="javascript:toggleElement('exception-1', 'block')" title="Click to expand/collapse"><b>org.openqa.selenium.WebDriverException: unknown error: Element is not clickable at point (1833, 1186)<br/>
&nbsp; (Session info: chrome=61.0.3163.100)<br/>
&nbsp; (Driver info: chromedriver=2.29.461591 (62ebf098771772160f391d75e589dc567915b233),platform=Windows NT 6.1.7601 SP1 x86_64) (WARNING: The server did not provide any stacktrace information)<br/>
Command duration or timeout: 235 milliseconds<br/>
Build info: version: &apos;2.53.1&apos;, revision: &apos;a36b8b1&apos;, time: &apos;2016-06-30 17:37:03&apos;<br/>
System info: host: &apos;remote-wkstn3&apos;, ip: &apos;10.16.1.107&apos;, os.name: &apos;Windows 7&apos;, os.arch: &apos;amd64&apos;, os.version: &apos;6.1&apos;, java.version: &apos;1.8.0_121&apos;<br/>
Driver info: org.openqa.selenium.chrome.ChromeDriver<br/>
Capabilities [{applicationCacheEnabled=false, rotatable=false, mobileEmulationEnabled=false, networkConnectionEnabled=false, chrome={chromedriverVersion=2.29.461591 (62ebf098771772160f391d75e589dc567915b233), userDataDir=C:\Users\ARJUN~1.KAR\AppData\Local\Temp\scoped_dir15476_1672}, takesHeapSnapshot=true, pageLoadStrategy=normal, databaseEnabled=false, handlesAlerts=true, hasTouchScreen=false, version=61.0.3163.100, platform=XP, browserConnectionEnabled=false, nativeEvents=true, acceptSslCerts=true, locationContextEnabled=true, webStorageEnabled=true, browserName=chrome, takesScreenshot=true, javascriptEnabled=true, cssSelectorsEnabled=true, unexpectedAlertBehaviour=accept}]<br/>
Session ID: e4f8f57aa8bebe2f7c6fb076c39a1a9b</b></a><br />
    <div class="stackTrace" id="exception-1">
              sun.reflect.GeneratedConstructorAccessor14.newInstance(Unknown Source)<br />
              sun.reflect.DelegatingConstructorAccessorImpl.newInstance(DelegatingConstructorAccessorImpl.java:45)<br />
              java.lang.reflect.Constructor.newInstance(Constructor.java:423)<br />
              org.openqa.selenium.remote.ErrorHandler.createThrowable(ErrorHandler.java:206)<br />
              org.openqa.selenium.remote.ErrorHandler.throwIfResponseFailed(ErrorHandler.java:158)<br />
              org.openqa.selenium.remote.RemoteWebDriver.execute(RemoteWebDriver.java:678)<br />
              org.openqa.selenium.remote.RemoteWebElement.execute(RemoteWebElement.java:327)<br />
              org.openqa.selenium.remote.RemoteWebElement.click(RemoteWebElement.java:85)<br />
              settings.ConnectorsEditPage.submit(ConnectorsEditPage.java:152)<br />
              settings.ConnectorsEdit_testcases.update_connector_brand_previous(ConnectorsEdit_testcases.java:69)<br />
              sun.reflect.NativeMethodAccessorImpl.invoke0(Native Method)<br />
              sun.reflect.NativeMethodAccessorImpl.invoke(NativeMethodAccessorImpl.java:62)<br />
              sun.reflect.DelegatingMethodAccessorImpl.invoke(DelegatingMethodAccessorImpl.java:43)<br />
              java.lang.reflect.Method.invoke(Method.java:498)<br />
              org.testng.internal.MethodInvocationHelper.invokeMethod(MethodInvocationHelper.java:104)<br />
              org.testng.internal.Invoker.invokeMethod(Invoker.java:645)<br />
              org.testng.internal.Invoker.invokeTestMethod(Invoker.java:851)<br />
              org.testng.internal.Invoker.invokeTestMethods(Invoker.java:1177)<br />
              org.testng.internal.TestMethodWorker.invokeTestMethods(TestMethodWorker.java:129)<br />
              org.testng.internal.TestMethodWorker.run(TestMethodWorker.java:112)<br />
              org.testng.TestRunner.privateRun(TestRunner.java:756)<br />
              org.testng.TestRunner.run(TestRunner.java:610)<br />
              org.testng.SuiteRunner.runTest(SuiteRunner.java:387)<br />
              org.testng.SuiteRunner.access$000(SuiteRunner.java:39)<br />
              org.testng.SuiteRunner$SuiteWorker.run(SuiteRunner.java:421)<br />
              org.testng.internal.thread.ThreadUtil$2.call(ThreadUtil.java:64)<br />
              java.util.concurrent.FutureTask.run(FutureTask.java:266)<br />
              java.util.concurrent.ThreadPoolExecutor.runWorker(ThreadPoolExecutor.java:1142)<br />
              java.util.concurrent.ThreadPoolExecutor$Worker.run(ThreadPoolExecutor.java:617)<br />
              java.lang.Thread.run(Thread.java:745)<br />
                </div>
      </td>
</tr>
<tr>
  <td class="method">
                  update_connector_name
      </td>
  <td class="duration">
    27.092s
  </td>
  <td class="result">
        
    
        

        <a href="javascript:toggleElement('exception-2', 'block')" title="Click to expand/collapse"><b>org.openqa.selenium.WebDriverException: unknown error: Element is not clickable at point (1833, 1186)<br/>
&nbsp; (Session info: chrome=61.0.3163.100)<br/>
&nbsp; (Driver info: chromedriver=2.29.461591 (62ebf098771772160f391d75e589dc567915b233),platform=Windows NT 6.1.7601 SP1 x86_64) (WARNING: The server did not provide any stacktrace information)<br/>
Command duration or timeout: 113 milliseconds<br/>
Build info: version: &apos;2.53.1&apos;, revision: &apos;a36b8b1&apos;, time: &apos;2016-06-30 17:37:03&apos;<br/>
System info: host: &apos;remote-wkstn3&apos;, ip: &apos;10.16.1.107&apos;, os.name: &apos;Windows 7&apos;, os.arch: &apos;amd64&apos;, os.version: &apos;6.1&apos;, java.version: &apos;1.8.0_121&apos;<br/>
Driver info: org.openqa.selenium.chrome.ChromeDriver<br/>
Capabilities [{applicationCacheEnabled=false, rotatable=false, mobileEmulationEnabled=false, networkConnectionEnabled=false, chrome={chromedriverVersion=2.29.461591 (62ebf098771772160f391d75e589dc567915b233), userDataDir=C:\Users\ARJUN~1.KAR\AppData\Local\Temp\scoped_dir14164_16744}, takesHeapSnapshot=true, pageLoadStrategy=normal, databaseEnabled=false, handlesAlerts=true, hasTouchScreen=false, version=61.0.3163.100, platform=XP, browserConnectionEnabled=false, nativeEvents=true, acceptSslCerts=true, locationContextEnabled=true, webStorageEnabled=true, browserName=chrome, takesScreenshot=true, javascriptEnabled=true, cssSelectorsEnabled=true, unexpectedAlertBehaviour=accept}]<br/>
Session ID: 747cf6305b555baa7768ddf99d36c7d0</b></a><br />
    <div class="stackTrace" id="exception-2">
              sun.reflect.GeneratedConstructorAccessor14.newInstance(Unknown Source)<br />
              sun.reflect.DelegatingConstructorAccessorImpl.newInstance(DelegatingConstructorAccessorImpl.java:45)<br />
              java.lang.reflect.Constructor.newInstance(Constructor.java:423)<br />
              org.openqa.selenium.remote.ErrorHandler.createThrowable(ErrorHandler.java:206)<br />
              org.openqa.selenium.remote.ErrorHandler.throwIfResponseFailed(ErrorHandler.java:158)<br />
              org.openqa.selenium.remote.RemoteWebDriver.execute(RemoteWebDriver.java:678)<br />
              org.openqa.selenium.remote.RemoteWebElement.execute(RemoteWebElement.java:327)<br />
              org.openqa.selenium.remote.RemoteWebElement.click(RemoteWebElement.java:85)<br />
              settings.ConnectorsEditPage.submit(ConnectorsEditPage.java:152)<br />
              settings.ConnectorsEdit_testcases.update_connector_name(ConnectorsEdit_testcases.java:27)<br />
              sun.reflect.NativeMethodAccessorImpl.invoke0(Native Method)<br />
              sun.reflect.NativeMethodAccessorImpl.invoke(NativeMethodAccessorImpl.java:62)<br />
              sun.reflect.DelegatingMethodAccessorImpl.invoke(DelegatingMethodAccessorImpl.java:43)<br />
              java.lang.reflect.Method.invoke(Method.java:498)<br />
              org.testng.internal.MethodInvocationHelper.invokeMethod(MethodInvocationHelper.java:104)<br />
              org.testng.internal.Invoker.invokeMethod(Invoker.java:645)<br />
              org.testng.internal.Invoker.invokeTestMethod(Invoker.java:851)<br />
              org.testng.internal.Invoker.invokeTestMethods(Invoker.java:1177)<br />
              org.testng.internal.TestMethodWorker.invokeTestMethods(TestMethodWorker.java:129)<br />
              org.testng.internal.TestMethodWorker.run(TestMethodWorker.java:112)<br />
              org.testng.TestRunner.privateRun(TestRunner.java:756)<br />
              org.testng.TestRunner.run(TestRunner.java:610)<br />
              org.testng.SuiteRunner.runTest(SuiteRunner.java:387)<br />
              org.testng.SuiteRunner.access$000(SuiteRunner.java:39)<br />
              org.testng.SuiteRunner$SuiteWorker.run(SuiteRunner.java:421)<br />
              org.testng.internal.thread.ThreadUtil$2.call(ThreadUtil.java:64)<br />
              java.util.concurrent.FutureTask.run(FutureTask.java:266)<br />
              java.util.concurrent.ThreadPoolExecutor.runWorker(ThreadPoolExecutor.java:1142)<br />
              java.util.concurrent.ThreadPoolExecutor$Worker.run(ThreadPoolExecutor.java:617)<br />
              java.lang.Thread.run(Thread.java:745)<br />
                </div>
      </td>
</tr>
<tr>
  <td class="method">
                  update_connector_name_previous
      </td>
  <td class="duration">
    30.698s
  </td>
  <td class="result">
        
    
        

        <a href="javascript:toggleElement('exception-3', 'block')" title="Click to expand/collapse"><b>org.openqa.selenium.NoSuchElementException: no such element: Unable to locate element: {&quot;method&quot;:&quot;xpath&quot;,&quot;selector&quot;:&quot;//i[@class=&apos;fa fa-pencil-square-o&apos;]&quot;}<br/>
&nbsp; (Session info: chrome=61.0.3163.100)<br/>
&nbsp; (Driver info: chromedriver=2.29.461591 (62ebf098771772160f391d75e589dc567915b233),platform=Windows NT 6.1.7601 SP1 x86_64) (WARNING: The server did not provide any stacktrace information)<br/>
Command duration or timeout: 10.04 seconds<br/>
For documentation on this error, please visit: http://seleniumhq.org/exceptions/no_such_element.html<br/>
Build info: version: &apos;2.53.1&apos;, revision: &apos;a36b8b1&apos;, time: &apos;2016-06-30 17:37:03&apos;<br/>
System info: host: &apos;remote-wkstn3&apos;, ip: &apos;10.16.1.107&apos;, os.name: &apos;Windows 7&apos;, os.arch: &apos;amd64&apos;, os.version: &apos;6.1&apos;, java.version: &apos;1.8.0_121&apos;<br/>
Driver info: org.openqa.selenium.chrome.ChromeDriver<br/>
Capabilities [{applicationCacheEnabled=false, rotatable=false, mobileEmulationEnabled=false, networkConnectionEnabled=false, chrome={chromedriverVersion=2.29.461591 (62ebf098771772160f391d75e589dc567915b233), userDataDir=C:\Users\ARJUN~1.KAR\AppData\Local\Temp\scoped_dir31936_25550}, takesHeapSnapshot=true, pageLoadStrategy=normal, databaseEnabled=false, handlesAlerts=true, hasTouchScreen=false, version=61.0.3163.100, platform=XP, browserConnectionEnabled=false, nativeEvents=true, acceptSslCerts=true, locationContextEnabled=true, webStorageEnabled=true, browserName=chrome, takesScreenshot=true, javascriptEnabled=true, cssSelectorsEnabled=true, unexpectedAlertBehaviour=accept}]<br/>
Session ID: 0a82189d59b1141fb94809e312eccff8<br/>
*** Element info: {Using=xpath, value=//i[@class=&apos;fa fa-pencil-square-o&apos;]}</b></a><br />
    <div class="stackTrace" id="exception-3">
              sun.reflect.GeneratedConstructorAccessor29.newInstance(Unknown Source)<br />
              sun.reflect.DelegatingConstructorAccessorImpl.newInstance(DelegatingConstructorAccessorImpl.java:45)<br />
              java.lang.reflect.Constructor.newInstance(Constructor.java:423)<br />
              org.openqa.selenium.remote.ErrorHandler.createThrowable(ErrorHandler.java:206)<br />
              org.openqa.selenium.remote.ErrorHandler.throwIfResponseFailed(ErrorHandler.java:158)<br />
              org.openqa.selenium.remote.RemoteWebDriver.execute(RemoteWebDriver.java:678)<br />
              org.openqa.selenium.remote.RemoteWebDriver.findElement(RemoteWebDriver.java:363)<br />
              org.openqa.selenium.remote.RemoteWebDriver.findElementByXPath(RemoteWebDriver.java:500)<br />
              org.openqa.selenium.By$ByXPath.findElement(By.java:361)<br />
              org.openqa.selenium.remote.RemoteWebDriver.findElement(RemoteWebDriver.java:355)<br />
              settings.ConnectorsPage.editConnector(ConnectorsPage.java:155)<br />
              settings.ConnectorsEdit_testcases.update_connector_name_previous(ConnectorsEdit_testcases.java:38)<br />
              sun.reflect.NativeMethodAccessorImpl.invoke0(Native Method)<br />
              sun.reflect.NativeMethodAccessorImpl.invoke(NativeMethodAccessorImpl.java:62)<br />
              sun.reflect.DelegatingMethodAccessorImpl.invoke(DelegatingMethodAccessorImpl.java:43)<br />
              java.lang.reflect.Method.invoke(Method.java:498)<br />
              org.testng.internal.MethodInvocationHelper.invokeMethod(MethodInvocationHelper.java:104)<br />
              org.testng.internal.Invoker.invokeMethod(Invoker.java:645)<br />
              org.testng.internal.Invoker.invokeTestMethod(Invoker.java:851)<br />
              org.testng.internal.Invoker.invokeTestMethods(Invoker.java:1177)<br />
              org.testng.internal.TestMethodWorker.invokeTestMethods(TestMethodWorker.java:129)<br />
              org.testng.internal.TestMethodWorker.run(TestMethodWorker.java:112)<br />
              org.testng.TestRunner.privateRun(TestRunner.java:756)<br />
              org.testng.TestRunner.run(TestRunner.java:610)<br />
              org.testng.SuiteRunner.runTest(SuiteRunner.java:387)<br />
              org.testng.SuiteRunner.access$000(SuiteRunner.java:39)<br />
              org.testng.SuiteRunner$SuiteWorker.run(SuiteRunner.java:421)<br />
              org.testng.internal.thread.ThreadUtil$2.call(ThreadUtil.java:64)<br />
              java.util.concurrent.FutureTask.run(FutureTask.java:266)<br />
              java.util.concurrent.ThreadPoolExecutor.runWorker(ThreadPoolExecutor.java:1142)<br />
              java.util.concurrent.ThreadPoolExecutor$Worker.run(ThreadPoolExecutor.java:617)<br />
              java.lang.Thread.run(Thread.java:745)<br />
                </div>
      </td>
</tr>
<tr>
  <td class="method">
                  update_connector_program
      </td>
  <td class="duration">
    14.325s
  </td>
  <td class="result">
        
    
        

        <a href="javascript:toggleElement('exception-4', 'block')" title="Click to expand/collapse"><b>java.lang.AssertionError: expected [null] but found [CODA - Connectors]</b></a><br />
    <div class="stackTrace" id="exception-4">
              org.testng.Assert.fail(Assert.java:94)<br />
              org.testng.Assert.failNotEquals(Assert.java:513)<br />
              org.testng.Assert.assertEqualsImpl(Assert.java:130)<br />
              org.testng.Assert.assertEquals(Assert.java:116)<br />
              org.testng.Assert.assertEquals(Assert.java:190)<br />
              org.testng.Assert.assertEquals(Assert.java:200)<br />
              login.DashboardPage.clickConnectors(DashboardPage.java:418)<br />
              settings.ConnectorsEdit_testcases.update_connector_program(ConnectorsEdit_testcases.java:79)<br />
              sun.reflect.NativeMethodAccessorImpl.invoke0(Native Method)<br />
              sun.reflect.NativeMethodAccessorImpl.invoke(NativeMethodAccessorImpl.java:62)<br />
              sun.reflect.DelegatingMethodAccessorImpl.invoke(DelegatingMethodAccessorImpl.java:43)<br />
              java.lang.reflect.Method.invoke(Method.java:498)<br />
              org.testng.internal.MethodInvocationHelper.invokeMethod(MethodInvocationHelper.java:104)<br />
              org.testng.internal.Invoker.invokeMethod(Invoker.java:645)<br />
              org.testng.internal.Invoker.invokeTestMethod(Invoker.java:851)<br />
              org.testng.internal.Invoker.invokeTestMethods(Invoker.java:1177)<br />
              org.testng.internal.TestMethodWorker.invokeTestMethods(TestMethodWorker.java:129)<br />
              org.testng.internal.TestMethodWorker.run(TestMethodWorker.java:112)<br />
              org.testng.TestRunner.privateRun(TestRunner.java:756)<br />
              org.testng.TestRunner.run(TestRunner.java:610)<br />
              org.testng.SuiteRunner.runTest(SuiteRunner.java:387)<br />
              org.testng.SuiteRunner.access$000(SuiteRunner.java:39)<br />
              org.testng.SuiteRunner$SuiteWorker.run(SuiteRunner.java:421)<br />
              org.testng.internal.thread.ThreadUtil$2.call(ThreadUtil.java:64)<br />
              java.util.concurrent.FutureTask.run(FutureTask.java:266)<br />
              java.util.concurrent.ThreadPoolExecutor.runWorker(ThreadPoolExecutor.java:1142)<br />
              java.util.concurrent.ThreadPoolExecutor$Worker.run(ThreadPoolExecutor.java:617)<br />
              java.lang.Thread.run(Thread.java:745)<br />
                </div>
      </td>
</tr>
<tr>
  <td class="method">
                  update_connector_program_previous
      </td>
  <td class="duration">
    32.053s
  </td>
  <td class="result">
        
    
        

        <a href="javascript:toggleElement('exception-5', 'block')" title="Click to expand/collapse"><b>org.openqa.selenium.WebDriverException: unknown error: Element is not clickable at point (1833, 1186)<br/>
&nbsp; (Session info: chrome=61.0.3163.100)<br/>
&nbsp; (Driver info: chromedriver=2.29.461591 (62ebf098771772160f391d75e589dc567915b233),platform=Windows NT 6.1.7601 SP1 x86_64) (WARNING: The server did not provide any stacktrace information)<br/>
Command duration or timeout: 100 milliseconds<br/>
Build info: version: &apos;2.53.1&apos;, revision: &apos;a36b8b1&apos;, time: &apos;2016-06-30 17:37:03&apos;<br/>
System info: host: &apos;remote-wkstn3&apos;, ip: &apos;10.16.1.107&apos;, os.name: &apos;Windows 7&apos;, os.arch: &apos;amd64&apos;, os.version: &apos;6.1&apos;, java.version: &apos;1.8.0_121&apos;<br/>
Driver info: org.openqa.selenium.chrome.ChromeDriver<br/>
Capabilities [{applicationCacheEnabled=false, rotatable=false, mobileEmulationEnabled=false, networkConnectionEnabled=false, chrome={chromedriverVersion=2.29.461591 (62ebf098771772160f391d75e589dc567915b233), userDataDir=C:\Users\ARJUN~1.KAR\AppData\Local\Temp\scoped_dir30864_30771}, takesHeapSnapshot=true, pageLoadStrategy=normal, databaseEnabled=false, handlesAlerts=true, hasTouchScreen=false, version=61.0.3163.100, platform=XP, browserConnectionEnabled=false, nativeEvents=true, acceptSslCerts=true, locationContextEnabled=true, webStorageEnabled=true, browserName=chrome, takesScreenshot=true, javascriptEnabled=true, cssSelectorsEnabled=true, unexpectedAlertBehaviour=accept}]<br/>
Session ID: 71fc09d7124cf422555cce326e9ceb90</b></a><br />
    <div class="stackTrace" id="exception-5">
              sun.reflect.GeneratedConstructorAccessor14.newInstance(Unknown Source)<br />
              sun.reflect.DelegatingConstructorAccessorImpl.newInstance(DelegatingConstructorAccessorImpl.java:45)<br />
              java.lang.reflect.Constructor.newInstance(Constructor.java:423)<br />
              org.openqa.selenium.remote.ErrorHandler.createThrowable(ErrorHandler.java:206)<br />
              org.openqa.selenium.remote.ErrorHandler.throwIfResponseFailed(ErrorHandler.java:158)<br />
              org.openqa.selenium.remote.RemoteWebDriver.execute(RemoteWebDriver.java:678)<br />
              org.openqa.selenium.remote.RemoteWebElement.execute(RemoteWebElement.java:327)<br />
              org.openqa.selenium.remote.RemoteWebElement.click(RemoteWebElement.java:85)<br />
              settings.ConnectorsEditPage.submit(ConnectorsEditPage.java:152)<br />
              settings.ConnectorsEdit_testcases.update_connector_program_previous(ConnectorsEdit_testcases.java:97)<br />
              sun.reflect.NativeMethodAccessorImpl.invoke0(Native Method)<br />
              sun.reflect.NativeMethodAccessorImpl.invoke(NativeMethodAccessorImpl.java:62)<br />
              sun.reflect.DelegatingMethodAccessorImpl.invoke(DelegatingMethodAccessorImpl.java:43)<br />
              java.lang.reflect.Method.invoke(Method.java:498)<br />
              org.testng.internal.MethodInvocationHelper.invokeMethod(MethodInvocationHelper.java:104)<br />
              org.testng.internal.Invoker.invokeMethod(Invoker.java:645)<br />
              org.testng.internal.Invoker.invokeTestMethod(Invoker.java:851)<br />
              org.testng.internal.Invoker.invokeTestMethods(Invoker.java:1177)<br />
              org.testng.internal.TestMethodWorker.invokeTestMethods(TestMethodWorker.java:129)<br />
              org.testng.internal.TestMethodWorker.run(TestMethodWorker.java:112)<br />
              org.testng.TestRunner.privateRun(TestRunner.java:756)<br />
              org.testng.TestRunner.run(TestRunner.java:610)<br />
              org.testng.SuiteRunner.runTest(SuiteRunner.java:387)<br />
              org.testng.SuiteRunner.access$000(SuiteRunner.java:39)<br />
              org.testng.SuiteRunner$SuiteWorker.run(SuiteRunner.java:421)<br />
              org.testng.internal.thread.ThreadUtil$2.call(ThreadUtil.java:64)<br />
              java.util.concurrent.FutureTask.run(FutureTask.java:266)<br />
              java.util.concurrent.ThreadPoolExecutor.runWorker(ThreadPoolExecutor.java:1142)<br />
              java.util.concurrent.ThreadPoolExecutor$Worker.run(ThreadPoolExecutor.java:617)<br />
              java.lang.Thread.run(Thread.java:745)<br />
                </div>
      </td>
</tr>
<tr>
  <td class="method">
                  update_connector_status
      </td>
  <td class="duration">
    23.135s
  </td>
  <td class="result">
        
    
        

        <a href="javascript:toggleElement('exception-6', 'block')" title="Click to expand/collapse"><b>org.openqa.selenium.WebDriverException: unknown error: Element is not clickable at point (634, 1109)<br/>
&nbsp; (Session info: chrome=61.0.3163.100)<br/>
&nbsp; (Driver info: chromedriver=2.29.461591 (62ebf098771772160f391d75e589dc567915b233),platform=Windows NT 6.1.7601 SP1 x86_64) (WARNING: The server did not provide any stacktrace information)<br/>
Command duration or timeout: 161 milliseconds<br/>
Build info: version: &apos;2.53.1&apos;, revision: &apos;a36b8b1&apos;, time: &apos;2016-06-30 17:37:03&apos;<br/>
System info: host: &apos;remote-wkstn3&apos;, ip: &apos;10.16.1.107&apos;, os.name: &apos;Windows 7&apos;, os.arch: &apos;amd64&apos;, os.version: &apos;6.1&apos;, java.version: &apos;1.8.0_121&apos;<br/>
Driver info: org.openqa.selenium.chrome.ChromeDriver<br/>
Capabilities [{applicationCacheEnabled=false, rotatable=false, mobileEmulationEnabled=false, networkConnectionEnabled=false, chrome={chromedriverVersion=2.29.461591 (62ebf098771772160f391d75e589dc567915b233), userDataDir=C:\Users\ARJUN~1.KAR\AppData\Local\Temp\scoped_dir53284_29340}, takesHeapSnapshot=true, pageLoadStrategy=normal, databaseEnabled=false, handlesAlerts=true, hasTouchScreen=false, version=61.0.3163.100, platform=XP, browserConnectionEnabled=false, nativeEvents=true, acceptSslCerts=true, locationContextEnabled=true, webStorageEnabled=true, browserName=chrome, takesScreenshot=true, javascriptEnabled=true, cssSelectorsEnabled=true, unexpectedAlertBehaviour=accept}]<br/>
Session ID: 323a029fb4a1071aa0183d2c84395f25</b></a><br />
    <div class="stackTrace" id="exception-6">
              sun.reflect.GeneratedConstructorAccessor14.newInstance(Unknown Source)<br />
              sun.reflect.DelegatingConstructorAccessorImpl.newInstance(DelegatingConstructorAccessorImpl.java:45)<br />
              java.lang.reflect.Constructor.newInstance(Constructor.java:423)<br />
              org.openqa.selenium.remote.ErrorHandler.createThrowable(ErrorHandler.java:206)<br />
              org.openqa.selenium.remote.ErrorHandler.throwIfResponseFailed(ErrorHandler.java:158)<br />
              org.openqa.selenium.remote.RemoteWebDriver.execute(RemoteWebDriver.java:678)<br />
              org.openqa.selenium.remote.RemoteWebElement.execute(RemoteWebElement.java:327)<br />
              org.openqa.selenium.remote.RemoteWebElement.click(RemoteWebElement.java:85)<br />
              settings.ConnectorsEditPage.isActive(ConnectorsEditPage.java:124)<br />
              settings.ConnectorsEdit_testcases.update_connector_status(ConnectorsEdit_testcases.java:110)<br />
              sun.reflect.NativeMethodAccessorImpl.invoke0(Native Method)<br />
              sun.reflect.NativeMethodAccessorImpl.invoke(NativeMethodAccessorImpl.java:62)<br />
              sun.reflect.DelegatingMethodAccessorImpl.invoke(DelegatingMethodAccessorImpl.java:43)<br />
              java.lang.reflect.Method.invoke(Method.java:498)<br />
              org.testng.internal.MethodInvocationHelper.invokeMethod(MethodInvocationHelper.java:104)<br />
              org.testng.internal.Invoker.invokeMethod(Invoker.java:645)<br />
              org.testng.internal.Invoker.invokeTestMethod(Invoker.java:851)<br />
              org.testng.internal.Invoker.invokeTestMethods(Invoker.java:1177)<br />
              org.testng.internal.TestMethodWorker.invokeTestMethods(TestMethodWorker.java:129)<br />
              org.testng.internal.TestMethodWorker.run(TestMethodWorker.java:112)<br />
              org.testng.TestRunner.privateRun(TestRunner.java:756)<br />
              org.testng.TestRunner.run(TestRunner.java:610)<br />
              org.testng.SuiteRunner.runTest(SuiteRunner.java:387)<br />
              org.testng.SuiteRunner.access$000(SuiteRunner.java:39)<br />
              org.testng.SuiteRunner$SuiteWorker.run(SuiteRunner.java:421)<br />
              org.testng.internal.thread.ThreadUtil$2.call(ThreadUtil.java:64)<br />
              java.util.concurrent.FutureTask.run(FutureTask.java:266)<br />
              java.util.concurrent.ThreadPoolExecutor.runWorker(ThreadPoolExecutor.java:1142)<br />
              java.util.concurrent.ThreadPoolExecutor$Worker.run(ThreadPoolExecutor.java:617)<br />
              java.lang.Thread.run(Thread.java:745)<br />
                </div>
      </td>
</tr>
<tr>
  <td class="method">
                  update_connector_status_previous
      </td>
  <td class="duration">
    21.404s
  </td>
  <td class="result">
        
    
        

        <a href="javascript:toggleElement('exception-7', 'block')" title="Click to expand/collapse"><b>org.openqa.selenium.WebDriverException: unknown error: Element is not clickable at point (634, 1109)<br/>
&nbsp; (Session info: chrome=61.0.3163.100)<br/>
&nbsp; (Driver info: chromedriver=2.29.461591 (62ebf098771772160f391d75e589dc567915b233),platform=Windows NT 6.1.7601 SP1 x86_64) (WARNING: The server did not provide any stacktrace information)<br/>
Command duration or timeout: 166 milliseconds<br/>
Build info: version: &apos;2.53.1&apos;, revision: &apos;a36b8b1&apos;, time: &apos;2016-06-30 17:37:03&apos;<br/>
System info: host: &apos;remote-wkstn3&apos;, ip: &apos;10.16.1.107&apos;, os.name: &apos;Windows 7&apos;, os.arch: &apos;amd64&apos;, os.version: &apos;6.1&apos;, java.version: &apos;1.8.0_121&apos;<br/>
Driver info: org.openqa.selenium.chrome.ChromeDriver<br/>
Capabilities [{applicationCacheEnabled=false, rotatable=false, mobileEmulationEnabled=false, networkConnectionEnabled=false, chrome={chromedriverVersion=2.29.461591 (62ebf098771772160f391d75e589dc567915b233), userDataDir=C:\Users\ARJUN~1.KAR\AppData\Local\Temp\scoped_dir37524_4914}, takesHeapSnapshot=true, pageLoadStrategy=normal, databaseEnabled=false, handlesAlerts=true, hasTouchScreen=false, version=61.0.3163.100, platform=XP, browserConnectionEnabled=false, nativeEvents=true, acceptSslCerts=true, locationContextEnabled=true, webStorageEnabled=true, browserName=chrome, takesScreenshot=true, javascriptEnabled=true, cssSelectorsEnabled=true, unexpectedAlertBehaviour=accept}]<br/>
Session ID: 063a1d154c3687dfd5a4caf805e2b320</b></a><br />
    <div class="stackTrace" id="exception-7">
              sun.reflect.GeneratedConstructorAccessor14.newInstance(Unknown Source)<br />
              sun.reflect.DelegatingConstructorAccessorImpl.newInstance(DelegatingConstructorAccessorImpl.java:45)<br />
              java.lang.reflect.Constructor.newInstance(Constructor.java:423)<br />
              org.openqa.selenium.remote.ErrorHandler.createThrowable(ErrorHandler.java:206)<br />
              org.openqa.selenium.remote.ErrorHandler.throwIfResponseFailed(ErrorHandler.java:158)<br />
              org.openqa.selenium.remote.RemoteWebDriver.execute(RemoteWebDriver.java:678)<br />
              org.openqa.selenium.remote.RemoteWebElement.execute(RemoteWebElement.java:327)<br />
              org.openqa.selenium.remote.RemoteWebElement.click(RemoteWebElement.java:85)<br />
              settings.ConnectorsEditPage.isActive(ConnectorsEditPage.java:130)<br />
              settings.ConnectorsEdit_testcases.update_connector_status_previous(ConnectorsEdit_testcases.java:123)<br />
              sun.reflect.NativeMethodAccessorImpl.invoke0(Native Method)<br />
              sun.reflect.NativeMethodAccessorImpl.invoke(NativeMethodAccessorImpl.java:62)<br />
              sun.reflect.DelegatingMethodAccessorImpl.invoke(DelegatingMethodAccessorImpl.java:43)<br />
              java.lang.reflect.Method.invoke(Method.java:498)<br />
              org.testng.internal.MethodInvocationHelper.invokeMethod(MethodInvocationHelper.java:104)<br />
              org.testng.internal.Invoker.invokeMethod(Invoker.java:645)<br />
              org.testng.internal.Invoker.invokeTestMethod(Invoker.java:851)<br />
              org.testng.internal.Invoker.invokeTestMethods(Invoker.java:1177)<br />
              org.testng.internal.TestMethodWorker.invokeTestMethods(TestMethodWorker.java:129)<br />
              org.testng.internal.TestMethodWorker.run(TestMethodWorker.java:112)<br />
              org.testng.TestRunner.privateRun(TestRunner.java:756)<br />
              org.testng.TestRunner.run(TestRunner.java:610)<br />
              org.testng.SuiteRunner.runTest(SuiteRunner.java:387)<br />
              org.testng.SuiteRunner.access$000(SuiteRunner.java:39)<br />
              org.testng.SuiteRunner$SuiteWorker.run(SuiteRunner.java:421)<br />
              org.testng.internal.thread.ThreadUtil$2.call(ThreadUtil.java:64)<br />
              java.util.concurrent.FutureTask.run(FutureTask.java:266)<br />
              java.util.concurrent.ThreadPoolExecutor.runWorker(ThreadPoolExecutor.java:1142)<br />
              java.util.concurrent.ThreadPoolExecutor$Worker.run(ThreadPoolExecutor.java:617)<br />
              java.lang.Thread.run(Thread.java:745)<br />
                </div>
      </td>
</tr>
          <tr>
        <td colspan="3" class="group">settings.Connectors_TestCases</td>
      </tr>
            
<tr>
  <td class="method">
                  add_connector_validate
      </td>
  <td class="duration">
    33.104s
  </td>
  <td class="result">
        
    
        

        <a href="javascript:toggleElement('exception-8', 'block')" title="Click to expand/collapse"><b>org.openqa.selenium.NoSuchElementException: no such element: Unable to locate element: {&quot;method&quot;:&quot;css selector&quot;,&quot;selector&quot;:&quot;#s2id_autogen79&quot;}<br/>
&nbsp; (Session info: chrome=61.0.3163.100)<br/>
&nbsp; (Driver info: chromedriver=2.29.461591 (62ebf098771772160f391d75e589dc567915b233),platform=Windows NT 6.1.7601 SP1 x86_64) (WARNING: The server did not provide any stacktrace information)<br/>
Command duration or timeout: 10.10 seconds<br/>
For documentation on this error, please visit: http://seleniumhq.org/exceptions/no_such_element.html<br/>
Build info: version: &apos;2.53.1&apos;, revision: &apos;a36b8b1&apos;, time: &apos;2016-06-30 17:37:03&apos;<br/>
System info: host: &apos;remote-wkstn3&apos;, ip: &apos;10.16.1.107&apos;, os.name: &apos;Windows 7&apos;, os.arch: &apos;amd64&apos;, os.version: &apos;6.1&apos;, java.version: &apos;1.8.0_121&apos;<br/>
Driver info: org.openqa.selenium.chrome.ChromeDriver<br/>
Capabilities [{applicationCacheEnabled=false, rotatable=false, mobileEmulationEnabled=false, networkConnectionEnabled=false, chrome={chromedriverVersion=2.29.461591 (62ebf098771772160f391d75e589dc567915b233), userDataDir=C:\Users\ARJUN~1.KAR\AppData\Local\Temp\scoped_dir34508_17234}, takesHeapSnapshot=true, pageLoadStrategy=normal, databaseEnabled=false, handlesAlerts=true, hasTouchScreen=false, version=61.0.3163.100, platform=XP, browserConnectionEnabled=false, nativeEvents=true, acceptSslCerts=true, locationContextEnabled=true, webStorageEnabled=true, browserName=chrome, takesScreenshot=true, javascriptEnabled=true, cssSelectorsEnabled=true, unexpectedAlertBehaviour=accept}]<br/>
Session ID: f86e97184e6d3174c9177831f6227763<br/>
*** Element info: {Using=css selector, value=#s2id_autogen79}</b></a><br />
    <div class="stackTrace" id="exception-8">
              sun.reflect.GeneratedConstructorAccessor29.newInstance(Unknown Source)<br />
              sun.reflect.DelegatingConstructorAccessorImpl.newInstance(DelegatingConstructorAccessorImpl.java:45)<br />
              java.lang.reflect.Constructor.newInstance(Constructor.java:423)<br />
              org.openqa.selenium.remote.ErrorHandler.createThrowable(ErrorHandler.java:206)<br />
              org.openqa.selenium.remote.ErrorHandler.throwIfResponseFailed(ErrorHandler.java:158)<br />
              org.openqa.selenium.remote.RemoteWebDriver.execute(RemoteWebDriver.java:678)<br />
              org.openqa.selenium.remote.RemoteWebDriver.findElement(RemoteWebDriver.java:363)<br />
              org.openqa.selenium.remote.RemoteWebDriver.findElementByCssSelector(RemoteWebDriver.java:492)<br />
              org.openqa.selenium.By$ByCssSelector.findElement(By.java:430)<br />
              org.openqa.selenium.remote.RemoteWebDriver.findElement(RemoteWebDriver.java:355)<br />
              settings.ConnectorsPage.addBrand(ConnectorsPage.java:345)<br />
              settings.Connectors_TestCases.add_connector_validate(Connectors_TestCases.java:47)<br />
              sun.reflect.NativeMethodAccessorImpl.invoke0(Native Method)<br />
              sun.reflect.NativeMethodAccessorImpl.invoke(NativeMethodAccessorImpl.java:62)<br />
              sun.reflect.DelegatingMethodAccessorImpl.invoke(DelegatingMethodAccessorImpl.java:43)<br />
              java.lang.reflect.Method.invoke(Method.java:498)<br />
              org.testng.internal.MethodInvocationHelper.invokeMethod(MethodInvocationHelper.java:104)<br />
              org.testng.internal.Invoker.invokeMethod(Invoker.java:645)<br />
              org.testng.internal.Invoker.invokeTestMethod(Invoker.java:851)<br />
              org.testng.internal.Invoker.invokeTestMethods(Invoker.java:1177)<br />
              org.testng.internal.TestMethodWorker.invokeTestMethods(TestMethodWorker.java:129)<br />
              org.testng.internal.TestMethodWorker.run(TestMethodWorker.java:112)<br />
              org.testng.TestRunner.privateRun(TestRunner.java:756)<br />
              org.testng.TestRunner.run(TestRunner.java:610)<br />
              org.testng.SuiteRunner.runTest(SuiteRunner.java:387)<br />
              org.testng.SuiteRunner.access$000(SuiteRunner.java:39)<br />
              org.testng.SuiteRunner$SuiteWorker.run(SuiteRunner.java:421)<br />
              org.testng.internal.thread.ThreadUtil$2.call(ThreadUtil.java:64)<br />
              java.util.concurrent.FutureTask.run(FutureTask.java:266)<br />
              java.util.concurrent.ThreadPoolExecutor.runWorker(ThreadPoolExecutor.java:1142)<br />
              java.util.concurrent.ThreadPoolExecutor$Worker.run(ThreadPoolExecutor.java:617)<br />
              java.lang.Thread.run(Thread.java:745)<br />
                </div>
      </td>
</tr>
      </table>


  <table class="resultsTable">
    <tr><th colspan="3" class="header passed">Passed Tests</th></tr>
          <tr>
        <td colspan="3" class="group">settings.ConnectorsEdit_testcases</td>
      </tr>
            
<tr>
  <td class="method">
                  archive_connector
      </td>
  <td class="duration">
    23.286s
  </td>
  <td class="result">
        
    
        

      </td>
</tr>
<tr>
  <td class="method">
                  restore_conncector
      </td>
  <td class="duration">
    35.566s
  </td>
  <td class="result">
        
    
        

      </td>
</tr>
<tr>
  <td class="method">
                  test_is_empty
      </td>
  <td class="duration">
    12.732s
  </td>
  <td class="result">
        
    
        

      </td>
</tr>
<tr>
  <td class="method">
                  update_connector_workflow
      </td>
  <td class="duration">
    30.295s
  </td>
  <td class="result">
        
    
        

      </td>
</tr>
<tr>
  <td class="method">
                  update_connector_workflow_previous
      </td>
  <td class="duration">
    31.995s
  </td>
  <td class="result">
        
    
        

      </td>
</tr>
          <tr>
        <td colspan="3" class="group">settings.ConnectorsRestore_testcases</td>
      </tr>
            
<tr>
  <td class="method">
                  test_is_empty
      </td>
  <td class="duration">
    11.409s
  </td>
  <td class="result">
        
    
        

      </td>
</tr>
          <tr>
        <td colspan="3" class="group">settings.Connectors_TestCases</td>
      </tr>
            
<tr>
  <td class="method">
                  click_print_view_print
      </td>
  <td class="duration">
    16.124s
  </td>
  <td class="result">
        
    
        

      </td>
</tr>
<tr>
  <td class="method">
                  delete_connector_from_db
      </td>
  <td class="duration">
    2.399s
  </td>
  <td class="result">
        
    
        

      </td>
</tr>
<tr>
  <td class="method">
                  open_connector_page
      </td>
  <td class="duration">
    14.079s
  </td>
  <td class="result">
        
    
        

      </td>
</tr>
<tr>
  <td class="method">
                  relaod_workflow_page
      </td>
  <td class="duration">
    14.229s
  </td>
  <td class="result">
        
    
        

      </td>
</tr>
      </table>
  
</body>
</html>
