<?xml version="1.0" encoding="UTF-8"?>
<!-- Generated by org.testng.reporters.JUnitXMLReporter -->
<testsuite hostname="remote-wkstn3" ignored="17" name="Default test" tests="1" failures="1" timestamp="19 Oct 2017 19:43:35 GMT" time="34.06" errors="0">
  <testcase name="update_campaign_name" time="16.419" classname="library.CanpaignsEdit_TestCases">
    <failure type="org.openqa.selenium.WebDriverException" message="unknown error: Element is not clickable at point (1798, 1051)
  (Session info: chrome=61.0.3163.100)
  (Driver info: chromedriver=2.29.461591 (62ebf098771772160f391d75e589dc567915b233),platform=Windows NT 6.1.7601 SP1 x86_64) (WARNING: The server did not provide any stacktrace information)
Command duration or timeout: 93 milliseconds
Build info: version: &amp;apos;2.53.1&amp;apos;, revision: &amp;apos;a36b8b1&amp;apos;, time: &amp;apos;2016-06-30 17:37:03&amp;apos;
System info: host: &amp;apos;remote-wkstn3&amp;apos;, ip: &amp;apos;10.16.1.107&amp;apos;, os.name: &amp;apos;Windows 7&amp;apos;, os.arch: &amp;apos;amd64&amp;apos;, os.version: &amp;apos;6.1&amp;apos;, java.version: &amp;apos;1.8.0_121&amp;apos;
Driver info: org.openqa.selenium.chrome.ChromeDriver
Capabilities [{applicationCacheEnabled=false, rotatable=false, mobileEmulationEnabled=false, networkConnectionEnabled=false, chrome={chromedriverVersion=2.29.461591 (62ebf098771772160f391d75e589dc567915b233), userDataDir=C:\Users\ARJUN~1.KAR\AppData\Local\Temp\scoped_dir20736_6543}, takesHeapSnapshot=true, pageLoadStrategy=normal, databaseEnabled=false, handlesAlerts=true, hasTouchScreen=false, version=61.0.3163.100, platform=XP, browserConnectionEnabled=false, nativeEvents=true, acceptSslCerts=true, locationContextEnabled=true, webStorageEnabled=true, browserName=chrome, takesScreenshot=true, javascriptEnabled=true, cssSelectorsEnabled=true, unexpectedAlertBehaviour=accept}]
Session ID: 16bd697fb07e14bf83dd6afd3411898b">
      <![CDATA[org.openqa.selenium.WebDriverException: unknown error: Element is not clickable at point (1798, 1051)
  (Session info: chrome=61.0.3163.100)
  (Driver info: chromedriver=2.29.461591 (62ebf098771772160f391d75e589dc567915b233),platform=Windows NT 6.1.7601 SP1 x86_64) (WARNING: The server did not provide any stacktrace information)
Command duration or timeout: 93 milliseconds
Build info: version: '2.53.1', revision: 'a36b8b1', time: '2016-06-30 17:37:03'
System info: host: 'remote-wkstn3', ip: '10.16.1.107', os.name: 'Windows 7', os.arch: 'amd64', os.version: '6.1', java.version: '1.8.0_121'
Driver info: org.openqa.selenium.chrome.ChromeDriver
Capabilities [{applicationCacheEnabled=false, rotatable=false, mobileEmulationEnabled=false, networkConnectionEnabled=false, chrome={chromedriverVersion=2.29.461591 (62ebf098771772160f391d75e589dc567915b233), userDataDir=C:\Users\ARJUN~1.KAR\AppData\Local\Temp\scoped_dir20736_6543}, takesHeapSnapshot=true, pageLoadStrategy=normal, databaseEnabled=false, handlesAlerts=true, hasTouchScreen=false, version=61.0.3163.100, platform=XP, browserConnectionEnabled=false, nativeEvents=true, acceptSslCerts=true, locationContextEnabled=true, webStorageEnabled=true, browserName=chrome, takesScreenshot=true, javascriptEnabled=true, cssSelectorsEnabled=true, unexpectedAlertBehaviour=accept}]
Session ID: 16bd697fb07e14bf83dd6afd3411898b
	at sun.reflect.NativeConstructorAccessorImpl.newInstance0(Native Method)
	at sun.reflect.NativeConstructorAccessorImpl.newInstance(NativeConstructorAccessorImpl.java:62)
	at sun.reflect.DelegatingConstructorAccessorImpl.newInstance(DelegatingConstructorAccessorImpl.java:45)
	at java.lang.reflect.Constructor.newInstance(Constructor.java:423)
	at org.openqa.selenium.remote.ErrorHandler.createThrowable(ErrorHandler.java:206)
	at org.openqa.selenium.remote.ErrorHandler.throwIfResponseFailed(ErrorHandler.java:158)
	at org.openqa.selenium.remote.RemoteWebDriver.execute(RemoteWebDriver.java:678)
	at org.openqa.selenium.remote.RemoteWebElement.execute(RemoteWebElement.java:327)
	at org.openqa.selenium.remote.RemoteWebElement.click(RemoteWebElement.java:85)
	at library.CampaignPage.editCampaign(CampaignPage.java:90)
	at library.CanpaignsEdit_TestCases.update_campaign_name(CanpaignsEdit_TestCases.java:16)
	at sun.reflect.NativeMethodAccessorImpl.invoke0(Native Method)
	at sun.reflect.NativeMethodAccessorImpl.invoke(NativeMethodAccessorImpl.java:62)
	at sun.reflect.DelegatingMethodAccessorImpl.invoke(DelegatingMethodAccessorImpl.java:43)
	at java.lang.reflect.Method.invoke(Method.java:498)
	at org.testng.internal.MethodInvocationHelper.invokeMethod(MethodInvocationHelper.java:104)
	at org.testng.internal.Invoker.invokeMethod(Invoker.java:645)
	at org.testng.internal.Invoker.invokeTestMethod(Invoker.java:851)
	at org.testng.internal.Invoker.invokeTestMethods(Invoker.java:1177)
	at org.testng.internal.TestMethodWorker.invokeTestMethods(TestMethodWorker.java:129)
	at org.testng.internal.TestMethodWorker.run(TestMethodWorker.java:112)
	at org.testng.TestRunner.privateRun(TestRunner.java:756)
	at org.testng.TestRunner.run(TestRunner.java:610)
	at org.testng.SuiteRunner.runTest(SuiteRunner.java:387)
	at org.testng.SuiteRunner.runSequentially(SuiteRunner.java:382)
	at org.testng.SuiteRunner.privateRun(SuiteRunner.java:340)
	at org.testng.SuiteRunner.run(SuiteRunner.java:289)
	at org.testng.SuiteRunnerWorker.runSuite(SuiteRunnerWorker.java:52)
	at org.testng.SuiteRunnerWorker.run(SuiteRunnerWorker.java:86)
	at org.testng.TestNG.runSuitesSequentially(TestNG.java:1293)
	at org.testng.TestNG.runSuitesLocally(TestNG.java:1218)
	at org.testng.TestNG.runSuites(TestNG.java:1133)
	at org.testng.TestNG.run(TestNG.java:1104)
	at org.testng.remote.AbstractRemoteTestNG.run(AbstractRemoteTestNG.java:132)
	at org.testng.remote.RemoteTestNG.initAndRun(RemoteTestNG.java:236)
	at org.testng.remote.RemoteTestNG.main(RemoteTestNG.java:81)
]]>
    </failure>
  </testcase> <!-- update_campaign_name -->
  <testcase name="activate_campaign" time="0.0" classname="library.CanpaignsEdit_TestCases">
    <ignored/>
  </testcase> <!-- activate_campaign -->
  <testcase name="update_campaign_programs_to_previous" time="0.0" classname="library.CanpaignsEdit_TestCases">
    <ignored/>
  </testcase> <!-- update_campaign_programs_to_previous -->
  <testcase name="update_campaign_clientname_to_previous_client" time="0.0" classname="library.CanpaignsEdit_TestCases">
    <ignored/>
  </testcase> <!-- update_campaign_clientname_to_previous_client -->
  <testcase name="update_campaign_brands_to_previous" time="0.0" classname="library.CanpaignsEdit_TestCases">
    <ignored/>
  </testcase> <!-- update_campaign_brands_to_previous -->
  <testcase name="camp_mass_advance_workflow" time="0.0" classname="library.CanpaignsEdit_TestCases">
    <ignored/>
  </testcase> <!-- camp_mass_advance_workflow -->
  <testcase name="restorte_campaign" time="0.0" classname="library.CanpaignsEdit_TestCases">
    <ignored/>
  </testcase> <!-- restorte_campaign -->
  <testcase name="update_campaign_client" time="0.0" classname="library.CanpaignsEdit_TestCases">
    <ignored/>
  </testcase> <!-- update_campaign_client -->
  <testcase name="update_campaign_workflow_to_approved" time="0.0" classname="library.CanpaignsEdit_TestCases">
    <ignored/>
  </testcase> <!-- update_campaign_workflow_to_approved -->
  <testcase name="update_campaign_workflow_to_draft" time="0.0" classname="library.CanpaignsEdit_TestCases">
    <ignored/>
  </testcase> <!-- update_campaign_workflow_to_draft -->
  <testcase name="update_camp_mass_advance_workflow" time="0.0" classname="library.CanpaignsEdit_TestCases">
    <ignored/>
  </testcase> <!-- update_camp_mass_advance_workflow -->
  <testcase name="inactivate_campaign" time="0.0" classname="library.CanpaignsEdit_TestCases">
    <ignored/>
  </testcase> <!-- inactivate_campaign -->
  <testcase name="update_campaign_programs" time="0.0" classname="library.CanpaignsEdit_TestCases">
    <ignored/>
  </testcase> <!-- update_campaign_programs -->
  <testcase name="update_campaign_name_to_previous_name" time="0.0" classname="library.CanpaignsEdit_TestCases">
    <ignored/>
  </testcase> <!-- update_campaign_name_to_previous_name -->
  <testcase name="update_campaign_series" time="0.0" classname="library.CanpaignsEdit_TestCases">
    <ignored/>
  </testcase> <!-- update_campaign_series -->
  <testcase name="archive_campaign" time="0.0" classname="library.CanpaignsEdit_TestCases">
    <ignored/>
  </testcase> <!-- archive_campaign -->
  <testcase name="update_campaign_series_to_previous" time="0.0" classname="library.CanpaignsEdit_TestCases">
    <ignored/>
  </testcase> <!-- update_campaign_series_to_previous -->
  <testcase name="update_campaign_brands" time="0.0" classname="library.CanpaignsEdit_TestCases">
    <ignored/>
  </testcase> <!-- update_campaign_brands -->
</testsuite> <!-- Default test -->
