<html>
<head>
<title>TestNG:  ACF TEST CASES</title>
<link href="../testng.css" rel="stylesheet" type="text/css" />
<link href="../my-testng.css" rel="stylesheet" type="text/css" />

<style type="text/css">
.log { display: none;} 
.stack-trace { display: none;} 
</style>
<script type="text/javascript">
<!--
function flip(e) {
  current = e.style.display;
  if (current == 'block') {
    e.style.display = 'none';
    return 0;
  }
  else {
    e.style.display = 'block';
    return 1;
  }
}

function toggleBox(szDivId, elem, msg1, msg2)
{
  var res = -1;  if (document.getElementById) {
    res = flip(document.getElementById(szDivId));
  }
  else if (document.all) {
    // this is the way old msie versions work
    res = flip(document.all[szDivId]);
  }
  if(elem) {
    if(res == 0) elem.innerHTML = msg1; else elem.innerHTML = msg2;
  }

}

function toggleAllBoxes() {
  if (document.getElementsByTagName) {
    d = document.getElementsByTagName('div');
    for (i = 0; i < d.length; i++) {
      if (d[i].className == 'log') {
        flip(d[i]);
      }
    }
  }
}

// -->
</script>

</head>
<body>
<h2 align='center'>ACF TEST CASES</h2><table border='1' align="center">
<tr>
<td>Tests passed/Failed/Skipped:</td><td>13/3/0</td>
</tr><tr>
<td>Started on:</td><td>Tue Nov 08 20:40:23 CST 2016</td>
</tr>
<tr><td>Total time:</td><td>1788 seconds (1788542 ms)</td>
</tr><tr>
<td>Included groups:</td><td></td>
</tr><tr>
<td>Excluded groups:</td><td></td>
</tr>
</table><p/>
<small><i>(Hover the method name to see the test class name)</i></small><p/>
<table width='100%' border='1' class='invocation-failed'>
<tr><td colspan='4' align='center'><b>FAILED TESTS</b></td></tr>
<tr><td><b>Test method</b></td>
<td width="30%"><b>Exception</b></td>
<td width="10%"><b>Time (seconds)</b></td>
<td><b>Instance</b></td>
</tr>
<tr>
<td title='configuration.ACF_testcases.create_an_acf_data_type_decimal_field_type_select()'><b>create_an_acf_data_type_decimal_field_type_select</b><br>Test class: configuration.ACF_testcases</td>
<td><div><pre>java.lang.AssertionError: expected [MMS - Advanced Custom Field Groups] but found [MMS - Advanced Custom Field Groups - Add]
	at configuration.ACFAddPage.clickSubmitButton(ACFAddPage.java:277)
	at configuration.ACF_testcases.create_an_acf_data_type_decimal_field_type_select(ACF_testcases.java:274)
	at java.util.concurrent.FutureTask.run(Unknown Source)
	at java.util.concurrent.ThreadPoolExecutor.runWorker(Unknown Source)
	at java.util.concurrent.ThreadPoolExecutor$Worker.run(Unknown Source)
	at java.lang.Thread.run(Unknown Source)
... Removed 22 stack frames</pre></div><a href='#' onClick='toggleBox("stack-trace588975361", this, "Click to show all stack frames", "Click to hide stack frames")'>Click to show all stack frames</a>
<div class='stack-trace' id='stack-trace588975361'><pre>java.lang.AssertionError: expected [MMS - Advanced Custom Field Groups] but found [MMS - Advanced Custom Field Groups - Add]
	at org.testng.Assert.fail(Assert.java:94)
	at org.testng.Assert.failNotEquals(Assert.java:513)
	at org.testng.Assert.assertEqualsImpl(Assert.java:135)
	at org.testng.Assert.assertEquals(Assert.java:116)
	at org.testng.Assert.assertEquals(Assert.java:190)
	at org.testng.Assert.assertEquals(Assert.java:200)
	at configuration.ACFAddPage.clickSubmitButton(ACFAddPage.java:277)
	at configuration.ACF_testcases.create_an_acf_data_type_decimal_field_type_select(ACF_testcases.java:274)
	at sun.reflect.NativeMethodAccessorImpl.invoke0(Native Method)
	at sun.reflect.NativeMethodAccessorImpl.invoke(Unknown Source)
	at sun.reflect.DelegatingMethodAccessorImpl.invoke(Unknown Source)
	at java.lang.reflect.Method.invoke(Unknown Source)
	at org.testng.internal.MethodInvocationHelper.invokeMethod(MethodInvocationHelper.java:100)
	at org.testng.internal.Invoker.invokeMethod(Invoker.java:646)
	at org.testng.internal.Invoker.invokeTestMethod(Invoker.java:811)
	at org.testng.internal.Invoker.invokeTestMethods(Invoker.java:1137)
	at org.testng.internal.TestMethodWorker.invokeTestMethods(TestMethodWorker.java:129)
	at org.testng.internal.TestMethodWorker.run(TestMethodWorker.java:112)
	at org.testng.TestRunner.privateRun(TestRunner.java:753)
	at org.testng.TestRunner.run(TestRunner.java:607)
	at org.testng.SuiteRunner.runTest(SuiteRunner.java:368)
	at org.testng.SuiteRunner.access$000(SuiteRunner.java:39)
	at org.testng.SuiteRunner$SuiteWorker.run(SuiteRunner.java:402)
	at org.testng.internal.thread.ThreadUtil$2.call(ThreadUtil.java:64)
	at java.util.concurrent.FutureTask.run(Unknown Source)
	at java.util.concurrent.ThreadPoolExecutor.runWorker(Unknown Source)
	at java.util.concurrent.ThreadPoolExecutor$Worker.run(Unknown Source)
	at java.lang.Thread.run(Unknown Source)
</pre></div></td>
<td>111</td>
<td>configuration.ACF_testcases@23d2a7e8</td></tr>
<tr>
<td title='configuration.ACF_testcases.create_an_acf_data_type_int_field_type_select()'><b>create_an_acf_data_type_int_field_type_select</b><br>Test class: configuration.ACF_testcases</td>
<td><div><pre>java.lang.AssertionError: expected [MMS - Advanced Custom Field Groups] but found [MMS - Advanced Custom Field Groups - Add]
	at configuration.ACFAddPage.clickSubmitButton(ACFAddPage.java:277)
	at configuration.ACF_testcases.create_an_acf_data_type_int_field_type_select(ACF_testcases.java:64)
	at java.util.concurrent.FutureTask.run(Unknown Source)
	at java.util.concurrent.ThreadPoolExecutor.runWorker(Unknown Source)
	at java.util.concurrent.ThreadPoolExecutor$Worker.run(Unknown Source)
	at java.lang.Thread.run(Unknown Source)
... Removed 22 stack frames</pre></div><a href='#' onClick='toggleBox("stack-trace465160692", this, "Click to show all stack frames", "Click to hide stack frames")'>Click to show all stack frames</a>
<div class='stack-trace' id='stack-trace465160692'><pre>java.lang.AssertionError: expected [MMS - Advanced Custom Field Groups] but found [MMS - Advanced Custom Field Groups - Add]
	at org.testng.Assert.fail(Assert.java:94)
	at org.testng.Assert.failNotEquals(Assert.java:513)
	at org.testng.Assert.assertEqualsImpl(Assert.java:135)
	at org.testng.Assert.assertEquals(Assert.java:116)
	at org.testng.Assert.assertEquals(Assert.java:190)
	at org.testng.Assert.assertEquals(Assert.java:200)
	at configuration.ACFAddPage.clickSubmitButton(ACFAddPage.java:277)
	at configuration.ACF_testcases.create_an_acf_data_type_int_field_type_select(ACF_testcases.java:64)
	at sun.reflect.NativeMethodAccessorImpl.invoke0(Native Method)
	at sun.reflect.NativeMethodAccessorImpl.invoke(Unknown Source)
	at sun.reflect.DelegatingMethodAccessorImpl.invoke(Unknown Source)
	at java.lang.reflect.Method.invoke(Unknown Source)
	at org.testng.internal.MethodInvocationHelper.invokeMethod(MethodInvocationHelper.java:100)
	at org.testng.internal.Invoker.invokeMethod(Invoker.java:646)
	at org.testng.internal.Invoker.invokeTestMethod(Invoker.java:811)
	at org.testng.internal.Invoker.invokeTestMethods(Invoker.java:1137)
	at org.testng.internal.TestMethodWorker.invokeTestMethods(TestMethodWorker.java:129)
	at org.testng.internal.TestMethodWorker.run(TestMethodWorker.java:112)
	at org.testng.TestRunner.privateRun(TestRunner.java:753)
	at org.testng.TestRunner.run(TestRunner.java:607)
	at org.testng.SuiteRunner.runTest(SuiteRunner.java:368)
	at org.testng.SuiteRunner.access$000(SuiteRunner.java:39)
	at org.testng.SuiteRunner$SuiteWorker.run(SuiteRunner.java:402)
	at org.testng.internal.thread.ThreadUtil$2.call(ThreadUtil.java:64)
	at java.util.concurrent.FutureTask.run(Unknown Source)
	at java.util.concurrent.ThreadPoolExecutor.runWorker(Unknown Source)
	at java.util.concurrent.ThreadPoolExecutor$Worker.run(Unknown Source)
	at java.lang.Thread.run(Unknown Source)
</pre></div></td>
<td>111</td>
<td>configuration.ACF_testcases@23d2a7e8</td></tr>
<tr>
<td title='configuration.ACF_testcases.create_an_acf_data_type_varchar_field_type_select()'><b>create_an_acf_data_type_varchar_field_type_select</b><br>Test class: configuration.ACF_testcases</td>
<td><div><pre>java.lang.AssertionError: expected [MMS - Advanced Custom Field Groups] but found [MMS - Advanced Custom Field Groups - Add]
	at configuration.ACFAddPage.clickSubmitButton(ACFAddPage.java:277)
	at configuration.ACF_testcases.create_an_acf_data_type_varchar_field_type_select(ACF_testcases.java:204)
	at java.util.concurrent.FutureTask.run(Unknown Source)
	at java.util.concurrent.ThreadPoolExecutor.runWorker(Unknown Source)
	at java.util.concurrent.ThreadPoolExecutor$Worker.run(Unknown Source)
	at java.lang.Thread.run(Unknown Source)
... Removed 22 stack frames</pre></div><a href='#' onClick='toggleBox("stack-trace1606329061", this, "Click to show all stack frames", "Click to hide stack frames")'>Click to show all stack frames</a>
<div class='stack-trace' id='stack-trace1606329061'><pre>java.lang.AssertionError: expected [MMS - Advanced Custom Field Groups] but found [MMS - Advanced Custom Field Groups - Add]
	at org.testng.Assert.fail(Assert.java:94)
	at org.testng.Assert.failNotEquals(Assert.java:513)
	at org.testng.Assert.assertEqualsImpl(Assert.java:135)
	at org.testng.Assert.assertEquals(Assert.java:116)
	at org.testng.Assert.assertEquals(Assert.java:190)
	at org.testng.Assert.assertEquals(Assert.java:200)
	at configuration.ACFAddPage.clickSubmitButton(ACFAddPage.java:277)
	at configuration.ACF_testcases.create_an_acf_data_type_varchar_field_type_select(ACF_testcases.java:204)
	at sun.reflect.NativeMethodAccessorImpl.invoke0(Native Method)
	at sun.reflect.NativeMethodAccessorImpl.invoke(Unknown Source)
	at sun.reflect.DelegatingMethodAccessorImpl.invoke(Unknown Source)
	at java.lang.reflect.Method.invoke(Unknown Source)
	at org.testng.internal.MethodInvocationHelper.invokeMethod(MethodInvocationHelper.java:100)
	at org.testng.internal.Invoker.invokeMethod(Invoker.java:646)
	at org.testng.internal.Invoker.invokeTestMethod(Invoker.java:811)
	at org.testng.internal.Invoker.invokeTestMethods(Invoker.java:1137)
	at org.testng.internal.TestMethodWorker.invokeTestMethods(TestMethodWorker.java:129)
	at org.testng.internal.TestMethodWorker.run(TestMethodWorker.java:112)
	at org.testng.TestRunner.privateRun(TestRunner.java:753)
	at org.testng.TestRunner.run(TestRunner.java:607)
	at org.testng.SuiteRunner.runTest(SuiteRunner.java:368)
	at org.testng.SuiteRunner.access$000(SuiteRunner.java:39)
	at org.testng.SuiteRunner$SuiteWorker.run(SuiteRunner.java:402)
	at org.testng.internal.thread.ThreadUtil$2.call(ThreadUtil.java:64)
	at java.util.concurrent.FutureTask.run(Unknown Source)
	at java.util.concurrent.ThreadPoolExecutor.runWorker(Unknown Source)
	at java.util.concurrent.ThreadPoolExecutor$Worker.run(Unknown Source)
	at java.lang.Thread.run(Unknown Source)
</pre></div></td>
<td>111</td>
<td>configuration.ACF_testcases@23d2a7e8</td></tr>
</table><p>
<table width='100%' border='1' class='invocation-passed'>
<tr><td colspan='4' align='center'><b>PASSED TESTS</b></td></tr>
<tr><td><b>Test method</b></td>
<td width="30%"><b>Exception</b></td>
<td width="10%"><b>Time (seconds)</b></td>
<td><b>Instance</b></td>
</tr>
<tr>
<td title='configuration.ACF_testcases.click_cancel_in_acf_add_page()'><b>click_cancel_in_acf_add_page</b><br>Test class: configuration.ACF_testcases</td>
<td></td>
<td>43</td>
<td>configuration.ACF_testcases@23d2a7e8</td></tr>
<tr>
<td title='configuration.ACF_testcases.create_a_new_acf_without_field_instructions()'><b>create_a_new_acf_without_field_instructions</b><br>Test class: configuration.ACF_testcases</td>
<td></td>
<td>106</td>
<td>configuration.ACF_testcases@23d2a7e8</td></tr>
<tr>
<td title='configuration.ACF_testcases.create_a_new_acf_without_field_label()'><b>create_a_new_acf_without_field_label</b><br>Test class: configuration.ACF_testcases</td>
<td></td>
<td>110</td>
<td>configuration.ACF_testcases@23d2a7e8</td></tr>
<tr>
<td title='configuration.ACF_testcases.create_a_new_acf_without_field_name()'><b>create_a_new_acf_without_field_name</b><br>Test class: configuration.ACF_testcases</td>
<td></td>
<td>111</td>
<td>configuration.ACF_testcases@23d2a7e8</td></tr>
<tr>
<td title='configuration.ACF_testcases.create_a_new_acf_without_group_name()'><b>create_a_new_acf_without_group_name</b><br>Test class: configuration.ACF_testcases</td>
<td></td>
<td>107</td>
<td>configuration.ACF_testcases@23d2a7e8</td></tr>
<tr>
<td title='configuration.ACF_testcases.create_a_new_acf_without_screens()'><b>create_a_new_acf_without_screens</b><br>Test class: configuration.ACF_testcases</td>
<td></td>
<td>97</td>
<td>configuration.ACF_testcases@23d2a7e8</td></tr>
<tr>
<td title='configuration.ACF_testcases.create_an_acf_data_type_decimal_field_type_text()'><b>create_an_acf_data_type_decimal_field_type_text</b><br>Test class: configuration.ACF_testcases</td>
<td></td>
<td>138</td>
<td>configuration.ACF_testcases@23d2a7e8</td></tr>
<tr>
<td title='configuration.ACF_testcases.create_an_acf_data_type_int_field_type_text()'><b>create_an_acf_data_type_int_field_type_text</b><br>Test class: configuration.ACF_testcases</td>
<td></td>
<td>129</td>
<td>configuration.ACF_testcases@23d2a7e8</td></tr>
<tr>
<td title='configuration.ACF_testcases.create_an_acf_data_type_varchar_field_type_Wysiwyg_editor()'><b>create_an_acf_data_type_varchar_field_type_Wysiwyg_editor</b><br>Test class: configuration.ACF_testcases</td>
<td></td>
<td>139</td>
<td>configuration.ACF_testcases@23d2a7e8</td></tr>
<tr>
<td title='configuration.ACF_testcases.create_an_acf_data_type_varchar_field_type_text()'><b>create_an_acf_data_type_varchar_field_type_text</b><br>Test class: configuration.ACF_testcases</td>
<td></td>
<td>138</td>
<td>configuration.ACF_testcases@23d2a7e8</td></tr>
<tr>
<td title='configuration.ACF_testcases.create_an_acf_data_type_varchar_field_type_text_area()'><b>create_an_acf_data_type_varchar_field_type_text_area</b><br>Test class: configuration.ACF_testcases</td>
<td></td>
<td>139</td>
<td>configuration.ACF_testcases@23d2a7e8</td></tr>
<tr>
<td title='configuration.ACF_testcases.delete_acf_from_database()'><b>delete_acf_from_database</b><br>Test class: configuration.ACF_testcases</td>
<td></td>
<td>0</td>
<td>configuration.ACF_testcases@23d2a7e8</td></tr>
<tr>
<td title='configuration.ACF_testcases.return_to_acf_main_page_from_add_page()'><b>return_to_acf_main_page_from_add_page</b><br>Test class: configuration.ACF_testcases</td>
<td></td>
<td>41</td>
<td>configuration.ACF_testcases@23d2a7e8</td></tr>
</table><p>
</body>
</html>