<?xml version="1.0" encoding="UTF-8"?>
<!-- Generated by org.testng.reporters.JUnitXMLReporter -->
<testsuite hostname="prikab" name="ACF TEST CASES" tests="16" failures="3" timestamp="9 Nov 2016 03:10:11 GMT" time="1788.542" errors="0">
  <testcase name="create_an_acf_data_type_int_field_type_text" time="129.956" classname="configuration.ACF_testcases"/>
  <testcase name="create_an_acf_data_type_int_field_type_select" time="111.07" classname="configuration.ACF_testcases">
    <failure type="java.lang.AssertionError" message="expected [MMS - Advanced Custom Field Groups] but found [MMS - Advanced Custom Field Groups - Add]">
      <![CDATA[java.lang.AssertionError: expected [MMS - Advanced Custom Field Groups] but found [MMS - Advanced Custom Field Groups - Add]
	at configuration.ACFAddPage.clickSubmitButton(ACFAddPage.java:277)
	at configuration.ACF_testcases.create_an_acf_data_type_int_field_type_select(ACF_testcases.java:64)
	at java.util.concurrent.FutureTask.run(Unknown Source)
	at java.util.concurrent.ThreadPoolExecutor.runWorker(Unknown Source)
	at java.util.concurrent.ThreadPoolExecutor$Worker.run(Unknown Source)
	at java.lang.Thread.run(Unknown Source)
... Removed 22 stack frames]]>
    </failure>
  </testcase> <!-- create_an_acf_data_type_int_field_type_select -->
  <testcase name="create_an_acf_data_type_varchar_field_type_text" time="138.251" classname="configuration.ACF_testcases"/>
  <testcase name="create_an_acf_data_type_varchar_field_type_text_area" time="139.514" classname="configuration.ACF_testcases"/>
  <testcase name="create_an_acf_data_type_varchar_field_type_Wysiwyg_editor" time="139.778" classname="configuration.ACF_testcases"/>
  <testcase name="create_an_acf_data_type_varchar_field_type_select" time="111.206" classname="configuration.ACF_testcases">
    <failure type="java.lang.AssertionError" message="expected [MMS - Advanced Custom Field Groups] but found [MMS - Advanced Custom Field Groups - Add]">
      <![CDATA[java.lang.AssertionError: expected [MMS - Advanced Custom Field Groups] but found [MMS - Advanced Custom Field Groups - Add]
	at configuration.ACFAddPage.clickSubmitButton(ACFAddPage.java:277)
	at configuration.ACF_testcases.create_an_acf_data_type_varchar_field_type_select(ACF_testcases.java:204)
	at java.util.concurrent.FutureTask.run(Unknown Source)
	at java.util.concurrent.ThreadPoolExecutor.runWorker(Unknown Source)
	at java.util.concurrent.ThreadPoolExecutor$Worker.run(Unknown Source)
	at java.lang.Thread.run(Unknown Source)
... Removed 22 stack frames]]>
    </failure>
  </testcase> <!-- create_an_acf_data_type_varchar_field_type_select -->
  <testcase name="create_an_acf_data_type_decimal_field_type_text" time="138.075" classname="configuration.ACF_testcases"/>
  <testcase name="create_an_acf_data_type_decimal_field_type_select" time="111.349" classname="configuration.ACF_testcases">
    <failure type="java.lang.AssertionError" message="expected [MMS - Advanced Custom Field Groups] but found [MMS - Advanced Custom Field Groups - Add]">
      <![CDATA[java.lang.AssertionError: expected [MMS - Advanced Custom Field Groups] but found [MMS - Advanced Custom Field Groups - Add]
	at configuration.ACFAddPage.clickSubmitButton(ACFAddPage.java:277)
	at configuration.ACF_testcases.create_an_acf_data_type_decimal_field_type_select(ACF_testcases.java:274)
	at java.util.concurrent.FutureTask.run(Unknown Source)
	at java.util.concurrent.ThreadPoolExecutor.runWorker(Unknown Source)
	at java.util.concurrent.ThreadPoolExecutor$Worker.run(Unknown Source)
	at java.lang.Thread.run(Unknown Source)
... Removed 22 stack frames]]>
    </failure>
  </testcase> <!-- create_an_acf_data_type_decimal_field_type_select -->
  <testcase name="create_a_new_acf_without_group_name" time="107.782" classname="configuration.ACF_testcases"/>
  <testcase name="create_a_new_acf_without_screens" time="97.839" classname="configuration.ACF_testcases"/>
  <testcase name="create_a_new_acf_without_field_label" time="110.999" classname="configuration.ACF_testcases"/>
  <testcase name="create_a_new_acf_without_field_name" time="111.139" classname="configuration.ACF_testcases"/>
  <testcase name="create_a_new_acf_without_field_instructions" time="106.415" classname="configuration.ACF_testcases"/>
  <testcase name="click_cancel_in_acf_add_page" time="43.841" classname="configuration.ACF_testcases"/>
  <testcase name="return_to_acf_main_page_from_add_page" time="41.995" classname="configuration.ACF_testcases"/>
  <testcase name="delete_acf_from_database" time="0.368" classname="configuration.ACF_testcases"/>
</testsuite> <!-- ACF TEST CASES -->
