<html>
<head>
<title>TestNG:  LAYOUT REGRESSION RUN</title>
<link href="../testng.css" rel="stylesheet" type="text/css" />
<link href="../my-testng.css" rel="stylesheet" type="text/css" />

<style type="text/css">
.log { display: none;} 
.stack-trace { display: none;} 
</style>
<script type="text/javascript">
<!--
function flip(e) {
  current = e.style.display;
  if (current == 'block') {
    e.style.display = 'none';
    return 0;
  }
  else {
    e.style.display = 'block';
    return 1;
  }
}

function toggleBox(szDivId, elem, msg1, msg2)
{
  var res = -1;  if (document.getElementById) {
    res = flip(document.getElementById(szDivId));
  }
  else if (document.all) {
    // this is the way old msie versions work
    res = flip(document.all[szDivId]);
  }
  if(elem) {
    if(res == 0) elem.innerHTML = msg1; else elem.innerHTML = msg2;
  }

}

function toggleAllBoxes() {
  if (document.getElementsByTagName) {
    d = document.getElementsByTagName('div');
    for (i = 0; i < d.length; i++) {
      if (d[i].className == 'log') {
        flip(d[i]);
      }
    }
  }
}

// -->
</script>

</head>
<body>
<h2 align='center'>LAYOUT REGRESSION RUN</h2><table border='1' align="center">
<tr>
<td>Tests passed/Failed/Skipped:</td><td>36/2/0</td>
</tr><tr>
<td>Started on:</td><td>Mon Dec 12 17:28:56 CST 2016</td>
</tr>
<tr><td>Total time:</td><td>756 seconds (756344 ms)</td>
</tr><tr>
<td>Included groups:</td><td></td>
</tr><tr>
<td>Excluded groups:</td><td></td>
</tr>
</table><p/>
<small><i>(Hover the method name to see the test class name)</i></small><p/>
<table width='100%' border='1' class='invocation-failed'>
<tr><td colspan='4' align='center'><b>FAILED TESTS</b></td></tr>
<tr><td><b>Test method</b></td>
<td width="30%"><b>Exception</b></td>
<td width="10%"><b>Time (seconds)</b></td>
<td><b>Instance</b></td>
</tr>
<tr>
<td title='layout.RegionsEdit_testcases.inactivate_region()'><b>inactivate_region</b><br>Test class: layout.RegionsEdit_testcases</td>
<td><div><pre>org.openqa.selenium.NoSuchElementException: no such element: Unable to locate element: {&quot;method&quot;:&quot;xpath&quot;,&quot;selector&quot;:&quot;//a[contains(@href, &apos;/region/edit/74&apos;)]&quot;}
  (Session info: chrome=54.0.2840.99)
  (Driver info: chromedriver=2.25.426923 (0390b88869384d6eb0d5d09729679f934aab9eed),platform=Windows NT 10.0.10586 x86_64) (WARNING: The server did not provide any stacktrace information)
Command duration or timeout: 10.06 seconds
For documentation on this error, please visit: http://seleniumhq.org/exceptions/no_such_element.html
Build info: version: &apos;3.0.1&apos;, revision: &apos;1969d75&apos;, time: &apos;2016-10-18 09:49:13 -0700&apos;
System info: host: &apos;R90JDQN3&apos;, ip: &apos;10.16.22.131&apos;, os.name: &apos;Windows 10&apos;, os.arch: &apos;amd64&apos;, os.version: &apos;10.0&apos;, java.version: &apos;1.8.0_111&apos;
Driver info: org.openqa.selenium.chrome.ChromeDriver
Capabilities [{applicationCacheEnabled=false, rotatable=false, mobileEmulationEnabled=false, networkConnectionEnabled=false, chrome={chromedriverVersion=2.25.426923 (0390b88869384d6eb0d5d09729679f934aab9eed), userDataDir=C:\Users\PRINCE~1.KAB\AppData\Local\Temp\scoped_dir16612_26872}, takesHeapSnapshot=true, pageLoadStrategy=normal, databaseEnabled=false, handlesAlerts=true, hasTouchScreen=false, version=54.0.2840.99, platform=XP, browserConnectionEnabled=false, nativeEvents=true, acceptSslCerts=true, locationContextEnabled=true, webStorageEnabled=true, browserName=chrome, takesScreenshot=true, javascriptEnabled=true, cssSelectorsEnabled=true}]
Session ID: f99c3718d7bd0eabfa2ca68ba8fb2c61
*** Element info: {Using=xpath, value=//a[contains(@href, &apos;/region/edit/74&apos;)]}
	at org.openqa.selenium.remote.ErrorHandler.createThrowable(ErrorHandler.java:216)
	at org.openqa.selenium.remote.ErrorHandler.throwIfResponseFailed(ErrorHandler.java:168)
	at org.openqa.selenium.remote.RemoteWebDriver.execute(RemoteWebDriver.java:635)
	at org.openqa.selenium.remote.RemoteWebDriver.findElement(RemoteWebDriver.java:368)
	at org.openqa.selenium.remote.RemoteWebDriver.findElementByXPath(RemoteWebDriver.java:473)
	at org.openqa.selenium.By$ByXPath.findElement(By.java:361)
	at org.openqa.selenium.remote.RemoteWebDriver.findElement(RemoteWebDriver.java:360)
	at layout.RegionsPage.editRegion(RegionsPage.java:60)
	at layout.RegionsEdit_testcases.inactivate_region(RegionsEdit_testcases.java:54)
	at java.util.concurrent.ThreadPoolExecutor.runWorker(Unknown Source)
	at java.util.concurrent.ThreadPoolExecutor$Worker.run(Unknown Source)
	at java.lang.Thread.run(Unknown Source)
... Removed 13 stack frames</pre></div><a href='#' onClick='toggleBox("stack-trace553457190", this, "Click to show all stack frames", "Click to hide stack frames")'>Click to show all stack frames</a>
<div class='stack-trace' id='stack-trace553457190'><pre>org.openqa.selenium.NoSuchElementException: no such element: Unable to locate element: {&quot;method&quot;:&quot;xpath&quot;,&quot;selector&quot;:&quot;//a[contains(@href, &apos;/region/edit/74&apos;)]&quot;}
  (Session info: chrome=54.0.2840.99)
  (Driver info: chromedriver=2.25.426923 (0390b88869384d6eb0d5d09729679f934aab9eed),platform=Windows NT 10.0.10586 x86_64) (WARNING: The server did not provide any stacktrace information)
Command duration or timeout: 10.06 seconds
For documentation on this error, please visit: http://seleniumhq.org/exceptions/no_such_element.html
Build info: version: &apos;3.0.1&apos;, revision: &apos;1969d75&apos;, time: &apos;2016-10-18 09:49:13 -0700&apos;
System info: host: &apos;R90JDQN3&apos;, ip: &apos;10.16.22.131&apos;, os.name: &apos;Windows 10&apos;, os.arch: &apos;amd64&apos;, os.version: &apos;10.0&apos;, java.version: &apos;1.8.0_111&apos;
Driver info: org.openqa.selenium.chrome.ChromeDriver
Capabilities [{applicationCacheEnabled=false, rotatable=false, mobileEmulationEnabled=false, networkConnectionEnabled=false, chrome={chromedriverVersion=2.25.426923 (0390b88869384d6eb0d5d09729679f934aab9eed), userDataDir=C:\Users\PRINCE~1.KAB\AppData\Local\Temp\scoped_dir16612_26872}, takesHeapSnapshot=true, pageLoadStrategy=normal, databaseEnabled=false, handlesAlerts=true, hasTouchScreen=false, version=54.0.2840.99, platform=XP, browserConnectionEnabled=false, nativeEvents=true, acceptSslCerts=true, locationContextEnabled=true, webStorageEnabled=true, browserName=chrome, takesScreenshot=true, javascriptEnabled=true, cssSelectorsEnabled=true}]
Session ID: f99c3718d7bd0eabfa2ca68ba8fb2c61
*** Element info: {Using=xpath, value=//a[contains(@href, &apos;/region/edit/74&apos;)]}
	at sun.reflect.GeneratedConstructorAccessor24.newInstance(Unknown Source)
	at sun.reflect.DelegatingConstructorAccessorImpl.newInstance(Unknown Source)
	at java.lang.reflect.Constructor.newInstance(Unknown Source)
	at org.openqa.selenium.remote.ErrorHandler.createThrowable(ErrorHandler.java:216)
	at org.openqa.selenium.remote.ErrorHandler.throwIfResponseFailed(ErrorHandler.java:168)
	at org.openqa.selenium.remote.RemoteWebDriver.execute(RemoteWebDriver.java:635)
	at org.openqa.selenium.remote.RemoteWebDriver.findElement(RemoteWebDriver.java:368)
	at org.openqa.selenium.remote.RemoteWebDriver.findElementByXPath(RemoteWebDriver.java:473)
	at org.openqa.selenium.By$ByXPath.findElement(By.java:361)
	at org.openqa.selenium.remote.RemoteWebDriver.findElement(RemoteWebDriver.java:360)
	at layout.RegionsPage.editRegion(RegionsPage.java:60)
	at layout.RegionsEdit_testcases.inactivate_region(RegionsEdit_testcases.java:54)
	at sun.reflect.NativeMethodAccessorImpl.invoke0(Native Method)
	at sun.reflect.NativeMethodAccessorImpl.invoke(Unknown Source)
	at sun.reflect.DelegatingMethodAccessorImpl.invoke(Unknown Source)
	at java.lang.reflect.Method.invoke(Unknown Source)
	at org.testng.internal.MethodInvocationHelper.invokeMethod(MethodInvocationHelper.java:100)
	at org.testng.internal.Invoker.invokeMethod(Invoker.java:646)
	at org.testng.internal.Invoker.invokeTestMethod(Invoker.java:811)
	at org.testng.internal.Invoker.invokeTestMethods(Invoker.java:1137)
	at org.testng.internal.TestMethodWorker.invokeTestMethods(TestMethodWorker.java:129)
	at org.testng.internal.TestMethodWorker.run(TestMethodWorker.java:112)
	at java.util.concurrent.ThreadPoolExecutor.runWorker(Unknown Source)
	at java.util.concurrent.ThreadPoolExecutor$Worker.run(Unknown Source)
	at java.lang.Thread.run(Unknown Source)
</pre></div></td>
<td>28</td>
<td>layout.RegionsEdit_testcases@32709393</td></tr>
<tr>
<td title='layout.TemplatesEdit_testcases.inactivate_template()'><b>inactivate_template</b><br>Test class: layout.TemplatesEdit_testcases</td>
<td><div><pre>org.openqa.selenium.NoSuchElementException: no such element: Unable to locate element: {&quot;method&quot;:&quot;xpath&quot;,&quot;selector&quot;:&quot;//a[contains(@href, &apos;/template/edit/351&apos;)]&quot;}
  (Session info: chrome=54.0.2840.99)
  (Driver info: chromedriver=2.25.426923 (0390b88869384d6eb0d5d09729679f934aab9eed),platform=Windows NT 10.0.10586 x86_64) (WARNING: The server did not provide any stacktrace information)
Command duration or timeout: 10.06 seconds
For documentation on this error, please visit: http://seleniumhq.org/exceptions/no_such_element.html
Build info: version: &apos;3.0.1&apos;, revision: &apos;1969d75&apos;, time: &apos;2016-10-18 09:49:13 -0700&apos;
System info: host: &apos;R90JDQN3&apos;, ip: &apos;10.16.22.131&apos;, os.name: &apos;Windows 10&apos;, os.arch: &apos;amd64&apos;, os.version: &apos;10.0&apos;, java.version: &apos;1.8.0_111&apos;
Driver info: org.openqa.selenium.chrome.ChromeDriver
Capabilities [{applicationCacheEnabled=false, rotatable=false, mobileEmulationEnabled=false, networkConnectionEnabled=false, chrome={chromedriverVersion=2.25.426923 (0390b88869384d6eb0d5d09729679f934aab9eed), userDataDir=C:\Users\PRINCE~1.KAB\AppData\Local\Temp\scoped_dir16504_22407}, takesHeapSnapshot=true, pageLoadStrategy=normal, databaseEnabled=false, handlesAlerts=true, hasTouchScreen=false, version=54.0.2840.99, platform=XP, browserConnectionEnabled=false, nativeEvents=true, acceptSslCerts=true, locationContextEnabled=true, webStorageEnabled=true, browserName=chrome, takesScreenshot=true, javascriptEnabled=true, cssSelectorsEnabled=true}]
Session ID: 76e2c49ab670c415cb2bae14eaaba99a
*** Element info: {Using=xpath, value=//a[contains(@href, &apos;/template/edit/351&apos;)]}
	at org.openqa.selenium.remote.ErrorHandler.createThrowable(ErrorHandler.java:216)
	at org.openqa.selenium.remote.ErrorHandler.throwIfResponseFailed(ErrorHandler.java:168)
	at org.openqa.selenium.remote.RemoteWebDriver.execute(RemoteWebDriver.java:635)
	at org.openqa.selenium.remote.RemoteWebDriver.findElement(RemoteWebDriver.java:368)
	at org.openqa.selenium.remote.RemoteWebDriver.findElementByXPath(RemoteWebDriver.java:473)
	at org.openqa.selenium.By$ByXPath.findElement(By.java:361)
	at org.openqa.selenium.remote.RemoteWebDriver.findElement(RemoteWebDriver.java:360)
	at layout.TemplatesPage.editTemplate(TemplatesPage.java:60)
	at layout.TemplatesEdit_testcases.inactivate_template(TemplatesEdit_testcases.java:172)
	at java.util.concurrent.ThreadPoolExecutor.runWorker(Unknown Source)
	at java.util.concurrent.ThreadPoolExecutor$Worker.run(Unknown Source)
	at java.lang.Thread.run(Unknown Source)
... Removed 13 stack frames</pre></div><a href='#' onClick='toggleBox("stack-trace2089107171", this, "Click to show all stack frames", "Click to hide stack frames")'>Click to show all stack frames</a>
<div class='stack-trace' id='stack-trace2089107171'><pre>org.openqa.selenium.NoSuchElementException: no such element: Unable to locate element: {&quot;method&quot;:&quot;xpath&quot;,&quot;selector&quot;:&quot;//a[contains(@href, &apos;/template/edit/351&apos;)]&quot;}
  (Session info: chrome=54.0.2840.99)
  (Driver info: chromedriver=2.25.426923 (0390b88869384d6eb0d5d09729679f934aab9eed),platform=Windows NT 10.0.10586 x86_64) (WARNING: The server did not provide any stacktrace information)
Command duration or timeout: 10.06 seconds
For documentation on this error, please visit: http://seleniumhq.org/exceptions/no_such_element.html
Build info: version: &apos;3.0.1&apos;, revision: &apos;1969d75&apos;, time: &apos;2016-10-18 09:49:13 -0700&apos;
System info: host: &apos;R90JDQN3&apos;, ip: &apos;10.16.22.131&apos;, os.name: &apos;Windows 10&apos;, os.arch: &apos;amd64&apos;, os.version: &apos;10.0&apos;, java.version: &apos;1.8.0_111&apos;
Driver info: org.openqa.selenium.chrome.ChromeDriver
Capabilities [{applicationCacheEnabled=false, rotatable=false, mobileEmulationEnabled=false, networkConnectionEnabled=false, chrome={chromedriverVersion=2.25.426923 (0390b88869384d6eb0d5d09729679f934aab9eed), userDataDir=C:\Users\PRINCE~1.KAB\AppData\Local\Temp\scoped_dir16504_22407}, takesHeapSnapshot=true, pageLoadStrategy=normal, databaseEnabled=false, handlesAlerts=true, hasTouchScreen=false, version=54.0.2840.99, platform=XP, browserConnectionEnabled=false, nativeEvents=true, acceptSslCerts=true, locationContextEnabled=true, webStorageEnabled=true, browserName=chrome, takesScreenshot=true, javascriptEnabled=true, cssSelectorsEnabled=true}]
Session ID: 76e2c49ab670c415cb2bae14eaaba99a
*** Element info: {Using=xpath, value=//a[contains(@href, &apos;/template/edit/351&apos;)]}
	at sun.reflect.GeneratedConstructorAccessor24.newInstance(Unknown Source)
	at sun.reflect.DelegatingConstructorAccessorImpl.newInstance(Unknown Source)
	at java.lang.reflect.Constructor.newInstance(Unknown Source)
	at org.openqa.selenium.remote.ErrorHandler.createThrowable(ErrorHandler.java:216)
	at org.openqa.selenium.remote.ErrorHandler.throwIfResponseFailed(ErrorHandler.java:168)
	at org.openqa.selenium.remote.RemoteWebDriver.execute(RemoteWebDriver.java:635)
	at org.openqa.selenium.remote.RemoteWebDriver.findElement(RemoteWebDriver.java:368)
	at org.openqa.selenium.remote.RemoteWebDriver.findElementByXPath(RemoteWebDriver.java:473)
	at org.openqa.selenium.By$ByXPath.findElement(By.java:361)
	at org.openqa.selenium.remote.RemoteWebDriver.findElement(RemoteWebDriver.java:360)
	at layout.TemplatesPage.editTemplate(TemplatesPage.java:60)
	at layout.TemplatesEdit_testcases.inactivate_template(TemplatesEdit_testcases.java:172)
	at sun.reflect.NativeMethodAccessorImpl.invoke0(Native Method)
	at sun.reflect.NativeMethodAccessorImpl.invoke(Unknown Source)
	at sun.reflect.DelegatingMethodAccessorImpl.invoke(Unknown Source)
	at java.lang.reflect.Method.invoke(Unknown Source)
	at org.testng.internal.MethodInvocationHelper.invokeMethod(MethodInvocationHelper.java:100)
	at org.testng.internal.Invoker.invokeMethod(Invoker.java:646)
	at org.testng.internal.Invoker.invokeTestMethod(Invoker.java:811)
	at org.testng.internal.Invoker.invokeTestMethods(Invoker.java:1137)
	at org.testng.internal.TestMethodWorker.invokeTestMethods(TestMethodWorker.java:129)
	at org.testng.internal.TestMethodWorker.run(TestMethodWorker.java:112)
	at java.util.concurrent.ThreadPoolExecutor.runWorker(Unknown Source)
	at java.util.concurrent.ThreadPoolExecutor$Worker.run(Unknown Source)
	at java.lang.Thread.run(Unknown Source)
</pre></div></td>
<td>29</td>
<td>layout.TemplatesEdit_testcases@cd2dae5</td></tr>
</table><p>
<table width='100%' border='1' class='invocation-passed'>
<tr><td colspan='4' align='center'><b>PASSED TESTS</b></td></tr>
<tr><td><b>Test method</b></td>
<td width="30%"><b>Exception</b></td>
<td width="10%"><b>Time (seconds)</b></td>
<td><b>Instance</b></td>
</tr>
<tr>
<td title='layout.RegionsEdit_testcases.activate_region()'><b>activate_region</b><br>Test class: layout.RegionsEdit_testcases</td>
<td></td>
<td>35</td>
<td>layout.RegionsEdit_testcases@32709393</td></tr>
<tr>
<td title='layout.TemplatesEdit_testcases.activate_template()'><b>activate_template</b><br>Test class: layout.TemplatesEdit_testcases</td>
<td></td>
<td>38</td>
<td>layout.TemplatesEdit_testcases@cd2dae5</td></tr>
<tr>
<td title='layout.RegionsEdit_testcases.archive_region()'><b>archive_region</b><br>Test class: layout.RegionsEdit_testcases</td>
<td></td>
<td>18</td>
<td>layout.RegionsEdit_testcases@32709393</td></tr>
<tr>
<td title='layout.TemplatesEdit_testcases.archive_template()'><b>archive_template</b><br>Test class: layout.TemplatesEdit_testcases</td>
<td></td>
<td>15</td>
<td>layout.TemplatesEdit_testcases@cd2dae5</td></tr>
<tr>
<td title='layout.Regions_TestCases.create_a_new_region()'><b>create_a_new_region</b><br>Test class: layout.Regions_TestCases</td>
<td></td>
<td>35</td>
<td>layout.Regions_TestCases@3cef309d</td></tr>
<tr>
<td title='layout.Regions_TestCases.create_a_new_region_with_a_duplicate_name()'><b>create_a_new_region_with_a_duplicate_name</b><br>Test class: layout.Regions_TestCases</td>
<td></td>
<td>29</td>
<td>layout.Regions_TestCases@3cef309d</td></tr>
<tr>
<td title='layout.Regions_TestCases.create_a_new_region_without_a_name()'><b>create_a_new_region_without_a_name</b><br>Test class: layout.Regions_TestCases</td>
<td></td>
<td>26</td>
<td>layout.Regions_TestCases@3cef309d</td></tr>
<tr>
<td title='layout.Templates_TestCases.create_a_new_template_channel_email_type_communication()'><b>create_a_new_template_channel_email_type_communication</b><br>Test class: layout.Templates_TestCases</td>
<td></td>
<td>62</td>
<td>layout.Templates_TestCases@49fc609f</td></tr>
<tr>
<td title='layout.Templates_TestCases.create_a_new_template_channel_email_type_message()'><b>create_a_new_template_channel_email_type_message</b><br>Test class: layout.Templates_TestCases</td>
<td></td>
<td>58</td>
<td>layout.Templates_TestCases@49fc609f</td></tr>
<tr>
<td title='layout.Templates_TestCases.create_a_new_template_channel_web_type_communication()'><b>create_a_new_template_channel_web_type_communication</b><br>Test class: layout.Templates_TestCases</td>
<td></td>
<td>58</td>
<td>layout.Templates_TestCases@49fc609f</td></tr>
<tr>
<td title='layout.Templates_TestCases.create_a_new_template_channel_web_type_message()'><b>create_a_new_template_channel_web_type_message</b><br>Test class: layout.Templates_TestCases</td>
<td></td>
<td>58</td>
<td>layout.Templates_TestCases@49fc609f</td></tr>
<tr>
<td title='layout.Templates_TestCases.create_a_new_template_without_a_channel()'><b>create_a_new_template_without_a_channel</b><br>Test class: layout.Templates_TestCases</td>
<td></td>
<td>37</td>
<td>layout.Templates_TestCases@49fc609f</td></tr>
<tr>
<td title='layout.Templates_TestCases.create_a_new_template_without_a_clientname()'><b>create_a_new_template_without_a_clientname</b><br>Test class: layout.Templates_TestCases</td>
<td></td>
<td>35</td>
<td>layout.Templates_TestCases@49fc609f</td></tr>
<tr>
<td title='layout.Templates_TestCases.create_a_new_template_without_a_name()'><b>create_a_new_template_without_a_name</b><br>Test class: layout.Templates_TestCases</td>
<td></td>
<td>37</td>
<td>layout.Templates_TestCases@49fc609f</td></tr>
<tr>
<td title='layout.Templates_TestCases.create_a_new_template_without_a_type()'><b>create_a_new_template_without_a_type</b><br>Test class: layout.Templates_TestCases</td>
<td></td>
<td>35</td>
<td>layout.Templates_TestCases@49fc609f</td></tr>
<tr>
<td title='layout.Regions_TestCases.database_delete_region()'><b>database_delete_region</b><br>Test class: layout.Regions_TestCases</td>
<td></td>
<td>2</td>
<td>layout.Regions_TestCases@3cef309d</td></tr>
<tr>
<td title='layout.Templates_TestCases.delete_template_from_db()'><b>delete_template_from_db</b><br>Test class: layout.Templates_TestCases</td>
<td></td>
<td>2</td>
<td>layout.Templates_TestCases@49fc609f</td></tr>
<tr>
<td title='layout.RegionsEdit_testcases.restore_region()'><b>restore_region</b><br>Test class: layout.RegionsEdit_testcases</td>
<td></td>
<td>27</td>
<td>layout.RegionsEdit_testcases@32709393</td></tr>
<tr>
<td title='layout.TemplatesEdit_testcases.restore_template()'><b>restore_template</b><br>Test class: layout.TemplatesEdit_testcases</td>
<td></td>
<td>28</td>
<td>layout.TemplatesEdit_testcases@cd2dae5</td></tr>
<tr>
<td title='layout.TemplatesEdit_testcases.select_button_cancel_in_template_page()'><b>select_button_cancel_in_template_page</b><br>Test class: layout.TemplatesEdit_testcases</td>
<td></td>
<td>31</td>
<td>layout.TemplatesEdit_testcases@cd2dae5</td></tr>
<tr>
<td title='layout.TemplatesEdit_testcases.select_button_save_in_template_page()'><b>select_button_save_in_template_page</b><br>Test class: layout.TemplatesEdit_testcases</td>
<td></td>
<td>31</td>
<td>layout.TemplatesEdit_testcases@cd2dae5</td></tr>
<tr>
<td title='layout.TemplatesEdit_testcases.set_template_workflow_to_approved()'><b>set_template_workflow_to_approved</b><br>Test class: layout.TemplatesEdit_testcases</td>
<td></td>
<td>33</td>
<td>layout.TemplatesEdit_testcases@cd2dae5</td></tr>
<tr>
<td title='layout.TemplatesEdit_testcases.set_template_workflow_to_draft()'><b>set_template_workflow_to_draft</b><br>Test class: layout.TemplatesEdit_testcases</td>
<td></td>
<td>30</td>
<td>layout.TemplatesEdit_testcases@cd2dae5</td></tr>
<tr>
<td title='layout.RegionsEdit_testcases.update_region_description()'><b>update_region_description</b><br>Test class: layout.RegionsEdit_testcases</td>
<td></td>
<td>33</td>
<td>layout.RegionsEdit_testcases@32709393</td></tr>
<tr>
<td title='layout.RegionsEdit_testcases.update_region_name()'><b>update_region_name</b><br>Test class: layout.RegionsEdit_testcases</td>
<td></td>
<td>42</td>
<td>layout.RegionsEdit_testcases@32709393</td></tr>
<tr>
<td title='layout.RegionsEdit_testcases.update_region_name_to_previous()'><b>update_region_name_to_previous</b><br>Test class: layout.RegionsEdit_testcases</td>
<td></td>
<td>41</td>
<td>layout.RegionsEdit_testcases@32709393</td></tr>
<tr>
<td title='layout.TemplatesEdit_testcases.update_template_brand()'><b>update_template_brand</b><br>Test class: layout.TemplatesEdit_testcases</td>
<td></td>
<td>43</td>
<td>layout.TemplatesEdit_testcases@cd2dae5</td></tr>
<tr>
<td title='layout.TemplatesEdit_testcases.update_template_brand_to_previous()'><b>update_template_brand_to_previous</b><br>Test class: layout.TemplatesEdit_testcases</td>
<td></td>
<td>39</td>
<td>layout.TemplatesEdit_testcases@cd2dae5</td></tr>
<tr>
<td title='layout.TemplatesEdit_testcases.update_template_channel()'><b>update_template_channel</b><br>Test class: layout.TemplatesEdit_testcases</td>
<td></td>
<td>37</td>
<td>layout.TemplatesEdit_testcases@cd2dae5</td></tr>
<tr>
<td title='layout.TemplatesEdit_testcases.update_template_channel_to_previous()'><b>update_template_channel_to_previous</b><br>Test class: layout.TemplatesEdit_testcases</td>
<td></td>
<td>37</td>
<td>layout.TemplatesEdit_testcases@cd2dae5</td></tr>
<tr>
<td title='layout.TemplatesEdit_testcases.update_template_clientname()'><b>update_template_clientname</b><br>Test class: layout.TemplatesEdit_testcases</td>
<td></td>
<td>37</td>
<td>layout.TemplatesEdit_testcases@cd2dae5</td></tr>
<tr>
<td title='layout.TemplatesEdit_testcases.update_template_clientname_to_previous()'><b>update_template_clientname_to_previous</b><br>Test class: layout.TemplatesEdit_testcases</td>
<td></td>
<td>39</td>
<td>layout.TemplatesEdit_testcases@cd2dae5</td></tr>
<tr>
<td title='layout.TemplatesEdit_testcases.update_template_name()'><b>update_template_name</b><br>Test class: layout.TemplatesEdit_testcases</td>
<td></td>
<td>37</td>
<td>layout.TemplatesEdit_testcases@cd2dae5</td></tr>
<tr>
<td title='layout.TemplatesEdit_testcases.update_template_name_to_previous()'><b>update_template_name_to_previous</b><br>Test class: layout.TemplatesEdit_testcases</td>
<td></td>
<td>38</td>
<td>layout.TemplatesEdit_testcases@cd2dae5</td></tr>
<tr>
<td title='layout.RegionsRestore_testcases.validate_region_page()'><b>validate_region_page</b><br>Test class: layout.RegionsRestore_testcases</td>
<td></td>
<td>11</td>
<td>layout.RegionsRestore_testcases@3d99d22e</td></tr>
<tr>
<td title='layout.TemplatesRestore_testcases.validate_template_page()'><b>validate_template_page</b><br>Test class: layout.TemplatesRestore_testcases</td>
<td></td>
<td>11</td>
<td>layout.TemplatesRestore_testcases@3a883ce7</td></tr>
</table><p>
</body>
</html>