<?xml version="1.0" encoding="UTF-8"?>
<!-- Generated by org.testng.reporters.JUnitXMLReporter -->
<testsuite hostname="R90JDQN3" name="LAYOUT REGRESSION RUN" tests="38" failures="2" timestamp="12 Dec 2016 23:41:32 GMT" time="756.344" errors="0">
  <testcase name="validate_region_page" time="11.593" classname="layout.RegionsRestore_testcases"/>
  <testcase name="create_a_new_region" time="35.942" classname="layout.Regions_TestCases"/>
  <testcase name="update_region_name" time="42.721" classname="layout.RegionsEdit_testcases"/>
  <testcase name="validate_template_page" time="11.028" classname="layout.TemplatesRestore_testcases"/>
  <testcase name="create_a_new_template_channel_email_type_communication" time="62.211" classname="layout.Templates_TestCases"/>
  <testcase name="update_template_brand" time="43.385" classname="layout.TemplatesEdit_testcases"/>
  <testcase name="create_a_new_region_with_a_duplicate_name" time="29.906" classname="layout.Regions_TestCases"/>
  <testcase name="activate_region" time="35.986" classname="layout.RegionsEdit_testcases"/>
  <testcase name="create_a_new_region_without_a_name" time="26.36" classname="layout.Regions_TestCases"/>
  <testcase name="database_delete_region" time="2.221" classname="layout.Regions_TestCases"/>
  <testcase name="create_a_new_template_channel_email_type_message" time="58.234" classname="layout.Templates_TestCases"/>
  <testcase name="archive_region" time="18.641" classname="layout.RegionsEdit_testcases"/>
  <testcase name="activate_template" time="38.535" classname="layout.TemplatesEdit_testcases"/>
  <testcase name="inactivate_region" time="28.162" classname="layout.RegionsEdit_testcases">
    <failure type="org.openqa.selenium.NoSuchElementException" message="no such element: Unable to locate element: {&amp;quot;method&amp;quot;:&amp;quot;xpath&amp;quot;,&amp;quot;selector&amp;quot;:&amp;quot;//a[contains(@href, &amp;apos;/region/edit/74&amp;apos;)]&amp;quot;}
  (Session info: chrome=54.0.2840.99)
  (Driver info: chromedriver=2.25.426923 (0390b88869384d6eb0d5d09729679f934aab9eed),platform=Windows NT 10.0.10586 x86_64) (WARNING: The server did not provide any stacktrace information)
Command duration or timeout: 10.06 seconds
For documentation on this error, please visit: http://seleniumhq.org/exceptions/no_such_element.html
Build info: version: &amp;apos;3.0.1&amp;apos;, revision: &amp;apos;1969d75&amp;apos;, time: &amp;apos;2016-10-18 09:49:13 -0700&amp;apos;
System info: host: &amp;apos;R90JDQN3&amp;apos;, ip: &amp;apos;10.16.22.131&amp;apos;, os.name: &amp;apos;Windows 10&amp;apos;, os.arch: &amp;apos;amd64&amp;apos;, os.version: &amp;apos;10.0&amp;apos;, java.version: &amp;apos;1.8.0_111&amp;apos;
Driver info: org.openqa.selenium.chrome.ChromeDriver
Capabilities [{applicationCacheEnabled=false, rotatable=false, mobileEmulationEnabled=false, networkConnectionEnabled=false, chrome={chromedriverVersion=2.25.426923 (0390b88869384d6eb0d5d09729679f934aab9eed), userDataDir=C:\Users\PRINCE~1.KAB\AppData\Local\Temp\scoped_dir16612_26872}, takesHeapSnapshot=true, pageLoadStrategy=normal, databaseEnabled=false, handlesAlerts=true, hasTouchScreen=false, version=54.0.2840.99, platform=XP, browserConnectionEnabled=false, nativeEvents=true, acceptSslCerts=true, locationContextEnabled=true, webStorageEnabled=true, browserName=chrome, takesScreenshot=true, javascriptEnabled=true, cssSelectorsEnabled=true}]
Session ID: f99c3718d7bd0eabfa2ca68ba8fb2c61
*** Element info: {Using=xpath, value=//a[contains(@href, &amp;apos;/region/edit/74&amp;apos;)]}">
      <![CDATA[org.openqa.selenium.NoSuchElementException: no such element: Unable to locate element: {"method":"xpath","selector":"//a[contains(@href, '/region/edit/74')]"}
  (Session info: chrome=54.0.2840.99)
  (Driver info: chromedriver=2.25.426923 (0390b88869384d6eb0d5d09729679f934aab9eed),platform=Windows NT 10.0.10586 x86_64) (WARNING: The server did not provide any stacktrace information)
Command duration or timeout: 10.06 seconds
For documentation on this error, please visit: http://seleniumhq.org/exceptions/no_such_element.html
Build info: version: '3.0.1', revision: '1969d75', time: '2016-10-18 09:49:13 -0700'
System info: host: 'R90JDQN3', ip: '10.16.22.131', os.name: 'Windows 10', os.arch: 'amd64', os.version: '10.0', java.version: '1.8.0_111'
Driver info: org.openqa.selenium.chrome.ChromeDriver
Capabilities [{applicationCacheEnabled=false, rotatable=false, mobileEmulationEnabled=false, networkConnectionEnabled=false, chrome={chromedriverVersion=2.25.426923 (0390b88869384d6eb0d5d09729679f934aab9eed), userDataDir=C:\Users\PRINCE~1.KAB\AppData\Local\Temp\scoped_dir16612_26872}, takesHeapSnapshot=true, pageLoadStrategy=normal, databaseEnabled=false, handlesAlerts=true, hasTouchScreen=false, version=54.0.2840.99, platform=XP, browserConnectionEnabled=false, nativeEvents=true, acceptSslCerts=true, locationContextEnabled=true, webStorageEnabled=true, browserName=chrome, takesScreenshot=true, javascriptEnabled=true, cssSelectorsEnabled=true}]
Session ID: f99c3718d7bd0eabfa2ca68ba8fb2c61
*** Element info: {Using=xpath, value=//a[contains(@href, '/region/edit/74')]}
	at org.openqa.selenium.remote.ErrorHandler.createThrowable(ErrorHandler.java:216)
	at org.openqa.selenium.remote.ErrorHandler.throwIfResponseFailed(ErrorHandler.java:168)
	at org.openqa.selenium.remote.RemoteWebDriver.execute(RemoteWebDriver.java:635)
	at org.openqa.selenium.remote.RemoteWebDriver.findElement(RemoteWebDriver.java:368)
	at org.openqa.selenium.remote.RemoteWebDriver.findElementByXPath(RemoteWebDriver.java:473)
	at org.openqa.selenium.By$ByXPath.findElement(By.java:361)
	at org.openqa.selenium.remote.RemoteWebDriver.findElement(RemoteWebDriver.java:360)
	at layout.RegionsPage.editRegion(RegionsPage.java:60)
	at layout.RegionsEdit_testcases.inactivate_region(RegionsEdit_testcases.java:54)
	at java.util.concurrent.ThreadPoolExecutor.runWorker(Unknown Source)
	at java.util.concurrent.ThreadPoolExecutor$Worker.run(Unknown Source)
	at java.lang.Thread.run(Unknown Source)
... Removed 13 stack frames]]>
    </failure>
  </testcase> <!-- inactivate_region -->
  <testcase name="archive_template" time="15.78" classname="layout.TemplatesEdit_testcases"/>
  <testcase name="create_a_new_template_channel_web_type_communication" time="58.334" classname="layout.Templates_TestCases"/>
  <testcase name="restore_region" time="27.627" classname="layout.RegionsEdit_testcases"/>
  <testcase name="inactivate_template" time="29.68" classname="layout.TemplatesEdit_testcases">
    <failure type="org.openqa.selenium.NoSuchElementException" message="no such element: Unable to locate element: {&amp;quot;method&amp;quot;:&amp;quot;xpath&amp;quot;,&amp;quot;selector&amp;quot;:&amp;quot;//a[contains(@href, &amp;apos;/template/edit/351&amp;apos;)]&amp;quot;}
  (Session info: chrome=54.0.2840.99)
  (Driver info: chromedriver=2.25.426923 (0390b88869384d6eb0d5d09729679f934aab9eed),platform=Windows NT 10.0.10586 x86_64) (WARNING: The server did not provide any stacktrace information)
Command duration or timeout: 10.06 seconds
For documentation on this error, please visit: http://seleniumhq.org/exceptions/no_such_element.html
Build info: version: &amp;apos;3.0.1&amp;apos;, revision: &amp;apos;1969d75&amp;apos;, time: &amp;apos;2016-10-18 09:49:13 -0700&amp;apos;
System info: host: &amp;apos;R90JDQN3&amp;apos;, ip: &amp;apos;10.16.22.131&amp;apos;, os.name: &amp;apos;Windows 10&amp;apos;, os.arch: &amp;apos;amd64&amp;apos;, os.version: &amp;apos;10.0&amp;apos;, java.version: &amp;apos;1.8.0_111&amp;apos;
Driver info: org.openqa.selenium.chrome.ChromeDriver
Capabilities [{applicationCacheEnabled=false, rotatable=false, mobileEmulationEnabled=false, networkConnectionEnabled=false, chrome={chromedriverVersion=2.25.426923 (0390b88869384d6eb0d5d09729679f934aab9eed), userDataDir=C:\Users\PRINCE~1.KAB\AppData\Local\Temp\scoped_dir16504_22407}, takesHeapSnapshot=true, pageLoadStrategy=normal, databaseEnabled=false, handlesAlerts=true, hasTouchScreen=false, version=54.0.2840.99, platform=XP, browserConnectionEnabled=false, nativeEvents=true, acceptSslCerts=true, locationContextEnabled=true, webStorageEnabled=true, browserName=chrome, takesScreenshot=true, javascriptEnabled=true, cssSelectorsEnabled=true}]
Session ID: 76e2c49ab670c415cb2bae14eaaba99a
*** Element info: {Using=xpath, value=//a[contains(@href, &amp;apos;/template/edit/351&amp;apos;)]}">
      <![CDATA[org.openqa.selenium.NoSuchElementException: no such element: Unable to locate element: {"method":"xpath","selector":"//a[contains(@href, '/template/edit/351')]"}
  (Session info: chrome=54.0.2840.99)
  (Driver info: chromedriver=2.25.426923 (0390b88869384d6eb0d5d09729679f934aab9eed),platform=Windows NT 10.0.10586 x86_64) (WARNING: The server did not provide any stacktrace information)
Command duration or timeout: 10.06 seconds
For documentation on this error, please visit: http://seleniumhq.org/exceptions/no_such_element.html
Build info: version: '3.0.1', revision: '1969d75', time: '2016-10-18 09:49:13 -0700'
System info: host: 'R90JDQN3', ip: '10.16.22.131', os.name: 'Windows 10', os.arch: 'amd64', os.version: '10.0', java.version: '1.8.0_111'
Driver info: org.openqa.selenium.chrome.ChromeDriver
Capabilities [{applicationCacheEnabled=false, rotatable=false, mobileEmulationEnabled=false, networkConnectionEnabled=false, chrome={chromedriverVersion=2.25.426923 (0390b88869384d6eb0d5d09729679f934aab9eed), userDataDir=C:\Users\PRINCE~1.KAB\AppData\Local\Temp\scoped_dir16504_22407}, takesHeapSnapshot=true, pageLoadStrategy=normal, databaseEnabled=false, handlesAlerts=true, hasTouchScreen=false, version=54.0.2840.99, platform=XP, browserConnectionEnabled=false, nativeEvents=true, acceptSslCerts=true, locationContextEnabled=true, webStorageEnabled=true, browserName=chrome, takesScreenshot=true, javascriptEnabled=true, cssSelectorsEnabled=true}]
Session ID: 76e2c49ab670c415cb2bae14eaaba99a
*** Element info: {Using=xpath, value=//a[contains(@href, '/template/edit/351')]}
	at org.openqa.selenium.remote.ErrorHandler.createThrowable(ErrorHandler.java:216)
	at org.openqa.selenium.remote.ErrorHandler.throwIfResponseFailed(ErrorHandler.java:168)
	at org.openqa.selenium.remote.RemoteWebDriver.execute(RemoteWebDriver.java:635)
	at org.openqa.selenium.remote.RemoteWebDriver.findElement(RemoteWebDriver.java:368)
	at org.openqa.selenium.remote.RemoteWebDriver.findElementByXPath(RemoteWebDriver.java:473)
	at org.openqa.selenium.By$ByXPath.findElement(By.java:361)
	at org.openqa.selenium.remote.RemoteWebDriver.findElement(RemoteWebDriver.java:360)
	at layout.TemplatesPage.editTemplate(TemplatesPage.java:60)
	at layout.TemplatesEdit_testcases.inactivate_template(TemplatesEdit_testcases.java:172)
	at java.util.concurrent.ThreadPoolExecutor.runWorker(Unknown Source)
	at java.util.concurrent.ThreadPoolExecutor$Worker.run(Unknown Source)
	at java.lang.Thread.run(Unknown Source)
... Removed 13 stack frames]]>
    </failure>
  </testcase> <!-- inactivate_template -->
  <testcase name="update_region_description" time="33.724" classname="layout.RegionsEdit_testcases"/>
  <testcase name="create_a_new_template_channel_web_type_message" time="58.238" classname="layout.Templates_TestCases"/>
  <testcase name="restore_template" time="28.039" classname="layout.TemplatesEdit_testcases"/>
  <testcase name="update_region_name_to_previous" time="41.766" classname="layout.RegionsEdit_testcases"/>
  <testcase name="select_button_cancel_in_template_page" time="31.047" classname="layout.TemplatesEdit_testcases"/>
  <testcase name="create_a_new_template_without_a_channel" time="37.456" classname="layout.Templates_TestCases"/>
  <testcase name="select_button_save_in_template_page" time="31.723" classname="layout.TemplatesEdit_testcases"/>
  <testcase name="create_a_new_template_without_a_clientname" time="35.052" classname="layout.Templates_TestCases"/>
  <testcase name="set_template_workflow_to_approved" time="33.113" classname="layout.TemplatesEdit_testcases"/>
  <testcase name="create_a_new_template_without_a_name" time="37.221" classname="layout.Templates_TestCases"/>
  <testcase name="set_template_workflow_to_draft" time="30.494" classname="layout.TemplatesEdit_testcases"/>
  <testcase name="create_a_new_template_without_a_type" time="35.207" classname="layout.Templates_TestCases"/>
  <testcase name="delete_template_from_db" time="2.608" classname="layout.Templates_TestCases"/>
  <testcase name="update_template_brand_to_previous" time="39.838" classname="layout.TemplatesEdit_testcases"/>
  <testcase name="update_template_channel" time="37.723" classname="layout.TemplatesEdit_testcases"/>
  <testcase name="update_template_channel_to_previous" time="37.923" classname="layout.TemplatesEdit_testcases"/>
  <testcase name="update_template_clientname" time="37.577" classname="layout.TemplatesEdit_testcases"/>
  <testcase name="update_template_clientname_to_previous" time="39.259" classname="layout.TemplatesEdit_testcases"/>
  <testcase name="update_template_name" time="37.68" classname="layout.TemplatesEdit_testcases"/>
  <testcase name="update_template_name_to_previous" time="38.414" classname="layout.TemplatesEdit_testcases"/>
</testsuite> <!-- LAYOUT REGRESSION RUN -->
