<?xml version="1.0" encoding="UTF-8"?>
<!-- Generated by org.testng.reporters.JUnitXMLReporter -->
<testsuite hostname="prikab" name="PROGRAMS TESTCASES" tests="18" failures="6" timestamp="17 Aug 2016 23:09:54 GMT" time="1983.057" errors="0">
  <testcase name="create_a_new_program" time="34.796" classname="manage.Programs_testcases">
    <failure type="java.lang.AssertionError" message="expected [Carnival Corporation &amp;amp; PLC] but found [Select a Client]">
      <![CDATA[java.lang.AssertionError: expected [Carnival Corporation & PLC] but found [Select a Client]
	at manage.ProgramsAddPage.addClientName(ProgramsAddPage.java:30)
	at manage.Programs_testcases.create_a_new_program(Programs_testcases.java:23)
	at java.util.concurrent.FutureTask.run(Unknown Source)
	at java.util.concurrent.ThreadPoolExecutor.runWorker(Unknown Source)
	at java.util.concurrent.ThreadPoolExecutor$Worker.run(Unknown Source)
	at java.lang.Thread.run(Unknown Source)
... Removed 22 stack frames]]>
    </failure>
  </testcase> <!-- create_a_new_program -->
  <testcase name="update_program_name" time="53.482" classname="manage.ProgramsEdit_testcases"/>
  <testcase name="validate_program_archive_page" time="36.257" classname="manage.ProgramsRestore_testcases"/>
  <testcase name="create_a_new_program_without_a_client_name" time="83.323" classname="manage.Programs_testcases"/>
  <testcase name="update_program_name_to_previous" time="35.766" classname="manage.ProgramsEdit_testcases">
    <failure type="org.openqa.selenium.NoSuchElementException" message="Could not find element: {&amp;quot;using&amp;quot;:&amp;quot;css selector&amp;quot;,&amp;quot;value&amp;quot;:&amp;quot;a[href*=&amp;apos;/program/edit/5&amp;apos;]&amp;quot;} (WARNING: The server did not provide any stacktrace information)
Command duration or timeout: 10.09 seconds
For documentation on this error, please visit: http://seleniumhq.org/exceptions/no_such_element.html
Build info: version: &amp;apos;2.45.0&amp;apos;, revision: &amp;apos;5017cb8&amp;apos;, time: &amp;apos;2015-02-26 23:59:50&amp;apos;
System info: host: &amp;apos;mac-208-78-105-57.browserstack.com&amp;apos;, ip: &amp;apos;208.78.105.57&amp;apos;, os.name: &amp;apos;Mac OS X&amp;apos;, os.arch: &amp;apos;x86_64&amp;apos;, os.version: &amp;apos;10.11.4&amp;apos;, java.version: &amp;apos;1.8.0_91&amp;apos;
Driver info: org.openqa.selenium.safari.SafariDriver
Capabilities [{browserName=safari, takesScreenshot=true, javascriptEnabled=true, version=9.1, cssSelectorsEnabled=true, platform=MAC, secureSsl=true}]
Session ID: null
*** Element info: {Using=css selector, value=a[href*=&amp;apos;/program/edit/5&amp;apos;]}
Command duration or timeout: 10.40 seconds
For documentation on this error, please visit: http://seleniumhq.org/exceptions/no_such_element.html
Build info: version: &amp;apos;2.53.1&amp;apos;, revision: &amp;apos;a36b8b1cd5757287168e54b817830adce9b0158d&amp;apos;, time: &amp;apos;2016-06-30 19:26:09&amp;apos;
System info: host: &amp;apos;prikab&amp;apos;, ip: &amp;apos;10.16.22.140&amp;apos;, os.name: &amp;apos;Windows 10&amp;apos;, os.arch: &amp;apos;amd64&amp;apos;, os.version: &amp;apos;10.0&amp;apos;, java.version: &amp;apos;1.8.0_91&amp;apos;
Driver info: org.openqa.selenium.remote.RemoteWebDriver
Capabilities [{webdriver.remote.sessionid=b6b092e5c27b7d820a218a7f8c38db912de087fb, browserName=safari, takesScreenshot=true, javascriptEnabled=true, version=9.1, cssSelectorsEnabled=true, platform=MAC, secureSsl=true}]
Session ID: b6b092e5c27b7d820a218a7f8c38db912de087fb
*** Element info: {Using=css selector, value=a[href*=&amp;apos;/program/edit/5&amp;apos;]}">
      <![CDATA[org.openqa.selenium.NoSuchElementException: Could not find element: {"using":"css selector","value":"a[href*='/program/edit/5']"} (WARNING: The server did not provide any stacktrace information)
Command duration or timeout: 10.09 seconds
For documentation on this error, please visit: http://seleniumhq.org/exceptions/no_such_element.html
Build info: version: '2.45.0', revision: '5017cb8', time: '2015-02-26 23:59:50'
System info: host: 'mac-208-78-105-57.browserstack.com', ip: '208.78.105.57', os.name: 'Mac OS X', os.arch: 'x86_64', os.version: '10.11.4', java.version: '1.8.0_91'
Driver info: org.openqa.selenium.safari.SafariDriver
Capabilities [{browserName=safari, takesScreenshot=true, javascriptEnabled=true, version=9.1, cssSelectorsEnabled=true, platform=MAC, secureSsl=true}]
Session ID: null
*** Element info: {Using=css selector, value=a[href*='/program/edit/5']}
Command duration or timeout: 10.40 seconds
For documentation on this error, please visit: http://seleniumhq.org/exceptions/no_such_element.html
Build info: version: '2.53.1', revision: 'a36b8b1cd5757287168e54b817830adce9b0158d', time: '2016-06-30 19:26:09'
System info: host: 'prikab', ip: '10.16.22.140', os.name: 'Windows 10', os.arch: 'amd64', os.version: '10.0', java.version: '1.8.0_91'
Driver info: org.openqa.selenium.remote.RemoteWebDriver
Capabilities [{webdriver.remote.sessionid=b6b092e5c27b7d820a218a7f8c38db912de087fb, browserName=safari, takesScreenshot=true, javascriptEnabled=true, version=9.1, cssSelectorsEnabled=true, platform=MAC, secureSsl=true}]
Session ID: b6b092e5c27b7d820a218a7f8c38db912de087fb
*** Element info: {Using=css selector, value=a[href*='/program/edit/5']}
	at org.openqa.selenium.remote.ErrorHandler.createThrowable(ErrorHandler.java:206)
	at org.openqa.selenium.remote.ErrorHandler.throwIfResponseFailed(ErrorHandler.java:158)
	at org.openqa.selenium.remote.RemoteWebDriver.execute(RemoteWebDriver.java:678)
	at org.openqa.selenium.remote.RemoteWebDriver.findElement(RemoteWebDriver.java:363)
	at org.openqa.selenium.remote.RemoteWebDriver.findElementByCssSelector(RemoteWebDriver.java:492)
	at org.openqa.selenium.By$ByCssSelector.findElement(By.java:430)
	at org.openqa.selenium.remote.RemoteWebDriver.findElement(RemoteWebDriver.java:355)
	at manage.ProgramsPage.editProgram(ProgramsPage.java:158)
	at manage.ProgramsEdit_testcases.update_program_name_to_previous(ProgramsEdit_testcases.java:32)
	at java.util.concurrent.FutureTask.run(Unknown Source)
	at java.util.concurrent.ThreadPoolExecutor.runWorker(Unknown Source)
	at java.util.concurrent.ThreadPoolExecutor$Worker.run(Unknown Source)
	at java.lang.Thread.run(Unknown Source)
Caused by: org.openqa.selenium.NoSuchElementException: Could not find element: {"using":"css selector","value":"a[href*='/program/edit/5']"} (WARNING: The server did not provide any stacktrace information)
Command duration or timeout: 10.09 seconds
For documentation on this error, please visit: http://seleniumhq.org/exceptions/no_such_element.html
Build info: version: '2.45.0', revision: '5017cb8', time: '2015-02-26 23:59:50'
System info: host: 'mac-208-78-105-57.browserstack.com', ip: '208.78.105.57', os.name: 'Mac OS X', os.arch: 'x86_64', os.version: '10.11.4', java.version: '1.8.0_91'
Driver info: org.openqa.selenium.safari.SafariDriver
Capabilities [{browserName=safari, takesScreenshot=true, javascriptEnabled=true, version=9.1, cssSelectorsEnabled=true, platform=MAC, secureSsl=true}]
Session ID: null
*** Element info: {Using=css selector, value=a[href*='/program/edit/5']}
For documentation on this error, please visit: http://seleniumhq.org/exceptions/no_such_element.html
Build info: version: '2.53.1', revision: 'a36b8b1cd5757287168e54b817830adce9b0158d', time: '2016-06-30 19:26:09'
System info: host: 'prikab', ip: '10.16.22.140', os.name: 'Windows 10', os.arch: 'amd64', os.version: '10.0', java.version: '1.8.0_91'
Driver info: driver.version: EventFiringWebDriver
	at org.openqa.selenium.remote.ErrorHandler.createThrowable(ErrorHandler.java:204)
	at org.openqa.selenium.remote.ErrorHandler.throwIfResponseFailed(ErrorHandler.java:156)
	at org.openqa.selenium.remote.RemoteWebDriver.execute(RemoteWebDriver.java:599)
	at org.openqa.selenium.remote.RemoteWebDriver.findElement(RemoteWebDriver.java:352)
	at org.openqa.selenium.remote.RemoteWebDriver.findElementByCssSelector(RemoteWebDriver.java:441)
	at org.openqa.selenium.By$ByCssSelector.findElement(By.java:426)
	at org.openqa.selenium.remote.RemoteWebDriver.findElement(RemoteWebDriver.java:344)
	at org.openqa.selenium.support.events.EventFiringWebDriver$2.invoke(EventFiringWebDriver.java:101)
	at com.sun.proxy.$Proxy1.findElement(Unknown Source)
	at org.openqa.selenium.support.events.EventFiringWebDriver.findElement(EventFiringWebDriver.java:184)
	at org.openqa.selenium.remote.server.handler.FindElement.call(FindElement.java:47)
	at org.openqa.selenium.remote.server.handler.FindElement.call(FindElement.java:1)
	at java.util.concurrent.FutureTask.run(FutureTask.java:266)
	at org.openqa.selenium.remote.server.DefaultSession$1.run(DefaultSession.java:168)
	at java.util.concurrent.ThreadPoolExecutor.runWorker(ThreadPoolExecutor.java:1142)
	at java.util.concurrent.ThreadPoolExecutor$Worker.run(ThreadPoolExecutor.java:617)
	at java.lang.Thread.run(Thread.java:745)
... Removed 27 stack frames]]>
    </failure>
  </testcase> <!-- update_program_name_to_previous -->
  <testcase name="create_a_new_program_without_a_name" time="35.402" classname="manage.Programs_testcases">
    <failure type="java.lang.AssertionError" message="expected [Carnival Corporation &amp;amp; PLC] but found [Select a Client]">
      <![CDATA[java.lang.AssertionError: expected [Carnival Corporation & PLC] but found [Select a Client]
	at manage.ProgramsAddPage.addClientName(ProgramsAddPage.java:30)
	at manage.Programs_testcases.create_a_new_program_without_a_name(Programs_testcases.java:63)
	at java.util.concurrent.FutureTask.run(Unknown Source)
	at java.util.concurrent.ThreadPoolExecutor.runWorker(Unknown Source)
	at java.util.concurrent.ThreadPoolExecutor$Worker.run(Unknown Source)
	at java.lang.Thread.run(Unknown Source)
... Removed 22 stack frames]]>
    </failure>
  </testcase> <!-- create_a_new_program_without_a_name -->
  <testcase name="update_program_brands" time="62.838" classname="manage.ProgramsEdit_testcases"/>
  <testcase name="click_button_cancel_when_creating_a_new_program" time="35.028" classname="manage.Programs_testcases">
    <failure type="java.lang.AssertionError" message="expected [Carnival Corporation &amp;amp; PLC] but found [Select a Client]">
      <![CDATA[java.lang.AssertionError: expected [Carnival Corporation & PLC] but found [Select a Client]
	at manage.ProgramsAddPage.addClientName(ProgramsAddPage.java:30)
	at manage.Programs_testcases.click_button_cancel_when_creating_a_new_program(Programs_testcases.java:83)
	at java.util.concurrent.FutureTask.run(Unknown Source)
	at java.util.concurrent.ThreadPoolExecutor.runWorker(Unknown Source)
	at java.util.concurrent.ThreadPoolExecutor$Worker.run(Unknown Source)
	at java.lang.Thread.run(Unknown Source)
... Removed 22 stack frames]]>
    </failure>
  </testcase> <!-- click_button_cancel_when_creating_a_new_program -->
  <testcase name="update_program_url" time="56.66" classname="manage.ProgramsEdit_testcases"/>
  <testcase name="update_program_url_to_previous" time="56.101" classname="manage.ProgramsEdit_testcases"/>
  <testcase name="update_program_description" time="56.438" classname="manage.ProgramsEdit_testcases"/>
  <testcase name="select_cancel_button_in_program_edit_page" time="29.437" classname="manage.ProgramsEdit_testcases">
    <failure type="java.lang.AssertionError" message="expected [MMS - Programs] but found [MMS - Programs - Edit]">
      <![CDATA[java.lang.AssertionError: expected [MMS - Programs] but found [MMS - Programs - Edit]
	at manage.ProgramsEditPage.clickCancel(ProgramsEditPage.java:107)
	at manage.ProgramsEdit_testcases.select_cancel_button_in_program_edit_page(ProgramsEdit_testcases.java:100)
	at java.util.concurrent.FutureTask.run(Unknown Source)
	at java.util.concurrent.ThreadPoolExecutor.runWorker(Unknown Source)
	at java.util.concurrent.ThreadPoolExecutor$Worker.run(Unknown Source)
	at java.lang.Thread.run(Unknown Source)
... Removed 22 stack frames]]>
    </failure>
  </testcase> <!-- select_cancel_button_in_program_edit_page -->
  <testcase name="update_program_clientname" time="34.183" classname="manage.ProgramsEdit_testcases">
    <failure type="java.lang.AssertionError" message="expected [true] but found [false]">
      <![CDATA[java.lang.AssertionError: expected [true] but found [false]
	at manage.ProgramsEditPage.updateClientNameTo(ProgramsEditPage.java:31)
	at manage.ProgramsEdit_testcases.update_program_clientname(ProgramsEdit_testcases.java:112)
	at java.util.concurrent.FutureTask.run(Unknown Source)
	at java.util.concurrent.ThreadPoolExecutor.runWorker(Unknown Source)
	at java.util.concurrent.ThreadPoolExecutor$Worker.run(Unknown Source)
	at java.lang.Thread.run(Unknown Source)
... Removed 20 stack frames]]>
    </failure>
  </testcase> <!-- update_program_clientname -->
  <testcase name="update_program_clientname_to_previous" time="63.844" classname="manage.ProgramsEdit_testcases"/>
  <testcase name="inactivate_program" time="52.91" classname="manage.ProgramsEdit_testcases"/>
  <testcase name="activate_program" time="52.097" classname="manage.ProgramsEdit_testcases"/>
  <testcase name="archive_program" time="48.796" classname="manage.ProgramsEdit_testcases"/>
  <testcase name="restore_program" time="66.091" classname="manage.ProgramsEdit_testcases"/>
</testsuite> <!-- PROGRAMS TESTCASES -->
