<?xml version="1.0" encoding="UTF-8"?>
<testsuite name="PERMISSION CATEGORIES TESTCASES"
           tests="10"
           failures="1"
           errors="0"
           skipped="0"
           time="669.431">
  <properties />
            <testcase name="activate_permission_categories" time="30.552" classname="access.PermissionCategoriesEdit_TestCases">
                <failure type="java.lang.IllegalArgumentException"
                  message="Cannot find elements when the XPath expression is null."
              >
<![CDATA[java.lang.IllegalArgumentException: Cannot find elements when the XPath expression is null.
  org.openqa.selenium.By.xpath(By.java:113)
  access.PermissionCategoriesPage.editPermissionCategories(PermissionCategoriesPage.java:84)
  access.PermissionCategoriesEdit_TestCases.activate_permission_categories(PermissionCategoriesEdit_TestCases.java:126)
  sun.reflect.NativeMethodAccessorImpl.invoke0(Native Method)
  sun.reflect.NativeMethodAccessorImpl.invoke(NativeMethodAccessorImpl.java:62)
  sun.reflect.DelegatingMethodAccessorImpl.invoke(DelegatingMethodAccessorImpl.java:43)
  java.lang.reflect.Method.invoke(Method.java:498)
  org.testng.internal.MethodInvocationHelper.invokeMethod(MethodInvocationHelper.java:104)
  org.testng.internal.Invoker.invokeMethod(Invoker.java:645)
  org.testng.internal.Invoker.invokeTestMethod(Invoker.java:851)
  org.testng.internal.Invoker.invokeTestMethods(Invoker.java:1177)
  org.testng.internal.TestMethodWorker.invokeTestMethods(TestMethodWorker.java:129)
  org.testng.internal.TestMethodWorker.run(TestMethodWorker.java:112)
  org.testng.TestRunner.privateRun(TestRunner.java:756)
  org.testng.TestRunner.run(TestRunner.java:610)
  org.testng.SuiteRunner.runTest(SuiteRunner.java:387)
  org.testng.SuiteRunner.access$000(SuiteRunner.java:39)
  org.testng.SuiteRunner$SuiteWorker.run(SuiteRunner.java:421)
  org.testng.internal.thread.ThreadUtil$2.call(ThreadUtil.java:64)
  java.util.concurrent.FutureTask.run(FutureTask.java:266)
  java.util.concurrent.ThreadPoolExecutor.runWorker(ThreadPoolExecutor.java:1142)
  java.util.concurrent.ThreadPoolExecutor$Worker.run(ThreadPoolExecutor.java:617)
  java.lang.Thread.run(Thread.java:745)
]]>
      </failure>

          </testcase>
  
  
            <testcase name="update_permission_categories_conttroller_name" time="79.898" classname="access.PermissionCategoriesEdit_TestCases" />
                <testcase name="return_to_main_page_from_permission_categories_edit_page" time="31.827" classname="access.PermissionCategoriesEdit_TestCases" />
                <testcase name="update_permission_categories_name_to_previous" time="84.104" classname="access.PermissionCategoriesEdit_TestCases" />
                <testcase name="update_permission_categories_conttroller_name_to_previous" time="82.467" classname="access.PermissionCategoriesEdit_TestCases" />
                <testcase name="click_cancel_in_permission_categories_edit_page" time="32.077" classname="access.PermissionCategoriesEdit_TestCases" />
                <testcase name="archive_permission_categories" time="74.714" classname="access.PermissionCategoriesEdit_TestCases" />
                <testcase name="update_permission_categories_name" time="83.617" classname="access.PermissionCategoriesEdit_TestCases" />
                <testcase name="inactivate_permission_categories" time="79.993" classname="access.PermissionCategoriesEdit_TestCases" />
                <testcase name="restore_permission_categories" time="90.182" classname="access.PermissionCategoriesEdit_TestCases" />
      
</testsuite>
