<?xml version="1.0" encoding="UTF-8"?>
<testsuite name="REGIONS TESTCASES"
           tests="7"
           failures="1"
           errors="0"
           skipped="0"
           time="274.074">
  <properties />
            <testcase name="restore_region" time="3.599" classname="layout.RegionsEdit_testcases">
                <failure type="java.lang.IllegalArgumentException"
                  message="Cannot find elements with a null id attribute."
              >
<![CDATA[java.lang.IllegalArgumentException: Cannot find elements with a null id attribute.
  org.openqa.selenium.By.id(By.java:53)
  login.LoginPage.loginAs(LoginPage.java:24)
  layout.RegionsEdit_testcases.restore_region(RegionsEdit_testcases.java:87)
  sun.reflect.NativeMethodAccessorImpl.invoke0(Native Method)
  sun.reflect.NativeMethodAccessorImpl.invoke(NativeMethodAccessorImpl.java:62)
  sun.reflect.DelegatingMethodAccessorImpl.invoke(DelegatingMethodAccessorImpl.java:43)
  java.lang.reflect.Method.invoke(Method.java:498)
  org.testng.internal.MethodInvocationHelper.invokeMethod(MethodInvocationHelper.java:104)
  org.testng.internal.Invoker.invokeMethod(Invoker.java:645)
  org.testng.internal.Invoker.invokeTestMethod(Invoker.java:851)
  org.testng.internal.Invoker.invokeTestMethods(Invoker.java:1177)
  org.testng.internal.TestMethodWorker.invokeTestMethods(TestMethodWorker.java:129)
  org.testng.internal.TestMethodWorker.run(TestMethodWorker.java:112)
  org.testng.TestRunner.privateRun(TestRunner.java:756)
  org.testng.TestRunner.run(TestRunner.java:610)
  org.testng.SuiteRunner.runTest(SuiteRunner.java:387)
  org.testng.SuiteRunner.access$000(SuiteRunner.java:39)
  org.testng.SuiteRunner$SuiteWorker.run(SuiteRunner.java:421)
  org.testng.internal.thread.ThreadUtil$2.call(ThreadUtil.java:64)
  java.util.concurrent.FutureTask.run(FutureTask.java:266)
  java.util.concurrent.ThreadPoolExecutor.runWorker(ThreadPoolExecutor.java:1142)
  java.util.concurrent.ThreadPoolExecutor$Worker.run(ThreadPoolExecutor.java:617)
  java.lang.Thread.run(Thread.java:745)
]]>
      </failure>

          </testcase>
  
  
            <testcase name="update_region_name_to_previous" time="49.507" classname="layout.RegionsEdit_testcases" />
                <testcase name="inactivate_region" time="53.026" classname="layout.RegionsEdit_testcases" />
                <testcase name="activate_region" time="51.308" classname="layout.RegionsEdit_testcases" />
                <testcase name="update_region_name" time="50.479" classname="layout.RegionsEdit_testcases" />
                <testcase name="update_region_description" time="42.663" classname="layout.RegionsEdit_testcases" />
                <testcase name="archive_region" time="23.492" classname="layout.RegionsEdit_testcases" />
      
</testsuite>
