<html>
<head>
<title>TestNG:  BRANDS ADD TESTCASES</title>
<link href="../testng.css" rel="stylesheet" type="text/css" />
<link href="../my-testng.css" rel="stylesheet" type="text/css" />

<style type="text/css">
.log { display: none;} 
.stack-trace { display: none;} 
</style>
<script type="text/javascript">
<!--
function flip(e) {
  current = e.style.display;
  if (current == 'block') {
    e.style.display = 'none';
    return 0;
  }
  else {
    e.style.display = 'block';
    return 1;
  }
}

function toggleBox(szDivId, elem, msg1, msg2)
{
  var res = -1;  if (document.getElementById) {
    res = flip(document.getElementById(szDivId));
  }
  else if (document.all) {
    // this is the way old msie versions work
    res = flip(document.all[szDivId]);
  }
  if(elem) {
    if(res == 0) elem.innerHTML = msg1; else elem.innerHTML = msg2;
  }

}

function toggleAllBoxes() {
  if (document.getElementsByTagName) {
    d = document.getElementsByTagName('div');
    for (i = 0; i < d.length; i++) {
      if (d[i].className == 'log') {
        flip(d[i]);
      }
    }
  }
}

// -->
</script>

</head>
<body>
<h2 align='center'>BRANDS ADD TESTCASES</h2><table border='1' align="center">
<tr>
<td>Tests passed/Failed/Skipped:</td><td>5/1/0</td>
</tr><tr>
<td>Started on:</td><td>Thu Dec 22 14:05:41 CST 2016</td>
</tr>
<tr><td>Total time:</td><td>212 seconds (212222 ms)</td>
</tr><tr>
<td>Included groups:</td><td></td>
</tr><tr>
<td>Excluded groups:</td><td></td>
</tr>
</table><p/>
<small><i>(Hover the method name to see the test class name)</i></small><p/>
<table width='100%' border='1' class='invocation-failed'>
<tr><td colspan='4' align='center'><b>FAILED TESTS</b></td></tr>
<tr><td><b>Test method</b></td>
<td width="30%"><b>Exception</b></td>
<td width="10%"><b>Time (seconds)</b></td>
<td><b>Instance</b></td>
</tr>
<tr>
<td title='manage.Brands_testcases.create_a_new_brand()'><b>create_a_new_brand</b><br>Test class: manage.Brands_testcases</td>
<td><div><pre>java.lang.AssertionError: expected [Carnival Corporation &amp; PLC] but found [30]
	at manage.BrandsPage.validateUpdates(BrandsPage.java:140)
	at manage.Brands_testcases.create_a_new_brand(Brands_testcases.java:23)
	at java.util.concurrent.FutureTask.run(Unknown Source)
	at java.util.concurrent.ThreadPoolExecutor.runWorker(Unknown Source)
	at java.util.concurrent.ThreadPoolExecutor$Worker.run(Unknown Source)
	at java.lang.Thread.run(Unknown Source)
... Removed 22 stack frames</pre></div><a href='#' onClick='toggleBox("stack-trace699822212", this, "Click to show all stack frames", "Click to hide stack frames")'>Click to show all stack frames</a>
<div class='stack-trace' id='stack-trace699822212'><pre>java.lang.AssertionError: expected [Carnival Corporation &amp; PLC] but found [30]
	at org.testng.Assert.fail(Assert.java:94)
	at org.testng.Assert.failNotEquals(Assert.java:513)
	at org.testng.Assert.assertEqualsImpl(Assert.java:135)
	at org.testng.Assert.assertEquals(Assert.java:116)
	at org.testng.Assert.assertEquals(Assert.java:190)
	at org.testng.Assert.assertEquals(Assert.java:200)
	at manage.BrandsPage.validateUpdates(BrandsPage.java:140)
	at manage.Brands_testcases.create_a_new_brand(Brands_testcases.java:23)
	at sun.reflect.NativeMethodAccessorImpl.invoke0(Native Method)
	at sun.reflect.NativeMethodAccessorImpl.invoke(Unknown Source)
	at sun.reflect.DelegatingMethodAccessorImpl.invoke(Unknown Source)
	at java.lang.reflect.Method.invoke(Unknown Source)
	at org.testng.internal.MethodInvocationHelper.invokeMethod(MethodInvocationHelper.java:100)
	at org.testng.internal.Invoker.invokeMethod(Invoker.java:646)
	at org.testng.internal.Invoker.invokeTestMethod(Invoker.java:811)
	at org.testng.internal.Invoker.invokeTestMethods(Invoker.java:1137)
	at org.testng.internal.TestMethodWorker.invokeTestMethods(TestMethodWorker.java:129)
	at org.testng.internal.TestMethodWorker.run(TestMethodWorker.java:112)
	at org.testng.TestRunner.privateRun(TestRunner.java:753)
	at org.testng.TestRunner.run(TestRunner.java:607)
	at org.testng.SuiteRunner.runTest(SuiteRunner.java:368)
	at org.testng.SuiteRunner.access$000(SuiteRunner.java:39)
	at org.testng.SuiteRunner$SuiteWorker.run(SuiteRunner.java:402)
	at org.testng.internal.thread.ThreadUtil$2.call(ThreadUtil.java:64)
	at java.util.concurrent.FutureTask.run(Unknown Source)
	at java.util.concurrent.ThreadPoolExecutor.runWorker(Unknown Source)
	at java.util.concurrent.ThreadPoolExecutor$Worker.run(Unknown Source)
	at java.lang.Thread.run(Unknown Source)
</pre></div></td>
<td>41</td>
<td>manage.Brands_testcases@11758f2a</td></tr>
</table><p>
<table width='100%' border='1' class='invocation-passed'>
<tr><td colspan='4' align='center'><b>PASSED TESTS</b></td></tr>
<tr><td><b>Test method</b></td>
<td width="30%"><b>Exception</b></td>
<td width="10%"><b>Time (seconds)</b></td>
<td><b>Instance</b></td>
</tr>
<tr>
<td title='manage.Brands_testcases.create_a_new_brand_without_a_client_name()'><b>create_a_new_brand_without_a_client_name</b><br>Test class: manage.Brands_testcases</td>
<td></td>
<td>30</td>
<td>manage.Brands_testcases@11758f2a</td></tr>
<tr>
<td title='manage.Brands_testcases.create_a_new_brand_without_a_color()'><b>create_a_new_brand_without_a_color</b><br>Test class: manage.Brands_testcases</td>
<td></td>
<td>31</td>
<td>manage.Brands_testcases@11758f2a</td></tr>
<tr>
<td title='manage.Brands_testcases.create_a_new_brand_without_a_url()'><b>create_a_new_brand_without_a_url</b><br>Test class: manage.Brands_testcases</td>
<td></td>
<td>31</td>
<td>manage.Brands_testcases@11758f2a</td></tr>
<tr>
<td title='manage.Brands_testcases.create_a_new_brand_witout_a_name()'><b>create_a_new_brand_witout_a_name</b><br>Test class: manage.Brands_testcases</td>
<td></td>
<td>31</td>
<td>manage.Brands_testcases@11758f2a</td></tr>
<tr>
<td title='manage.Brands_testcases.delete_brand_from_db()'><b>delete_brand_from_db</b><br>Test class: manage.Brands_testcases</td>
<td></td>
<td>2</td>
<td>manage.Brands_testcases@11758f2a</td></tr>
</table><p>
</body>
</html>