<?xml version="1.0" encoding="UTF-8"?>
<!-- Generated by org.testng.reporters.JUnitXMLReporter -->
<testsuite hostname="remote-wkstn3" ignored="1" name="DASHBOARD TESTCASES" tests="34" failures="4" timestamp="06 Oct 2017 22:45:04 GMT" time="770.887" errors="0">
  <testcase name="open_campaign_page" time="13.249" classname="login.Dashboard_TestCases"/>
  <testcase name="open_communications_page" time="15.065" classname="login.Dashboard_TestCases"/>
  <testcase name="open_messages_page" time="37.262" classname="login.Dashboard_TestCases"/>
  <testcase name="open_tracks_page" time="12.288" classname="login.Dashboard_TestCases"/>
  <testcase name="open_variables_page" time="12.994" classname="login.Dashboard_TestCases"/>
  <testcase name="open_media_gallery_page" time="31.204" classname="login.Dashboard_TestCases"/>
  <testcase name="open_regions_page" time="13.422" classname="login.Dashboard_TestCases"/>
  <testcase name="open_templates_page" time="3.332" classname="login.Dashboard_TestCases">
    <failure type="java.lang.IllegalArgumentException" message="Cannot find elements with a null id attribute.">
      <![CDATA[java.lang.IllegalArgumentException: Cannot find elements with a null id attribute.
	at org.openqa.selenium.By.id(By.java:53)
	at login.LoginPage.loginAs(LoginPage.java:25)
	at login.Dashboard_TestCases.open_templates_page(Dashboard_TestCases.java:74)
	at java.util.concurrent.FutureTask.run(FutureTask.java:266)
	at java.util.concurrent.ThreadPoolExecutor.runWorker(ThreadPoolExecutor.java:1142)
	at java.util.concurrent.ThreadPoolExecutor$Worker.run(ThreadPoolExecutor.java:617)
	at java.lang.Thread.run(Thread.java:745)
... Removed 16 stack frames]]>
    </failure>
  </testcase> <!-- open_templates_page -->
  <testcase name="open_clietns_page" time="12.3" classname="login.Dashboard_TestCases"/>
  <testcase name="open_brands_page" time="12.491" classname="login.Dashboard_TestCases"/>
  <testcase name="open_programs_page" time="10.03" classname="login.Dashboard_TestCases">
    <failure type="java.lang.IllegalArgumentException" message="Cannot find elements when the XPath expression is null.">
      <![CDATA[java.lang.IllegalArgumentException: Cannot find elements when the XPath expression is null.
	at org.openqa.selenium.By.xpath(By.java:113)
	at login.DashboardPage.clickPrograms(DashboardPage.java:255)
	at login.Dashboard_TestCases.open_programs_page(Dashboard_TestCases.java:103)
	at java.util.concurrent.FutureTask.run(FutureTask.java:266)
	at java.util.concurrent.ThreadPoolExecutor.runWorker(ThreadPoolExecutor.java:1142)
	at java.util.concurrent.ThreadPoolExecutor$Worker.run(ThreadPoolExecutor.java:617)
	at java.lang.Thread.run(Thread.java:745)
... Removed 16 stack frames]]>
    </failure>
  </testcase> <!-- open_programs_page -->
  <testcase name="open_segments_groups_page" time="11.997" classname="login.Dashboard_TestCases"/>
  <testcase name="open_segments_page" time="17.515" classname="login.Dashboard_TestCases"/>
  <testcase name="open_targeting_criteria_page" time="12.23" classname="login.Dashboard_TestCases"/>
  <testcase name="open_messages_types_page" time="13.502" classname="login.Dashboard_TestCases">
    <failure type="java.lang.AssertionError" message="expected [(sta)CODA - Message Types] but found [CODA - Message Types]">
      <![CDATA[java.lang.AssertionError: expected [(sta)CODA - Message Types] but found [CODA - Message Types]
	at login.DashboardPage.clickMessagesType(DashboardPage.java:308)
	at login.Dashboard_TestCases.open_messages_types_page(Dashboard_TestCases.java:139)
	at java.util.concurrent.FutureTask.run(FutureTask.java:266)
	at java.util.concurrent.ThreadPoolExecutor.runWorker(ThreadPoolExecutor.java:1142)
	at java.util.concurrent.ThreadPoolExecutor$Worker.run(ThreadPoolExecutor.java:617)
	at java.lang.Thread.run(Thread.java:745)
... Removed 22 stack frames]]>
    </failure>
  </testcase> <!-- open_messages_types_page -->
  <testcase name="open_users_page" time="13.304" classname="login.Dashboard_TestCases"/>
  <testcase name="open_roles_page" time="12.773" classname="login.Dashboard_TestCases"/>
  <testcase name="open_permissions_page" time="9.719" classname="login.Dashboard_TestCases"/>
  <testcase name="open_channels_page" time="11.665" classname="login.Dashboard_TestCases"/>
  <testcase name="open_connectors_page" time="13.422" classname="login.Dashboard_TestCases"/>
  <testcase name="open_sessions_page" time="19.473" classname="login.Dashboard_TestCases"/>
  <testcase name="open_permission_group_page" time="14.738" classname="login.Dashboard_TestCases"/>
  <testcase name="open_permission_action_page" time="15.599" classname="login.Dashboard_TestCases"/>
  <testcase name="open_permission_categories_page" time="13.452" classname="login.Dashboard_TestCases"/>
  <testcase name="open_workflow_state_page" time="11.922" classname="login.Dashboard_TestCases"/>
  <testcase name="open_workflow_manager_page" time="12.516" classname="login.Dashboard_TestCases"/>
  <testcase name="open_change_log_page" time="10.848" classname="login.Dashboard_TestCases">
    <failure type="org.openqa.selenium.WebDriverException" message="unknown error: Element is not clickable at point (1849, 1187)
  (Session info: chrome=61.0.3163.100)
  (Driver info: chromedriver=2.29.461591 (62ebf098771772160f391d75e589dc567915b233),platform=Windows NT 6.1.7601 SP1 x86_64) (WARNING: The server did not provide any stacktrace information)
Command duration or timeout: 114 milliseconds
Build info: version: &amp;apos;2.53.1&amp;apos;, revision: &amp;apos;a36b8b1&amp;apos;, time: &amp;apos;2016-06-30 17:37:03&amp;apos;
System info: host: &amp;apos;remote-wkstn3&amp;apos;, ip: &amp;apos;10.16.1.107&amp;apos;, os.name: &amp;apos;Windows 7&amp;apos;, os.arch: &amp;apos;amd64&amp;apos;, os.version: &amp;apos;6.1&amp;apos;, java.version: &amp;apos;1.8.0_121&amp;apos;
Driver info: org.openqa.selenium.chrome.ChromeDriver
Capabilities [{applicationCacheEnabled=false, rotatable=false, mobileEmulationEnabled=false, networkConnectionEnabled=false, chrome={chromedriverVersion=2.29.461591 (62ebf098771772160f391d75e589dc567915b233), userDataDir=C:\Users\ARJUN~1.KAR\AppData\Local\Temp\scoped_dir38152_10418}, takesHeapSnapshot=true, pageLoadStrategy=normal, databaseEnabled=false, handlesAlerts=true, hasTouchScreen=false, version=61.0.3163.100, platform=XP, browserConnectionEnabled=false, nativeEvents=true, acceptSslCerts=true, locationContextEnabled=true, webStorageEnabled=true, browserName=chrome, takesScreenshot=true, javascriptEnabled=true, cssSelectorsEnabled=true, unexpectedAlertBehaviour=accept}]
Session ID: 9844458bb73e30b788f20c3d95d301fb">
      <![CDATA[org.openqa.selenium.WebDriverException: unknown error: Element is not clickable at point (1849, 1187)
  (Session info: chrome=61.0.3163.100)
  (Driver info: chromedriver=2.29.461591 (62ebf098771772160f391d75e589dc567915b233),platform=Windows NT 6.1.7601 SP1 x86_64) (WARNING: The server did not provide any stacktrace information)
Command duration or timeout: 114 milliseconds
Build info: version: '2.53.1', revision: 'a36b8b1', time: '2016-06-30 17:37:03'
System info: host: 'remote-wkstn3', ip: '10.16.1.107', os.name: 'Windows 7', os.arch: 'amd64', os.version: '6.1', java.version: '1.8.0_121'
Driver info: org.openqa.selenium.chrome.ChromeDriver
Capabilities [{applicationCacheEnabled=false, rotatable=false, mobileEmulationEnabled=false, networkConnectionEnabled=false, chrome={chromedriverVersion=2.29.461591 (62ebf098771772160f391d75e589dc567915b233), userDataDir=C:\Users\ARJUN~1.KAR\AppData\Local\Temp\scoped_dir38152_10418}, takesHeapSnapshot=true, pageLoadStrategy=normal, databaseEnabled=false, handlesAlerts=true, hasTouchScreen=false, version=61.0.3163.100, platform=XP, browserConnectionEnabled=false, nativeEvents=true, acceptSslCerts=true, locationContextEnabled=true, webStorageEnabled=true, browserName=chrome, takesScreenshot=true, javascriptEnabled=true, cssSelectorsEnabled=true, unexpectedAlertBehaviour=accept}]
Session ID: 9844458bb73e30b788f20c3d95d301fb
	at org.openqa.selenium.remote.ErrorHandler.createThrowable(ErrorHandler.java:206)
	at org.openqa.selenium.remote.ErrorHandler.throwIfResponseFailed(ErrorHandler.java:158)
	at org.openqa.selenium.remote.RemoteWebDriver.execute(RemoteWebDriver.java:678)
	at org.openqa.selenium.remote.RemoteWebElement.execute(RemoteWebElement.java:327)
	at org.openqa.selenium.remote.RemoteWebElement.click(RemoteWebElement.java:85)
	at login.DashboardPage.clickChangelog(DashboardPage.java:437)
	at login.Dashboard_TestCases.open_change_log_page(Dashboard_TestCases.java:265)
	at java.util.concurrent.FutureTask.run(FutureTask.java:266)
	at java.util.concurrent.ThreadPoolExecutor.runWorker(ThreadPoolExecutor.java:1142)
	at java.util.concurrent.ThreadPoolExecutor$Worker.run(ThreadPoolExecutor.java:617)
	at java.lang.Thread.run(Thread.java:745)
... Removed 19 stack frames]]>
    </failure>
  </testcase> <!-- open_change_log_page -->
  <testcase name="select_dupont_in_client_dropdown" time="11.355" classname="login.Dashboard_TestCases"/>
  <testcase name="select_allclient_in_client_dropdown" time="12.576" classname="login.Dashboard_TestCases"/>
  <testcase name="open_locales_page" time="11.917" classname="login.Dashboard_TestCases"/>
  <testcase name="open_locales_import_page" time="11.394" classname="login.Dashboard_TestCases"/>
  <testcase name="open_locales_export_page" time="12.166" classname="login.Dashboard_TestCases"/>
  <testcase name="login_and_logout" time="9.84" classname="login.Dashboard_TestCases"/>
  <testcase name="open_system_configuration_page" time="11.099" classname="login.Dashboard_TestCases"/>
  <testcase name="open_workflow_page" time="0.0" classname="login.Dashboard_TestCases">
    <ignored/>
  </testcase> <!-- open_workflow_page -->
</testsuite> <!-- DASHBOARD TESTCASES -->
