<?xml version="1.0" encoding="UTF-8"?>
<!-- Generated by org.testng.reporters.JUnitXMLReporter -->
<testsuite hostname="R90JDQN3" name="MEDIA GALLERY EDIT TESTCASES" tests="18" failures="13" timestamp="22 Dec 2016 18:09:41 GMT" time="881.397" errors="0">
  <testcase name="update_media_gallery_brand" time="70.781" classname="assets.MediaGalleryEdit_testcases">
    <failure type="java.lang.AssertionError" message="expected [0] but found [1]">
      <![CDATA[java.lang.AssertionError: expected [0] but found [1]
	at assets.MediaGalleryPage.validateUpdates(MediaGalleryPage.java:211)
	at assets.MediaGalleryEdit_testcases.update_media_gallery_brand(MediaGalleryEdit_testcases.java:20)
	at java.util.concurrent.FutureTask.run(Unknown Source)
	at java.util.concurrent.ThreadPoolExecutor.runWorker(Unknown Source)
	at java.util.concurrent.ThreadPoolExecutor$Worker.run(Unknown Source)
	at java.lang.Thread.run(Unknown Source)
... Removed 22 stack frames]]>
    </failure>
  </testcase> <!-- update_media_gallery_brand -->
  <testcase name="update_media_gallery_brand_to_previous" time="69.326" classname="assets.MediaGalleryEdit_testcases">
    <failure type="java.lang.AssertionError" message="expected [0] but found [4]">
      <![CDATA[java.lang.AssertionError: expected [0] but found [4]
	at assets.MediaGalleryPage.validateUpdates(MediaGalleryPage.java:211)
	at assets.MediaGalleryEdit_testcases.update_media_gallery_brand_to_previous(MediaGalleryEdit_testcases.java:37)
	at java.util.concurrent.FutureTask.run(Unknown Source)
	at java.util.concurrent.ThreadPoolExecutor.runWorker(Unknown Source)
	at java.util.concurrent.ThreadPoolExecutor$Worker.run(Unknown Source)
	at java.lang.Thread.run(Unknown Source)
... Removed 22 stack frames]]>
    </failure>
  </testcase> <!-- update_media_gallery_brand_to_previous -->
  <testcase name="update_media_gallery_program" time="41.59" classname="assets.MediaGalleryEdit_testcases"/>
  <testcase name="update_media_gallery_program_to_previous" time="38.871" classname="assets.MediaGalleryEdit_testcases"/>
  <testcase name="update_media_gallery_name" time="38.303" classname="assets.MediaGalleryEdit_testcases">
    <failure type="java.lang.AssertionError" message="expected [edit_image_test_010] but found [VIFP]">
      <![CDATA[java.lang.AssertionError: expected [edit_image_test_010] but found [VIFP]
	at assets.MediaGalleryPage.validateUpdates(MediaGalleryPage.java:232)
	at assets.MediaGalleryEdit_testcases.update_media_gallery_name(MediaGalleryEdit_testcases.java:80)
	at java.util.concurrent.FutureTask.run(Unknown Source)
	at java.util.concurrent.ThreadPoolExecutor.runWorker(Unknown Source)
	at java.util.concurrent.ThreadPoolExecutor$Worker.run(Unknown Source)
	at java.lang.Thread.run(Unknown Source)
... Removed 22 stack frames]]>
    </failure>
  </testcase> <!-- update_media_gallery_name -->
  <testcase name="update_media_gallery_name_to_previous_name" time="38.148" classname="assets.MediaGalleryEdit_testcases">
    <failure type="java.lang.AssertionError" message="expected [edit_image_test_01] but found [VIFP]">
      <![CDATA[java.lang.AssertionError: expected [edit_image_test_01] but found [VIFP]
	at assets.MediaGalleryPage.validateUpdates(MediaGalleryPage.java:232)
	at assets.MediaGalleryEdit_testcases.update_media_gallery_name_to_previous_name(MediaGalleryEdit_testcases.java:93)
	at java.util.concurrent.FutureTask.run(Unknown Source)
	at java.util.concurrent.ThreadPoolExecutor.runWorker(Unknown Source)
	at java.util.concurrent.ThreadPoolExecutor$Worker.run(Unknown Source)
	at java.lang.Thread.run(Unknown Source)
... Removed 22 stack frames]]>
    </failure>
  </testcase> <!-- update_media_gallery_name_to_previous_name -->
  <testcase name="update_media_gallery_description" time="35.707" classname="assets.MediaGalleryEdit_testcases"/>
  <testcase name="update_media_gallery_Alt_Tag" time="38.503" classname="assets.MediaGalleryEdit_testcases">
    <failure type="java.lang.AssertionError" message="expected [coda_image_regression_010] but found [edit_image_test_01]">
      <![CDATA[java.lang.AssertionError: expected [coda_image_regression_010] but found [edit_image_test_01]
	at assets.MediaGalleryPage.validateUpdates(MediaGalleryPage.java:237)
	at assets.MediaGalleryEdit_testcases.update_media_gallery_Alt_Tag(MediaGalleryEdit_testcases.java:142)
	at java.util.concurrent.FutureTask.run(Unknown Source)
	at java.util.concurrent.ThreadPoolExecutor.runWorker(Unknown Source)
	at java.util.concurrent.ThreadPoolExecutor$Worker.run(Unknown Source)
	at java.lang.Thread.run(Unknown Source)
... Removed 22 stack frames]]>
    </failure>
  </testcase> <!-- update_media_gallery_Alt_Tag -->
  <testcase name="update_media_gallery_Alt_Tag_to_previous" time="39.439" classname="assets.MediaGalleryEdit_testcases"/>
  <testcase name="update_media_gallery_connectors" time="43.832" classname="assets.MediaGalleryEdit_testcases"/>
  <testcase name="update_media_gallery_workflow_to_draft" time="32.62" classname="assets.MediaGalleryEdit_testcases">
    <failure type="java.lang.AssertionError" message="expected [DRAFT] but found [ACTIVE]">
      <![CDATA[java.lang.AssertionError: expected [DRAFT] but found [ACTIVE]
	at assets.MediaGalleryPage.validateUpdates(MediaGalleryPage.java:247)
	at assets.MediaGalleryEdit_testcases.update_media_gallery_workflow_to_draft(MediaGalleryEdit_testcases.java:182)
	at java.util.concurrent.FutureTask.run(Unknown Source)
	at java.util.concurrent.ThreadPoolExecutor.runWorker(Unknown Source)
	at java.util.concurrent.ThreadPoolExecutor$Worker.run(Unknown Source)
	at java.lang.Thread.run(Unknown Source)
... Removed 22 stack frames]]>
    </failure>
  </testcase> <!-- update_media_gallery_workflow_to_draft -->
  <testcase name="update_media_gallery_workflow_to_approved" time="35.475" classname="assets.MediaGalleryEdit_testcases">
    <failure type="java.lang.AssertionError" message="expected [APPROVED] but found [ACTIVE]">
      <![CDATA[java.lang.AssertionError: expected [APPROVED] but found [ACTIVE]
	at assets.MediaGalleryPage.validateUpdates(MediaGalleryPage.java:247)
	at assets.MediaGalleryEdit_testcases.update_media_gallery_workflow_to_approved(MediaGalleryEdit_testcases.java:194)
	at java.util.concurrent.FutureTask.run(Unknown Source)
	at java.util.concurrent.ThreadPoolExecutor.runWorker(Unknown Source)
	at java.util.concurrent.ThreadPoolExecutor$Worker.run(Unknown Source)
	at java.lang.Thread.run(Unknown Source)
... Removed 22 stack frames]]>
    </failure>
  </testcase> <!-- update_media_gallery_workflow_to_approved -->
  <testcase name="update_media_gallery_clientname" time="39.544" classname="assets.MediaGalleryEdit_testcases">
    <failure type="java.lang.AssertionError" message="expected [DuPont] but found [1518]">
      <![CDATA[java.lang.AssertionError: expected [DuPont] but found [1518]
	at assets.MediaGalleryPage.validateUpdates(MediaGalleryPage.java:195)
	at assets.MediaGalleryEdit_testcases.update_media_gallery_clientname(MediaGalleryEdit_testcases.java:207)
	at java.util.concurrent.FutureTask.run(Unknown Source)
	at java.util.concurrent.ThreadPoolExecutor.runWorker(Unknown Source)
	at java.util.concurrent.ThreadPoolExecutor$Worker.run(Unknown Source)
	at java.lang.Thread.run(Unknown Source)
... Removed 22 stack frames]]>
    </failure>
  </testcase> <!-- update_media_gallery_clientname -->
  <testcase name="update_media_gallery_clientname_to_previous" time="56.477" classname="assets.MediaGalleryEdit_testcases">
    <failure type="java.lang.AssertionError" message="expected [Carnival Corporation &amp;amp; PLC] but found [1518]">
      <![CDATA[java.lang.AssertionError: expected [Carnival Corporation & PLC] but found [1518]
	at assets.MediaGalleryPage.validateUpdates(MediaGalleryPage.java:195)
	at assets.MediaGalleryEdit_testcases.update_media_gallery_clientname_to_previous(MediaGalleryEdit_testcases.java:228)
	at java.util.concurrent.FutureTask.run(Unknown Source)
	at java.util.concurrent.ThreadPoolExecutor.runWorker(Unknown Source)
	at java.util.concurrent.ThreadPoolExecutor$Worker.run(Unknown Source)
	at java.lang.Thread.run(Unknown Source)
... Removed 22 stack frames]]>
    </failure>
  </testcase> <!-- update_media_gallery_clientname_to_previous -->
  <testcase name="inactivate_media_gallery" time="38.06" classname="assets.MediaGalleryEdit_testcases">
    <failure type="java.lang.AssertionError" message="expected [INACTIVE] but found [0]">
      <![CDATA[java.lang.AssertionError: expected [INACTIVE] but found [0]
	at assets.MediaGalleryPage.validateUpdates(MediaGalleryPage.java:242)
	at assets.MediaGalleryEdit_testcases.inactivate_media_gallery(MediaGalleryEdit_testcases.java:241)
	at java.util.concurrent.FutureTask.run(Unknown Source)
	at java.util.concurrent.ThreadPoolExecutor.runWorker(Unknown Source)
	at java.util.concurrent.ThreadPoolExecutor$Worker.run(Unknown Source)
	at java.lang.Thread.run(Unknown Source)
... Removed 22 stack frames]]>
    </failure>
  </testcase> <!-- inactivate_media_gallery -->
  <testcase name="activate_media_gallery" time="38.825" classname="assets.MediaGalleryEdit_testcases">
    <failure type="java.lang.AssertionError" message="expected [ACTIVE] but found [0]">
      <![CDATA[java.lang.AssertionError: expected [ACTIVE] but found [0]
	at assets.MediaGalleryPage.validateUpdates(MediaGalleryPage.java:242)
	at assets.MediaGalleryEdit_testcases.activate_media_gallery(MediaGalleryEdit_testcases.java:254)
	at java.util.concurrent.FutureTask.run(Unknown Source)
	at java.util.concurrent.ThreadPoolExecutor.runWorker(Unknown Source)
	at java.util.concurrent.ThreadPoolExecutor$Worker.run(Unknown Source)
	at java.lang.Thread.run(Unknown Source)
... Removed 22 stack frames]]>
    </failure>
  </testcase> <!-- activate_media_gallery -->
  <testcase name="archive_media_gallery" time="25.727" classname="assets.MediaGalleryEdit_testcases">
    <failure type="org.openqa.selenium.NoSuchElementException" message="no such element: Unable to locate element: {&amp;quot;method&amp;quot;:&amp;quot;xpath&amp;quot;,&amp;quot;selector&amp;quot;:&amp;quot;.//*[@id=&amp;apos;datatable&amp;apos;]/tbody/tr/td[14]/div/div/div/a[3]&amp;quot;}
  (Session info: chrome=55.0.2883.87)
  (Driver info: chromedriver=2.26.436362 (5476ec6bf7ccbada1734a0cdec7d570bb042aa30),platform=Windows NT 10.0.10586 x86_64) (WARNING: The server did not provide any stacktrace information)
Command duration or timeout: 10.06 seconds
For documentation on this error, please visit: http://seleniumhq.org/exceptions/no_such_element.html
Build info: version: &amp;apos;3.0.1&amp;apos;, revision: &amp;apos;1969d75&amp;apos;, time: &amp;apos;2016-10-18 09:49:13 -0700&amp;apos;
System info: host: &amp;apos;R90JDQN3&amp;apos;, ip: &amp;apos;10.16.22.131&amp;apos;, os.name: &amp;apos;Windows 10&amp;apos;, os.arch: &amp;apos;amd64&amp;apos;, os.version: &amp;apos;10.0&amp;apos;, java.version: &amp;apos;1.8.0_111&amp;apos;
Driver info: org.openqa.selenium.chrome.ChromeDriver
Capabilities [{applicationCacheEnabled=false, rotatable=false, mobileEmulationEnabled=false, networkConnectionEnabled=false, chrome={chromedriverVersion=2.26.436362 (5476ec6bf7ccbada1734a0cdec7d570bb042aa30), userDataDir=C:\Users\PRINCE~1.KAB\AppData\Local\Temp\scoped_dir7256_16931}, takesHeapSnapshot=true, pageLoadStrategy=normal, databaseEnabled=false, handlesAlerts=true, hasTouchScreen=false, version=55.0.2883.87, platform=XP, browserConnectionEnabled=false, nativeEvents=true, acceptSslCerts=true, locationContextEnabled=true, webStorageEnabled=true, browserName=chrome, takesScreenshot=true, javascriptEnabled=true, cssSelectorsEnabled=true, unexpectedAlertBehaviour=accept}]
Session ID: 25a65b5379d900a38b124831367f4948
*** Element info: {Using=xpath, value=.//*[@id=&amp;apos;datatable&amp;apos;]/tbody/tr/td[14]/div/div/div/a[3]}">
      <![CDATA[org.openqa.selenium.NoSuchElementException: no such element: Unable to locate element: {"method":"xpath","selector":".//*[@id='datatable']/tbody/tr/td[14]/div/div/div/a[3]"}
  (Session info: chrome=55.0.2883.87)
  (Driver info: chromedriver=2.26.436362 (5476ec6bf7ccbada1734a0cdec7d570bb042aa30),platform=Windows NT 10.0.10586 x86_64) (WARNING: The server did not provide any stacktrace information)
Command duration or timeout: 10.06 seconds
For documentation on this error, please visit: http://seleniumhq.org/exceptions/no_such_element.html
Build info: version: '3.0.1', revision: '1969d75', time: '2016-10-18 09:49:13 -0700'
System info: host: 'R90JDQN3', ip: '10.16.22.131', os.name: 'Windows 10', os.arch: 'amd64', os.version: '10.0', java.version: '1.8.0_111'
Driver info: org.openqa.selenium.chrome.ChromeDriver
Capabilities [{applicationCacheEnabled=false, rotatable=false, mobileEmulationEnabled=false, networkConnectionEnabled=false, chrome={chromedriverVersion=2.26.436362 (5476ec6bf7ccbada1734a0cdec7d570bb042aa30), userDataDir=C:\Users\PRINCE~1.KAB\AppData\Local\Temp\scoped_dir7256_16931}, takesHeapSnapshot=true, pageLoadStrategy=normal, databaseEnabled=false, handlesAlerts=true, hasTouchScreen=false, version=55.0.2883.87, platform=XP, browserConnectionEnabled=false, nativeEvents=true, acceptSslCerts=true, locationContextEnabled=true, webStorageEnabled=true, browserName=chrome, takesScreenshot=true, javascriptEnabled=true, cssSelectorsEnabled=true, unexpectedAlertBehaviour=accept}]
Session ID: 25a65b5379d900a38b124831367f4948
*** Element info: {Using=xpath, value=.//*[@id='datatable']/tbody/tr/td[14]/div/div/div/a[3]}
	at org.openqa.selenium.remote.ErrorHandler.createThrowable(ErrorHandler.java:216)
	at org.openqa.selenium.remote.ErrorHandler.throwIfResponseFailed(ErrorHandler.java:168)
	at org.openqa.selenium.remote.RemoteWebDriver.execute(RemoteWebDriver.java:635)
	at org.openqa.selenium.remote.RemoteWebDriver.findElement(RemoteWebDriver.java:368)
	at org.openqa.selenium.remote.RemoteWebDriver.findElementByXPath(RemoteWebDriver.java:473)
	at org.openqa.selenium.By$ByXPath.findElement(By.java:361)
	at org.openqa.selenium.remote.RemoteWebDriver.findElement(RemoteWebDriver.java:360)
	at assets.MediaGalleryPage.archiveMediagallery(MediaGalleryPage.java:168)
	at assets.MediaGalleryEdit_testcases.archive_media_gallery(MediaGalleryEdit_testcases.java:264)
	at java.util.concurrent.FutureTask.run(Unknown Source)
	at java.util.concurrent.ThreadPoolExecutor.runWorker(Unknown Source)
	at java.util.concurrent.ThreadPoolExecutor$Worker.run(Unknown Source)
	at java.lang.Thread.run(Unknown Source)
... Removed 20 stack frames]]>
    </failure>
  </testcase> <!-- archive_media_gallery -->
  <testcase name="restore_media_gallery" time="32.485" classname="assets.MediaGalleryEdit_testcases">
    <failure type="org.openqa.selenium.NoSuchElementException" message="no such element: Unable to locate element: {&amp;quot;method&amp;quot;:&amp;quot;xpath&amp;quot;,&amp;quot;selector&amp;quot;:&amp;quot;//a[contains(text(),&amp;apos;Restore&amp;apos;)]&amp;quot;}
  (Session info: chrome=55.0.2883.87)
  (Driver info: chromedriver=2.26.436362 (5476ec6bf7ccbada1734a0cdec7d570bb042aa30),platform=Windows NT 10.0.10586 x86_64) (WARNING: The server did not provide any stacktrace information)
Command duration or timeout: 10.06 seconds
For documentation on this error, please visit: http://seleniumhq.org/exceptions/no_such_element.html
Build info: version: &amp;apos;3.0.1&amp;apos;, revision: &amp;apos;1969d75&amp;apos;, time: &amp;apos;2016-10-18 09:49:13 -0700&amp;apos;
System info: host: &amp;apos;R90JDQN3&amp;apos;, ip: &amp;apos;10.16.22.131&amp;apos;, os.name: &amp;apos;Windows 10&amp;apos;, os.arch: &amp;apos;amd64&amp;apos;, os.version: &amp;apos;10.0&amp;apos;, java.version: &amp;apos;1.8.0_111&amp;apos;
Driver info: org.openqa.selenium.chrome.ChromeDriver
Capabilities [{applicationCacheEnabled=false, rotatable=false, mobileEmulationEnabled=false, networkConnectionEnabled=false, chrome={chromedriverVersion=2.26.436362 (5476ec6bf7ccbada1734a0cdec7d570bb042aa30), userDataDir=C:\Users\PRINCE~1.KAB\AppData\Local\Temp\scoped_dir11420_13048}, takesHeapSnapshot=true, pageLoadStrategy=normal, databaseEnabled=false, handlesAlerts=true, hasTouchScreen=false, version=55.0.2883.87, platform=XP, browserConnectionEnabled=false, nativeEvents=true, acceptSslCerts=true, locationContextEnabled=true, webStorageEnabled=true, browserName=chrome, takesScreenshot=true, javascriptEnabled=true, cssSelectorsEnabled=true, unexpectedAlertBehaviour=accept}]
Session ID: abb701d5d37aa47e57ab8cffd949c62d
*** Element info: {Using=xpath, value=//a[contains(text(),&amp;apos;Restore&amp;apos;)]}">
      <![CDATA[org.openqa.selenium.NoSuchElementException: no such element: Unable to locate element: {"method":"xpath","selector":"//a[contains(text(),'Restore')]"}
  (Session info: chrome=55.0.2883.87)
  (Driver info: chromedriver=2.26.436362 (5476ec6bf7ccbada1734a0cdec7d570bb042aa30),platform=Windows NT 10.0.10586 x86_64) (WARNING: The server did not provide any stacktrace information)
Command duration or timeout: 10.06 seconds
For documentation on this error, please visit: http://seleniumhq.org/exceptions/no_such_element.html
Build info: version: '3.0.1', revision: '1969d75', time: '2016-10-18 09:49:13 -0700'
System info: host: 'R90JDQN3', ip: '10.16.22.131', os.name: 'Windows 10', os.arch: 'amd64', os.version: '10.0', java.version: '1.8.0_111'
Driver info: org.openqa.selenium.chrome.ChromeDriver
Capabilities [{applicationCacheEnabled=false, rotatable=false, mobileEmulationEnabled=false, networkConnectionEnabled=false, chrome={chromedriverVersion=2.26.436362 (5476ec6bf7ccbada1734a0cdec7d570bb042aa30), userDataDir=C:\Users\PRINCE~1.KAB\AppData\Local\Temp\scoped_dir11420_13048}, takesHeapSnapshot=true, pageLoadStrategy=normal, databaseEnabled=false, handlesAlerts=true, hasTouchScreen=false, version=55.0.2883.87, platform=XP, browserConnectionEnabled=false, nativeEvents=true, acceptSslCerts=true, locationContextEnabled=true, webStorageEnabled=true, browserName=chrome, takesScreenshot=true, javascriptEnabled=true, cssSelectorsEnabled=true, unexpectedAlertBehaviour=accept}]
Session ID: abb701d5d37aa47e57ab8cffd949c62d
*** Element info: {Using=xpath, value=//a[contains(text(),'Restore')]}
	at org.openqa.selenium.remote.ErrorHandler.createThrowable(ErrorHandler.java:216)
	at org.openqa.selenium.remote.ErrorHandler.throwIfResponseFailed(ErrorHandler.java:168)
	at org.openqa.selenium.remote.RemoteWebDriver.execute(RemoteWebDriver.java:635)
	at org.openqa.selenium.remote.RemoteWebDriver.findElement(RemoteWebDriver.java:368)
	at org.openqa.selenium.remote.RemoteWebDriver.findElementByXPath(RemoteWebDriver.java:473)
	at org.openqa.selenium.By$ByXPath.findElement(By.java:361)
	at org.openqa.selenium.remote.RemoteWebDriver.findElement(RemoteWebDriver.java:360)
	at assets.MediaGalleryPage.restoreMediaGallery(MediaGalleryPage.java:142)
	at assets.MediaGalleryEdit_testcases.restore_media_gallery(MediaGalleryEdit_testcases.java:274)
	at java.util.concurrent.FutureTask.run(Unknown Source)
	at java.util.concurrent.ThreadPoolExecutor.runWorker(Unknown Source)
	at java.util.concurrent.ThreadPoolExecutor$Worker.run(Unknown Source)
	at java.lang.Thread.run(Unknown Source)
... Removed 20 stack frames]]>
    </failure>
  </testcase> <!-- restore_media_gallery -->
</testsuite> <!-- MEDIA GALLERY EDIT TESTCASES -->
