<?xml version="1.0" encoding="UTF-8"?>
<!-- Generated by org.testng.reporters.JUnitXMLReporter -->
<testsuite hostname="remote-wkstn3" ignored="5" name="MESSAGES TESTCASES" tests="38" failures="2" timestamp="21 Jun 2017 05:27:15 GMT" time="2420.612" errors="0">
  <testcase name="create_a_new_message" time="91.709" classname="library.Messages_TestCases">
    <failure type="java.lang.AssertionError" message="expected [1] but found [3]">
      <![CDATA[java.lang.AssertionError: expected [1] but found [3]
	at library.MessagesPage.validateUpdates(MessagesPage.java:351)
	at library.Messages_TestCases.create_a_new_message(Messages_TestCases.java:31)
	at java.util.concurrent.FutureTask.run(FutureTask.java:266)
	at java.util.concurrent.ThreadPoolExecutor.runWorker(ThreadPoolExecutor.java:1142)
	at java.util.concurrent.ThreadPoolExecutor$Worker.run(ThreadPoolExecutor.java:617)
	at java.lang.Thread.run(Thread.java:745)
... Removed 22 stack frames]]>
    </failure>
  </testcase> <!-- create_a_new_message -->
  <testcase name="update_message_name" time="77.22" classname="library.MessagesEdit_Testcases"/>
  <testcase name="test_is_empty" time="7.986" classname="library.MessagesRestore_Testcases"/>
  <testcase name="publish_message" time="37.234" classname="library.MessagesPublish_Testcases"/>
  <testcase name="create_a_new_message_without_clientname" time="45.303" classname="library.Messages_TestCases"/>
  <testcase name="update_message_name_to_previous_name" time="74.978" classname="library.MessagesEdit_Testcases"/>
  <testcase name="cancel_publish_campaign" time="38.245" classname="library.MessagesPublish_Testcases"/>
  <testcase name="create_a_new_message_without_a_message_name" time="65.431" classname="library.Messages_TestCases"/>
  <testcase name="create_a_new_message_without_brand" time="61.609" classname="library.Messages_TestCases"/>
  <testcase name="update_message_brands" time="76.792" classname="library.MessagesEdit_Testcases"/>
  <testcase name="update_message_brands_to_previous" time="68.799" classname="library.MessagesEdit_Testcases"/>
  <testcase name="update_message_programs" time="79.937" classname="library.MessagesEdit_Testcases"/>
  <testcase name="update_message_programs_to_previous" time="76.78" classname="library.MessagesEdit_Testcases"/>
  <testcase name="update_message_workflow_to_approved" time="58.411" classname="library.MessagesEdit_Testcases"/>
  <testcase name="click_cancel_message_button" time="31.867" classname="library.Messages_TestCases"/>
  <testcase name="update_message_variable" time="67.773" classname="library.MessagesEdit_Testcases"/>
  <testcase name="clone_message" time="18.448" classname="library.Messages_TestCases"/>
  <testcase name="update_message_template" time="81.955" classname="library.MessagesEdit_Testcases"/>
  <testcase name="CCL_AE_Failtocreate_message" time="48.885" classname="library.Messages_TestCases"/>
  <testcase name="update_message_template_to_previous" time="75.481" classname="library.MessagesEdit_Testcases"/>
  <testcase name="delete_message_from_db" time="4.23" classname="library.Messages_TestCases"/>
  <testcase name="update_message_workflow_to_draft" time="58.807" classname="library.MessagesEdit_Testcases"/>
  <testcase name="inactivate_message" time="18.304" classname="library.MessagesEdit_Testcases"/>
  <testcase name="activate_message" time="65.883" classname="library.MessagesEdit_Testcases"/>
  <testcase name="archive_message" time="31.783" classname="library.MessagesEdit_Testcases"/>
  <testcase name="restore_message" time="40.448" classname="library.MessagesEdit_Testcases"/>
  <testcase name="preview_locale" time="45.84" classname="library.MessagesEdit_Testcases"/>
  <testcase name="view_locale" time="27.499" classname="library.MessagesEdit_Testcases"/>
  <testcase name="VerifyBanner" time="104.622" classname="library.MessagesEdit_Testcases"/>
  <testcase name="VerifyAddingTwoSameTemplates" time="80.386" classname="library.MessagesEdit_Testcases"/>
  <testcase name="CCL_AE_updatebrand" time="71.398" classname="library.MessagesEdit_Testcases"/>
  <testcase name="CCL_AE_updatebrandtoprevious" time="74.16" classname="library.MessagesEdit_Testcases"/>
  <testcase name="VerifyAddedLocalesInPreview" time="48.605" classname="library.MessagesEdit_Testcases"/>
  <testcase name="ClickPreview" time="50.551" classname="library.MessagesEdit_Testcases"/>
  <testcase name="update_message_template_by_Carnival_AE" time="76.798" classname="library.MessagesEdit_Testcases"/>
  <testcase name="check_quicklook_for_meaasage" time="32.276" classname="library.MessagesEdit_Testcases">
    <failure type="org.openqa.selenium.NoSuchElementException" message="no such element: Unable to locate element: {&amp;quot;method&amp;quot;:&amp;quot;xpath&amp;quot;,&amp;quot;selector&amp;quot;:&amp;quot;.//*[@id=&amp;apos;datatable&amp;apos;]/tbody/tr[1]/td[18]/div/div/a[1]/i&amp;quot;}
  (Session info: chrome=59.0.3071.109)
  (Driver info: chromedriver=2.29.461591 (62ebf098771772160f391d75e589dc567915b233),platform=Windows NT 6.1.7601 SP1 x86_64) (WARNING: The server did not provide any stacktrace information)
Command duration or timeout: 10.08 seconds
For documentation on this error, please visit: http://seleniumhq.org/exceptions/no_such_element.html
Build info: version: &amp;apos;3.0.1&amp;apos;, revision: &amp;apos;1969d75&amp;apos;, time: &amp;apos;2016-10-18 09:49:13 -0700&amp;apos;
System info: host: &amp;apos;remote-wkstn3&amp;apos;, ip: &amp;apos;10.16.1.107&amp;apos;, os.name: &amp;apos;Windows 7&amp;apos;, os.arch: &amp;apos;amd64&amp;apos;, os.version: &amp;apos;6.1&amp;apos;, java.version: &amp;apos;1.8.0_121&amp;apos;
Driver info: org.openqa.selenium.chrome.ChromeDriver
Capabilities [{applicationCacheEnabled=false, rotatable=false, mobileEmulationEnabled=false, networkConnectionEnabled=false, chrome={chromedriverVersion=2.29.461591 (62ebf098771772160f391d75e589dc567915b233), userDataDir=C:\Users\ARJUN~1.KAR\AppData\Local\Temp\scoped_dir10964_9157}, takesHeapSnapshot=true, pageLoadStrategy=normal, databaseEnabled=false, handlesAlerts=true, hasTouchScreen=false, version=59.0.3071.109, platform=XP, browserConnectionEnabled=false, nativeEvents=true, acceptSslCerts=true, locationContextEnabled=true, webStorageEnabled=true, browserName=chrome, takesScreenshot=true, javascriptEnabled=true, cssSelectorsEnabled=true, unexpectedAlertBehaviour=accept}]
Session ID: c56484e5d55b9da038c15bcc79fdbd72
*** Element info: {Using=xpath, value=.//*[@id=&amp;apos;datatable&amp;apos;]/tbody/tr[1]/td[18]/div/div/a[1]/i}">
      <![CDATA[org.openqa.selenium.NoSuchElementException: no such element: Unable to locate element: {"method":"xpath","selector":".//*[@id='datatable']/tbody/tr[1]/td[18]/div/div/a[1]/i"}
  (Session info: chrome=59.0.3071.109)
  (Driver info: chromedriver=2.29.461591 (62ebf098771772160f391d75e589dc567915b233),platform=Windows NT 6.1.7601 SP1 x86_64) (WARNING: The server did not provide any stacktrace information)
Command duration or timeout: 10.08 seconds
For documentation on this error, please visit: http://seleniumhq.org/exceptions/no_such_element.html
Build info: version: '3.0.1', revision: '1969d75', time: '2016-10-18 09:49:13 -0700'
System info: host: 'remote-wkstn3', ip: '10.16.1.107', os.name: 'Windows 7', os.arch: 'amd64', os.version: '6.1', java.version: '1.8.0_121'
Driver info: org.openqa.selenium.chrome.ChromeDriver
Capabilities [{applicationCacheEnabled=false, rotatable=false, mobileEmulationEnabled=false, networkConnectionEnabled=false, chrome={chromedriverVersion=2.29.461591 (62ebf098771772160f391d75e589dc567915b233), userDataDir=C:\Users\ARJUN~1.KAR\AppData\Local\Temp\scoped_dir10964_9157}, takesHeapSnapshot=true, pageLoadStrategy=normal, databaseEnabled=false, handlesAlerts=true, hasTouchScreen=false, version=59.0.3071.109, platform=XP, browserConnectionEnabled=false, nativeEvents=true, acceptSslCerts=true, locationContextEnabled=true, webStorageEnabled=true, browserName=chrome, takesScreenshot=true, javascriptEnabled=true, cssSelectorsEnabled=true, unexpectedAlertBehaviour=accept}]
Session ID: c56484e5d55b9da038c15bcc79fdbd72
*** Element info: {Using=xpath, value=.//*[@id='datatable']/tbody/tr[1]/td[18]/div/div/a[1]/i}
	at org.openqa.selenium.remote.ErrorHandler.createThrowable(ErrorHandler.java:216)
	at org.openqa.selenium.remote.ErrorHandler.throwIfResponseFailed(ErrorHandler.java:168)
	at org.openqa.selenium.remote.RemoteWebDriver.execute(RemoteWebDriver.java:635)
	at org.openqa.selenium.remote.RemoteWebDriver.findElement(RemoteWebDriver.java:368)
	at org.openqa.selenium.remote.RemoteWebDriver.findElementByXPath(RemoteWebDriver.java:473)
	at org.openqa.selenium.By$ByXPath.findElement(By.java:361)
	at org.openqa.selenium.remote.RemoteWebDriver.findElement(RemoteWebDriver.java:360)
	at library.MessagesPage.clickquicklook(MessagesPage.java:500)
	at library.MessagesEdit_Testcases.check_quicklook_for_meaasage(MessagesEdit_Testcases.java:382)
	at java.util.concurrent.FutureTask.run(FutureTask.java:266)
	at java.util.concurrent.ThreadPoolExecutor.runWorker(ThreadPoolExecutor.java:1142)
	at java.util.concurrent.ThreadPoolExecutor$Worker.run(ThreadPoolExecutor.java:617)
	at java.lang.Thread.run(Thread.java:745)
... Removed 20 stack frames]]>
    </failure>
  </testcase> <!-- check_quicklook_for_meaasage -->
  <testcase name="update_message_template_to_previous_Carnival_AE" time="70.305" classname="library.MessagesEdit_Testcases"/>
  <testcase name="mass_advance_workflow" time="24.149" classname="library.MessagesEdit_Testcases"/>
  <testcase name="update_message_client_field" time="0.0" classname="library.MessagesEdit_Testcases">
    <ignored/>
  </testcase> <!-- update_message_client_field -->
  <testcase name="update_message_clientname_to_previous_client" time="0.0" classname="library.MessagesEdit_Testcases">
    <ignored/>
  </testcase> <!-- update_message_clientname_to_previous_client -->
  <testcase name="@AfterSuite tearDown" time="0.0" classname="Utility.TestBase">
    <ignored/>
  </testcase> <!-- @AfterSuite tearDown -->
  <testcase name="@AfterSuite tearDown" time="0.0" classname="Utility.TestBase">
    <ignored/>
  </testcase> <!-- @AfterSuite tearDown -->
  <testcase name="@AfterSuite tearDown" time="0.0" classname="Utility.TestBase">
    <ignored/>
  </testcase> <!-- @AfterSuite tearDown -->
</testsuite> <!-- MESSAGES TESTCASES -->
