<html>
<head>
<title>TestNG:  PERMISSION GROUPS TESTCASES</title>
<link href="../testng.css" rel="stylesheet" type="text/css" />
<link href="../my-testng.css" rel="stylesheet" type="text/css" />

<style type="text/css">
.log { display: none;} 
.stack-trace { display: none;} 
</style>
<script type="text/javascript">
<!--
function flip(e) {
  current = e.style.display;
  if (current == 'block') {
    e.style.display = 'none';
    return 0;
  }
  else {
    e.style.display = 'block';
    return 1;
  }
}

function toggleBox(szDivId, elem, msg1, msg2)
{
  var res = -1;  if (document.getElementById) {
    res = flip(document.getElementById(szDivId));
  }
  else if (document.all) {
    // this is the way old msie versions work
    res = flip(document.all[szDivId]);
  }
  if(elem) {
    if(res == 0) elem.innerHTML = msg1; else elem.innerHTML = msg2;
  }

}

function toggleAllBoxes() {
  if (document.getElementsByTagName) {
    d = document.getElementsByTagName('div');
    for (i = 0; i < d.length; i++) {
      if (d[i].className == 'log') {
        flip(d[i]);
      }
    }
  }
}

// -->
</script>

</head>
<body>
<h2 align='center'>PERMISSION GROUPS TESTCASES</h2><table border='1' align="center">
<tr>
<td>Tests passed/Failed/Skipped:</td><td>20/1/0</td>
</tr><tr>
<td>Started on:</td><td>Wed Jul 26 01:41:15 CDT 2017</td>
</tr>
<tr><td>Total time:</td><td>1246 seconds (1246360 ms)</td>
</tr><tr>
<td>Included groups:</td><td></td>
</tr><tr>
<td>Excluded groups:</td><td></td>
</tr>
</table><p/>
<small><i>(Hover the method name to see the test class name)</i></small><p/>
<table width='100%' border='1' class='invocation-failed'>
<tr><td colspan='4' align='center'><b>FAILED TESTS</b></td></tr>
<tr><td><b>Test method</b></td>
<td width="30%"><b>Exception</b></td>
<td width="10%"><b>Time (seconds)</b></td>
<td><b>Instance</b></td>
</tr>
<tr>
<td title='access.PermissionGroups_TestCases.create_a_new_permission_groups()'><b>create_a_new_permission_groups</b><br>Test class: access.PermissionGroups_TestCases</td>
<td><div><pre>org.openqa.selenium.StaleElementReferenceException: stale element reference: element is not attached to the page document
  (Session info: chrome=59.0.3071.115)
  (Driver info: chromedriver=2.29.461591 (62ebf098771772160f391d75e589dc567915b233),platform=Windows NT 6.1.7601 SP1 x86_64) (WARNING: The server did not provide any stacktrace information)
Command duration or timeout: 39 milliseconds
For documentation on this error, please visit: http://seleniumhq.org/exceptions/stale_element_reference.html
Build info: version: &apos;2.53.1&apos;, revision: &apos;a36b8b1&apos;, time: &apos;2016-06-30 17:37:03&apos;
System info: host: &apos;remote-wkstn3&apos;, ip: &apos;10.16.1.107&apos;, os.name: &apos;Windows 7&apos;, os.arch: &apos;amd64&apos;, os.version: &apos;6.1&apos;, java.version: &apos;1.8.0_121&apos;
Driver info: org.openqa.selenium.chrome.ChromeDriver
Capabilities [{applicationCacheEnabled=false, rotatable=false, mobileEmulationEnabled=false, networkConnectionEnabled=false, chrome={chromedriverVersion=2.29.461591 (62ebf098771772160f391d75e589dc567915b233), userDataDir=C:\Users\ARJUN~1.KAR\AppData\Local\Temp\scoped_dir5772_32296}, takesHeapSnapshot=true, pageLoadStrategy=normal, databaseEnabled=false, handlesAlerts=true, hasTouchScreen=false, version=59.0.3071.115, platform=XP, browserConnectionEnabled=false, nativeEvents=true, acceptSslCerts=true, locationContextEnabled=true, webStorageEnabled=true, browserName=chrome, takesScreenshot=true, javascriptEnabled=true, cssSelectorsEnabled=true, unexpectedAlertBehaviour=accept}]
Session ID: 36bb879e2eee02b2768884bec29898b2
	at org.openqa.selenium.remote.ErrorHandler.createThrowable(ErrorHandler.java:206)
	at org.openqa.selenium.remote.ErrorHandler.throwIfResponseFailed(ErrorHandler.java:158)
	at org.openqa.selenium.remote.RemoteWebDriver.execute(RemoteWebDriver.java:678)
	at org.openqa.selenium.remote.RemoteWebElement.execute(RemoteWebElement.java:327)
	at org.openqa.selenium.remote.RemoteWebElement.getText(RemoteWebElement.java:179)
	at access.PermissionGroupsPage.validateUpdates(PermissionGroupsPage.java:139)
	at access.PermissionGroups_TestCases.create_a_new_permission_groups(PermissionGroups_TestCases.java:23)
	at java.util.concurrent.FutureTask.run(FutureTask.java:266)
	at java.util.concurrent.ThreadPoolExecutor.runWorker(ThreadPoolExecutor.java:1142)
	at java.util.concurrent.ThreadPoolExecutor$Worker.run(ThreadPoolExecutor.java:617)
	at java.lang.Thread.run(Thread.java:745)
... Removed 20 stack frames</pre></div><a href='#' onClick='toggleBox("stack-trace1045301803", this, "Click to show all stack frames", "Click to hide stack frames")'>Click to show all stack frames</a>
<div class='stack-trace' id='stack-trace1045301803'><pre>org.openqa.selenium.StaleElementReferenceException: stale element reference: element is not attached to the page document
  (Session info: chrome=59.0.3071.115)
  (Driver info: chromedriver=2.29.461591 (62ebf098771772160f391d75e589dc567915b233),platform=Windows NT 6.1.7601 SP1 x86_64) (WARNING: The server did not provide any stacktrace information)
Command duration or timeout: 39 milliseconds
For documentation on this error, please visit: http://seleniumhq.org/exceptions/stale_element_reference.html
Build info: version: &apos;2.53.1&apos;, revision: &apos;a36b8b1&apos;, time: &apos;2016-06-30 17:37:03&apos;
System info: host: &apos;remote-wkstn3&apos;, ip: &apos;10.16.1.107&apos;, os.name: &apos;Windows 7&apos;, os.arch: &apos;amd64&apos;, os.version: &apos;6.1&apos;, java.version: &apos;1.8.0_121&apos;
Driver info: org.openqa.selenium.chrome.ChromeDriver
Capabilities [{applicationCacheEnabled=false, rotatable=false, mobileEmulationEnabled=false, networkConnectionEnabled=false, chrome={chromedriverVersion=2.29.461591 (62ebf098771772160f391d75e589dc567915b233), userDataDir=C:\Users\ARJUN~1.KAR\AppData\Local\Temp\scoped_dir5772_32296}, takesHeapSnapshot=true, pageLoadStrategy=normal, databaseEnabled=false, handlesAlerts=true, hasTouchScreen=false, version=59.0.3071.115, platform=XP, browserConnectionEnabled=false, nativeEvents=true, acceptSslCerts=true, locationContextEnabled=true, webStorageEnabled=true, browserName=chrome, takesScreenshot=true, javascriptEnabled=true, cssSelectorsEnabled=true, unexpectedAlertBehaviour=accept}]
Session ID: 36bb879e2eee02b2768884bec29898b2
	at sun.reflect.NativeConstructorAccessorImpl.newInstance0(Native Method)
	at sun.reflect.NativeConstructorAccessorImpl.newInstance(NativeConstructorAccessorImpl.java:62)
	at sun.reflect.DelegatingConstructorAccessorImpl.newInstance(DelegatingConstructorAccessorImpl.java:45)
	at java.lang.reflect.Constructor.newInstance(Constructor.java:423)
	at org.openqa.selenium.remote.ErrorHandler.createThrowable(ErrorHandler.java:206)
	at org.openqa.selenium.remote.ErrorHandler.throwIfResponseFailed(ErrorHandler.java:158)
	at org.openqa.selenium.remote.RemoteWebDriver.execute(RemoteWebDriver.java:678)
	at org.openqa.selenium.remote.RemoteWebElement.execute(RemoteWebElement.java:327)
	at org.openqa.selenium.remote.RemoteWebElement.getText(RemoteWebElement.java:179)
	at access.PermissionGroupsPage.validateUpdates(PermissionGroupsPage.java:139)
	at access.PermissionGroups_TestCases.create_a_new_permission_groups(PermissionGroups_TestCases.java:23)
	at sun.reflect.NativeMethodAccessorImpl.invoke0(Native Method)
	at sun.reflect.NativeMethodAccessorImpl.invoke(NativeMethodAccessorImpl.java:62)
	at sun.reflect.DelegatingMethodAccessorImpl.invoke(DelegatingMethodAccessorImpl.java:43)
	at java.lang.reflect.Method.invoke(Method.java:498)
	at org.testng.internal.MethodInvocationHelper.invokeMethod(MethodInvocationHelper.java:104)
	at org.testng.internal.Invoker.invokeMethod(Invoker.java:645)
	at org.testng.internal.Invoker.invokeTestMethod(Invoker.java:851)
	at org.testng.internal.Invoker.invokeTestMethods(Invoker.java:1177)
	at org.testng.internal.TestMethodWorker.invokeTestMethods(TestMethodWorker.java:129)
	at org.testng.internal.TestMethodWorker.run(TestMethodWorker.java:112)
	at org.testng.TestRunner.privateRun(TestRunner.java:756)
	at org.testng.TestRunner.run(TestRunner.java:610)
	at org.testng.SuiteRunner.runTest(SuiteRunner.java:387)
	at org.testng.SuiteRunner.access$000(SuiteRunner.java:39)
	at org.testng.SuiteRunner$SuiteWorker.run(SuiteRunner.java:421)
	at org.testng.internal.thread.ThreadUtil$2.call(ThreadUtil.java:64)
	at java.util.concurrent.FutureTask.run(FutureTask.java:266)
	at java.util.concurrent.ThreadPoolExecutor.runWorker(ThreadPoolExecutor.java:1142)
	at java.util.concurrent.ThreadPoolExecutor$Worker.run(ThreadPoolExecutor.java:617)
	at java.lang.Thread.run(Thread.java:745)
</pre></div></td>
<td>86</td>
<td>access.PermissionGroups_TestCases@345965f2</td></tr>
</table><p>
<table width='100%' border='1' class='invocation-passed'>
<tr><td colspan='4' align='center'><b>PASSED TESTS</b></td></tr>
<tr><td><b>Test method</b></td>
<td width="30%"><b>Exception</b></td>
<td width="10%"><b>Time (seconds)</b></td>
<td><b>Instance</b></td>
</tr>
<tr>
<td title='access.PermissionGroupsEdit_testcases.activate_permission_groups()'><b>activate_permission_groups</b><br>Test class: access.PermissionGroupsEdit_testcases</td>
<td></td>
<td>67</td>
<td>access.PermissionGroupsEdit_testcases@429bd883</td></tr>
<tr>
<td title='access.PermissionGroupsEdit_testcases.archive_permission_groups()'><b>archive_permission_groups</b><br>Test class: access.PermissionGroupsEdit_testcases</td>
<td></td>
<td>60</td>
<td>access.PermissionGroupsEdit_testcases@429bd883</td></tr>
<tr>
<td title='access.PermissionGroups_TestCases.click_cancel_in_permission_groups_add_page()'><b>click_cancel_in_permission_groups_add_page</b><br>Test class: access.PermissionGroups_TestCases</td>
<td></td>
<td>22</td>
<td>access.PermissionGroups_TestCases@345965f2</td></tr>
<tr>
<td title='access.PermissionGroupsEdit_testcases.click_cancel_in_permission_groups_edit_page()'><b>click_cancel_in_permission_groups_edit_page</b><br>Test class: access.PermissionGroupsEdit_testcases</td>
<td></td>
<td>23</td>
<td>access.PermissionGroupsEdit_testcases@429bd883</td></tr>
<tr>
<td title='access.PermissionGroups_TestCases.create_a_new_permission_groups_without_name()'><b>create_a_new_permission_groups_without_name</b><br>Test class: access.PermissionGroups_TestCases</td>
<td></td>
<td>44</td>
<td>access.PermissionGroups_TestCases@345965f2</td></tr>
<tr>
<td title='access.PermissionGroups_TestCases.delete_permission_groups_in_database()'><b>delete_permission_groups_in_database</b><br>Test class: access.PermissionGroups_TestCases</td>
<td></td>
<td>2</td>
<td>access.PermissionGroups_TestCases@345965f2</td></tr>
<tr>
<td title='access.PermissionGroupsEdit_testcases.empty_a_required_field_and_click_save_in_permission_edit_page()'><b>empty_a_required_field_and_click_save_in_permission_edit_page</b><br>Test class: access.PermissionGroupsEdit_testcases</td>
<td></td>
<td>24</td>
<td>access.PermissionGroupsEdit_testcases@429bd883</td></tr>
<tr>
<td title='access.PermissionGroupsEdit_testcases.inactivate_permission_groups()'><b>inactivate_permission_groups</b><br>Test class: access.PermissionGroupsEdit_testcases</td>
<td></td>
<td>68</td>
<td>access.PermissionGroupsEdit_testcases@429bd883</td></tr>
<tr>
<td title='access.PermissionGroupsEdit_testcases.restore_permission_groups()'><b>restore_permission_groups</b><br>Test class: access.PermissionGroupsEdit_testcases</td>
<td></td>
<td>66</td>
<td>access.PermissionGroupsEdit_testcases@429bd883</td></tr>
<tr>
<td title='access.PermissionGroups_TestCases.returm_to_permission_groups_main_page()'><b>returm_to_permission_groups_main_page</b><br>Test class: access.PermissionGroups_TestCases</td>
<td></td>
<td>21</td>
<td>access.PermissionGroups_TestCases@345965f2</td></tr>
<tr>
<td title='access.PermissionGroupsEdit_testcases.return_to_permission_groups_main_page()'><b>return_to_permission_groups_main_page</b><br>Test class: access.PermissionGroupsEdit_testcases</td>
<td></td>
<td>26</td>
<td>access.PermissionGroupsEdit_testcases@429bd883</td></tr>
<tr>
<td title='access.PermissionGroupsEdit_testcases.update_permission_groups_business_groups()'><b>update_permission_groups_business_groups</b><br>Test class: access.PermissionGroupsEdit_testcases</td>
<td></td>
<td>61</td>
<td>access.PermissionGroupsEdit_testcases@429bd883</td></tr>
<tr>
<td title='access.PermissionGroupsEdit_testcases.update_permission_groups_business_rule_to_previous()'><b>update_permission_groups_business_rule_to_previous</b><br>Test class: access.PermissionGroupsEdit_testcases</td>
<td></td>
<td>61</td>
<td>access.PermissionGroupsEdit_testcases@429bd883</td></tr>
<tr>
<td title='access.PermissionGroupsEdit_testcases.update_permission_groups_name()'><b>update_permission_groups_name</b><br>Test class: access.PermissionGroupsEdit_testcases</td>
<td></td>
<td>70</td>
<td>access.PermissionGroupsEdit_testcases@429bd883</td></tr>
<tr>
<td title='access.PermissionGroupsEdit_testcases.update_permission_groups_name_to_previous()'><b>update_permission_groups_name_to_previous</b><br>Test class: access.PermissionGroupsEdit_testcases</td>
<td></td>
<td>67</td>
<td>access.PermissionGroupsEdit_testcases@429bd883</td></tr>
<tr>
<td title='access.PermissionGroupsEdit_testcases.update_permission_groups_parent_permission()'><b>update_permission_groups_parent_permission</b><br>Test class: access.PermissionGroupsEdit_testcases</td>
<td></td>
<td>61</td>
<td>access.PermissionGroupsEdit_testcases@429bd883</td></tr>
<tr>
<td title='access.PermissionGroupsEdit_testcases.update_permission_groups_parent_permission_to_previous()'><b>update_permission_groups_parent_permission_to_previous</b><br>Test class: access.PermissionGroupsEdit_testcases</td>
<td></td>
<td>61</td>
<td>access.PermissionGroupsEdit_testcases@429bd883</td></tr>
<tr>
<td title='access.PermissionGroupsEdit_testcases.update_permission_groups_permissions()'><b>update_permission_groups_permissions</b><br>Test class: access.PermissionGroupsEdit_testcases</td>
<td></td>
<td>74</td>
<td>access.PermissionGroupsEdit_testcases@429bd883</td></tr>
<tr>
<td title='access.PermissionGroupsEdit_testcases.update_permission_groups_permissions_to_previous()'><b>update_permission_groups_permissions_to_previous</b><br>Test class: access.PermissionGroupsEdit_testcases</td>
<td></td>
<td>70</td>
<td>access.PermissionGroupsEdit_testcases@429bd883</td></tr>
<tr>
<td title='access.PermissionGroupsRestore_testcases.verify_permission_archive_page()'><b>verify_permission_archive_page</b><br>Test class: access.PermissionGroupsRestore_testcases</td>
<td></td>
<td>14</td>
<td>access.PermissionGroupsRestore_testcases@4d49af10</td></tr>
</table><p>
</body>
</html>