<html>
<head>
<title>TestNG:  PERMISSION CATEGORIES TESTCASES</title>
<link href="../testng.css" rel="stylesheet" type="text/css" />
<link href="../my-testng.css" rel="stylesheet" type="text/css" />

<style type="text/css">
.log { display: none;} 
.stack-trace { display: none;} 
</style>
<script type="text/javascript">
<!--
function flip(e) {
  current = e.style.display;
  if (current == 'block') {
    e.style.display = 'none';
    return 0;
  }
  else {
    e.style.display = 'block';
    return 1;
  }
}

function toggleBox(szDivId, elem, msg1, msg2)
{
  var res = -1;  if (document.getElementById) {
    res = flip(document.getElementById(szDivId));
  }
  else if (document.all) {
    // this is the way old msie versions work
    res = flip(document.all[szDivId]);
  }
  if(elem) {
    if(res == 0) elem.innerHTML = msg1; else elem.innerHTML = msg2;
  }

}

function toggleAllBoxes() {
  if (document.getElementsByTagName) {
    d = document.getElementsByTagName('div');
    for (i = 0; i < d.length; i++) {
      if (d[i].className == 'log') {
        flip(d[i]);
      }
    }
  }
}

// -->
</script>

</head>
<body>
<h2 align='center'>PERMISSION CATEGORIES TESTCASES</h2><table border='1' align="center">
<tr>
<td>Tests passed/Failed/Skipped:</td><td>14/2/0</td>
</tr><tr>
<td>Started on:</td><td>Fri Oct 06 16:49:38 CDT 2017</td>
</tr>
<tr><td>Total time:</td><td>1008 seconds (1008386 ms)</td>
</tr><tr>
<td>Included groups:</td><td></td>
</tr><tr>
<td>Excluded groups:</td><td></td>
</tr>
</table><p/>
<small><i>(Hover the method name to see the test class name)</i></small><p/>
<table width='100%' border='1' class='invocation-failed'>
<tr><td colspan='4' align='center'><b>FAILED TESTS</b></td></tr>
<tr><td><b>Test method</b></td>
<td width="30%"><b>Exception</b></td>
<td width="10%"><b>Time (seconds)</b></td>
<td><b>Instance</b></td>
</tr>
<tr>
<td title='access.PermissionCategoriesEdit_TestCases.activate_permission_categories()'><b>activate_permission_categories</b><br>Test class: access.PermissionCategoriesEdit_TestCases</td>
<td><div><pre>java.lang.IllegalArgumentException: Cannot find elements when the XPath expression is null.
	at org.openqa.selenium.By.xpath(By.java:113)
	at access.PermissionCategoriesPage.editPermissionCategories(PermissionCategoriesPage.java:84)
	at access.PermissionCategoriesEdit_TestCases.activate_permission_categories(PermissionCategoriesEdit_TestCases.java:126)
	at java.util.concurrent.FutureTask.run(FutureTask.java:266)
	at java.util.concurrent.ThreadPoolExecutor.runWorker(ThreadPoolExecutor.java:1142)
	at java.util.concurrent.ThreadPoolExecutor$Worker.run(ThreadPoolExecutor.java:617)
	at java.lang.Thread.run(Thread.java:745)
... Removed 16 stack frames</pre></div><a href='#' onClick='toggleBox("stack-trace521591426", this, "Click to show all stack frames", "Click to hide stack frames")'>Click to show all stack frames</a>
<div class='stack-trace' id='stack-trace521591426'><pre>java.lang.IllegalArgumentException: Cannot find elements when the XPath expression is null.
	at org.openqa.selenium.By.xpath(By.java:113)
	at access.PermissionCategoriesPage.editPermissionCategories(PermissionCategoriesPage.java:84)
	at access.PermissionCategoriesEdit_TestCases.activate_permission_categories(PermissionCategoriesEdit_TestCases.java:126)
	at sun.reflect.NativeMethodAccessorImpl.invoke0(Native Method)
	at sun.reflect.NativeMethodAccessorImpl.invoke(NativeMethodAccessorImpl.java:62)
	at sun.reflect.DelegatingMethodAccessorImpl.invoke(DelegatingMethodAccessorImpl.java:43)
	at java.lang.reflect.Method.invoke(Method.java:498)
	at org.testng.internal.MethodInvocationHelper.invokeMethod(MethodInvocationHelper.java:104)
	at org.testng.internal.Invoker.invokeMethod(Invoker.java:645)
	at org.testng.internal.Invoker.invokeTestMethod(Invoker.java:851)
	at org.testng.internal.Invoker.invokeTestMethods(Invoker.java:1177)
	at org.testng.internal.TestMethodWorker.invokeTestMethods(TestMethodWorker.java:129)
	at org.testng.internal.TestMethodWorker.run(TestMethodWorker.java:112)
	at org.testng.TestRunner.privateRun(TestRunner.java:756)
	at org.testng.TestRunner.run(TestRunner.java:610)
	at org.testng.SuiteRunner.runTest(SuiteRunner.java:387)
	at org.testng.SuiteRunner.access$000(SuiteRunner.java:39)
	at org.testng.SuiteRunner$SuiteWorker.run(SuiteRunner.java:421)
	at org.testng.internal.thread.ThreadUtil$2.call(ThreadUtil.java:64)
	at java.util.concurrent.FutureTask.run(FutureTask.java:266)
	at java.util.concurrent.ThreadPoolExecutor.runWorker(ThreadPoolExecutor.java:1142)
	at java.util.concurrent.ThreadPoolExecutor$Worker.run(ThreadPoolExecutor.java:617)
	at java.lang.Thread.run(Thread.java:745)
</pre></div></td>
<td>30</td>
<td>access.PermissionCategoriesEdit_TestCases@525b461a</td></tr>
<tr>
<td title='access.PermissionCategories_TestCases.create_a_new_permission_categories()'><b>create_a_new_permission_categories</b><br>Test class: access.PermissionCategories_TestCases</td>
<td><div><pre>java.lang.AssertionError: expected [CODA - Permission Categories] but found [CODA - PermissionCategories - Add]
	at access.PermissionCategoriesAddPage.clickSave(PermissionCategoriesAddPage.java:53)
	at access.PermissionCategories_TestCases.create_a_new_permission_categories(PermissionCategories_TestCases.java:18)
	at java.util.concurrent.FutureTask.run(FutureTask.java:266)
	at java.util.concurrent.ThreadPoolExecutor.runWorker(ThreadPoolExecutor.java:1142)
	at java.util.concurrent.ThreadPoolExecutor$Worker.run(ThreadPoolExecutor.java:617)
	at java.lang.Thread.run(Thread.java:745)
... Removed 22 stack frames</pre></div><a href='#' onClick='toggleBox("stack-trace163269094", this, "Click to show all stack frames", "Click to hide stack frames")'>Click to show all stack frames</a>
<div class='stack-trace' id='stack-trace163269094'><pre>java.lang.AssertionError: expected [CODA - Permission Categories] but found [CODA - PermissionCategories - Add]
	at org.testng.Assert.fail(Assert.java:94)
	at org.testng.Assert.failNotEquals(Assert.java:513)
	at org.testng.Assert.assertEqualsImpl(Assert.java:135)
	at org.testng.Assert.assertEquals(Assert.java:116)
	at org.testng.Assert.assertEquals(Assert.java:190)
	at org.testng.Assert.assertEquals(Assert.java:200)
	at access.PermissionCategoriesAddPage.clickSave(PermissionCategoriesAddPage.java:53)
	at access.PermissionCategories_TestCases.create_a_new_permission_categories(PermissionCategories_TestCases.java:18)
	at sun.reflect.NativeMethodAccessorImpl.invoke0(Native Method)
	at sun.reflect.NativeMethodAccessorImpl.invoke(NativeMethodAccessorImpl.java:62)
	at sun.reflect.DelegatingMethodAccessorImpl.invoke(DelegatingMethodAccessorImpl.java:43)
	at java.lang.reflect.Method.invoke(Method.java:498)
	at org.testng.internal.MethodInvocationHelper.invokeMethod(MethodInvocationHelper.java:104)
	at org.testng.internal.Invoker.invokeMethod(Invoker.java:645)
	at org.testng.internal.Invoker.invokeTestMethod(Invoker.java:851)
	at org.testng.internal.Invoker.invokeTestMethods(Invoker.java:1177)
	at org.testng.internal.TestMethodWorker.invokeTestMethods(TestMethodWorker.java:129)
	at org.testng.internal.TestMethodWorker.run(TestMethodWorker.java:112)
	at org.testng.TestRunner.privateRun(TestRunner.java:756)
	at org.testng.TestRunner.run(TestRunner.java:610)
	at org.testng.SuiteRunner.runTest(SuiteRunner.java:387)
	at org.testng.SuiteRunner.access$000(SuiteRunner.java:39)
	at org.testng.SuiteRunner$SuiteWorker.run(SuiteRunner.java:421)
	at org.testng.internal.thread.ThreadUtil$2.call(ThreadUtil.java:64)
	at java.util.concurrent.FutureTask.run(FutureTask.java:266)
	at java.util.concurrent.ThreadPoolExecutor.runWorker(ThreadPoolExecutor.java:1142)
	at java.util.concurrent.ThreadPoolExecutor$Worker.run(ThreadPoolExecutor.java:617)
	at java.lang.Thread.run(Thread.java:745)
</pre></div></td>
<td>50</td>
<td>access.PermissionCategories_TestCases@7ff2a664</td></tr>
</table><p>
<table width='100%' border='1' class='invocation-passed'>
<tr><td colspan='4' align='center'><b>PASSED TESTS</b></td></tr>
<tr><td><b>Test method</b></td>
<td width="30%"><b>Exception</b></td>
<td width="10%"><b>Time (seconds)</b></td>
<td><b>Instance</b></td>
</tr>
<tr>
<td title='access.PermissionCategoriesEdit_TestCases.archive_permission_categories()'><b>archive_permission_categories</b><br>Test class: access.PermissionCategoriesEdit_TestCases</td>
<td></td>
<td>74</td>
<td>access.PermissionCategoriesEdit_TestCases@525b461a</td></tr>
<tr>
<td title='access.PermissionCategories_TestCases.click_cancel_in_permission_categories_add_page()'><b>click_cancel_in_permission_categories_add_page</b><br>Test class: access.PermissionCategories_TestCases</td>
<td></td>
<td>29</td>
<td>access.PermissionCategories_TestCases@7ff2a664</td></tr>
<tr>
<td title='access.PermissionCategoriesEdit_TestCases.click_cancel_in_permission_categories_edit_page()'><b>click_cancel_in_permission_categories_edit_page</b><br>Test class: access.PermissionCategoriesEdit_TestCases</td>
<td></td>
<td>32</td>
<td>access.PermissionCategoriesEdit_TestCases@525b461a</td></tr>
<tr>
<td title='access.PermissionCategories_TestCases.create_a_new_permission_categories_without_controller_name()'><b>create_a_new_permission_categories_without_controller_name</b><br>Test class: access.PermissionCategories_TestCases</td>
<td></td>
<td>41</td>
<td>access.PermissionCategories_TestCases@7ff2a664</td></tr>
<tr>
<td title='access.PermissionCategories_TestCases.create_a_new_permission_categories_without_name()'><b>create_a_new_permission_categories_without_name</b><br>Test class: access.PermissionCategories_TestCases</td>
<td></td>
<td>40</td>
<td>access.PermissionCategories_TestCases@7ff2a664</td></tr>
<tr>
<td title='access.PermissionCategories_TestCases.delete_permission_category_from_database()'><b>delete_permission_category_from_database</b><br>Test class: access.PermissionCategories_TestCases</td>
<td></td>
<td>2</td>
<td>access.PermissionCategories_TestCases@7ff2a664</td></tr>
<tr>
<td title='access.PermissionCategoriesEdit_TestCases.inactivate_permission_categories()'><b>inactivate_permission_categories</b><br>Test class: access.PermissionCategoriesEdit_TestCases</td>
<td></td>
<td>79</td>
<td>access.PermissionCategoriesEdit_TestCases@525b461a</td></tr>
<tr>
<td title='access.PermissionCategoriesEdit_TestCases.restore_permission_categories()'><b>restore_permission_categories</b><br>Test class: access.PermissionCategoriesEdit_TestCases</td>
<td></td>
<td>90</td>
<td>access.PermissionCategoriesEdit_TestCases@525b461a</td></tr>
<tr>
<td title='access.PermissionCategoriesEdit_TestCases.return_to_main_page_from_permission_categories_edit_page()'><b>return_to_main_page_from_permission_categories_edit_page</b><br>Test class: access.PermissionCategoriesEdit_TestCases</td>
<td></td>
<td>31</td>
<td>access.PermissionCategoriesEdit_TestCases@525b461a</td></tr>
<tr>
<td title='access.PermissionCategories_TestCases.return_to_permission_categories_main_page_from_add()'><b>return_to_permission_categories_main_page_from_add</b><br>Test class: access.PermissionCategories_TestCases</td>
<td></td>
<td>28</td>
<td>access.PermissionCategories_TestCases@7ff2a664</td></tr>
<tr>
<td title='access.PermissionCategoriesEdit_TestCases.update_permission_categories_conttroller_name()'><b>update_permission_categories_conttroller_name</b><br>Test class: access.PermissionCategoriesEdit_TestCases</td>
<td></td>
<td>79</td>
<td>access.PermissionCategoriesEdit_TestCases@525b461a</td></tr>
<tr>
<td title='access.PermissionCategoriesEdit_TestCases.update_permission_categories_conttroller_name_to_previous()'><b>update_permission_categories_conttroller_name_to_previous</b><br>Test class: access.PermissionCategoriesEdit_TestCases</td>
<td></td>
<td>82</td>
<td>access.PermissionCategoriesEdit_TestCases@525b461a</td></tr>
<tr>
<td title='access.PermissionCategoriesEdit_TestCases.update_permission_categories_name()'><b>update_permission_categories_name</b><br>Test class: access.PermissionCategoriesEdit_TestCases</td>
<td></td>
<td>83</td>
<td>access.PermissionCategoriesEdit_TestCases@525b461a</td></tr>
<tr>
<td title='access.PermissionCategoriesEdit_TestCases.update_permission_categories_name_to_previous()'><b>update_permission_categories_name_to_previous</b><br>Test class: access.PermissionCategoriesEdit_TestCases</td>
<td></td>
<td>84</td>
<td>access.PermissionCategoriesEdit_TestCases@525b461a</td></tr>
</table><p>
</body>
</html>