<?xml version="1.0" encoding="UTF-8"?>
<!-- Generated by org.testng.reporters.JUnitXMLReporter -->
<testsuite hostname="remote-wkstn3" ignored="3" name="PERMISSIONS TESTCASES" tests="18" failures="1" timestamp="11 Jul 2017 12:14:32 GMT" time="1328.441" errors="0">
  <testcase name="create_a_new_permissions" time="85.15" classname="access.Permissions_TestCases">
    <failure type="java.lang.AssertionError" message="expected [selenium_permission02] but found [edit_permission_test_01]">
      <![CDATA[java.lang.AssertionError: expected [selenium_permission02] but found [edit_permission_test_01]
	at access.PermissionsPage.validateUpdates(PermissionsPage.java:122)
	at access.Permissions_TestCases.create_a_new_permissions(Permissions_TestCases.java:20)
	at java.util.concurrent.FutureTask.run(FutureTask.java:266)
	at java.util.concurrent.ThreadPoolExecutor.runWorker(ThreadPoolExecutor.java:1142)
	at java.util.concurrent.ThreadPoolExecutor$Worker.run(ThreadPoolExecutor.java:617)
	at java.lang.Thread.run(Thread.java:745)
... Removed 22 stack frames]]>
    </failure>
  </testcase> <!-- create_a_new_permissions -->
  <testcase name="update_permissions_name" time="88.1" classname="access.PemissionsEdit_TestCases"/>
  <testcase name="create_a_new_permissions_without_name" time="41.856" classname="access.Permissions_TestCases"/>
  <testcase name="update_permissions_name_to_previous" time="84.823" classname="access.PemissionsEdit_TestCases"/>
  <testcase name="create_a_new_permissions_without_permission_category" time="45.7" classname="access.Permissions_TestCases"/>
  <testcase name="update_permissions_permission_category" time="83.783" classname="access.PemissionsEdit_TestCases"/>
  <testcase name="click_cancel_in_permissions_add_page" time="30.081" classname="access.Permissions_TestCases"/>
  <testcase name="update_permissions_permission_category_to_previous" time="83.299" classname="access.PemissionsEdit_TestCases"/>
  <testcase name="return_to_permissions_main_page_from_add" time="28.789" classname="access.Permissions_TestCases"/>
  <testcase name="update_permissions_business_rule" time="81.568" classname="access.PemissionsEdit_TestCases"/>
  <testcase name="delete_permissions_from_database" time="2.044" classname="access.Permissions_TestCases"/>
  <testcase name="update_permissions_business_rule_to_previous" time="80.477" classname="access.PemissionsEdit_TestCases"/>
  <testcase name="click_cancel_in_permissions_edit_page" time="36.13" classname="access.PemissionsEdit_TestCases"/>
  <testcase name="returm_to_permissions_main_page_from_edit" time="34.373" classname="access.PemissionsEdit_TestCases"/>
  <testcase name="inactivate_permissions" time="83.525" classname="access.PemissionsEdit_TestCases"/>
  <testcase name="activate_permissions" time="81.467" classname="access.PemissionsEdit_TestCases"/>
  <testcase name="archive_permissions" time="82.918" classname="access.PemissionsEdit_TestCases"/>
  <testcase name="restore_permissions" time="90.728" classname="access.PemissionsEdit_TestCases"/>
  <testcase name="empty_permission_category_field_in_permissions_edit_page" time="0.0" classname="access.PemissionsEdit_TestCases">
    <ignored/>
  </testcase> <!-- empty_permission_category_field_in_permissions_edit_page -->
  <testcase name="@AfterSuite tearDown" time="0.0" classname="Utility.TestBase">
    <ignored/>
  </testcase> <!-- @AfterSuite tearDown -->
  <testcase name="empty_name_field_in_permissions_edit_page" time="0.0" classname="access.PemissionsEdit_TestCases">
    <ignored/>
  </testcase> <!-- empty_name_field_in_permissions_edit_page -->
</testsuite> <!-- PERMISSIONS TESTCASES -->
