<html>
<head>
<title>TestNG:  PERMISSION GROUPS EDIT TESTCASES</title>
<link href="../testng.css" rel="stylesheet" type="text/css" />
<link href="../my-testng.css" rel="stylesheet" type="text/css" />

<style type="text/css">
.log { display: none;} 
.stack-trace { display: none;} 
</style>
<script type="text/javascript">
<!--
function flip(e) {
  current = e.style.display;
  if (current == 'block') {
    e.style.display = 'none';
    return 0;
  }
  else {
    e.style.display = 'block';
    return 1;
  }
}

function toggleBox(szDivId, elem, msg1, msg2)
{
  var res = -1;  if (document.getElementById) {
    res = flip(document.getElementById(szDivId));
  }
  else if (document.all) {
    // this is the way old msie versions work
    res = flip(document.all[szDivId]);
  }
  if(elem) {
    if(res == 0) elem.innerHTML = msg1; else elem.innerHTML = msg2;
  }

}

function toggleAllBoxes() {
  if (document.getElementsByTagName) {
    d = document.getElementsByTagName('div');
    for (i = 0; i < d.length; i++) {
      if (d[i].className == 'log') {
        flip(d[i]);
      }
    }
  }
}

// -->
</script>

</head>
<body>
<h2 align='center'>PERMISSION GROUPS EDIT TESTCASES</h2><table border='1' align="center">
<tr>
<td>Tests passed/Failed/Skipped:</td><td>14/1/0</td>
</tr><tr>
<td>Started on:</td><td>Tue Oct 11 10:30:59 CDT 2016</td>
</tr>
<tr><td>Total time:</td><td>906 seconds (906833 ms)</td>
</tr><tr>
<td>Included groups:</td><td></td>
</tr><tr>
<td>Excluded groups:</td><td></td>
</tr>
</table><p/>
<small><i>(Hover the method name to see the test class name)</i></small><p/>
<table width='100%' border='1' class='invocation-failed'>
<tr><td colspan='4' align='center'><b>FAILED TESTS</b></td></tr>
<tr><td><b>Test method</b></td>
<td width="30%"><b>Exception</b></td>
<td width="10%"><b>Time (seconds)</b></td>
<td><b>Instance</b></td>
</tr>
<tr>
<td title='access.PermissionGroupsEdit_testcases.restore_permission_groups()'><b>restore_permission_groups</b><br>Test class: access.PermissionGroupsEdit_testcases</td>
<td><div><pre>org.openqa.selenium.NoSuchElementException: no such element: Unable to locate element: {&quot;method&quot;:&quot;xpath&quot;,&quot;selector&quot;:&quot;//a[contains(text(),&apos;Restore&apos;)]&quot;}
  (Session info: chrome=53.0.2785.143)
  (Driver info: chromedriver=2.21.371459 (36d3d07f660ff2bc1bf28a75d1cdabed0983e7c4),platform=Windows NT 10.0 x86_64) (WARNING: The server did not provide any stacktrace information)
Command duration or timeout: 10.05 seconds
For documentation on this error, please visit: http://seleniumhq.org/exceptions/no_such_element.html
Build info: version: &apos;2.53.1&apos;, revision: &apos;a36b8b1cd5757287168e54b817830adce9b0158d&apos;, time: &apos;2016-06-30 19:26:09&apos;
System info: host: &apos;prikab&apos;, ip: &apos;10.16.22.140&apos;, os.name: &apos;Windows 10&apos;, os.arch: &apos;amd64&apos;, os.version: &apos;10.0&apos;, java.version: &apos;1.8.0_91&apos;
Driver info: org.openqa.selenium.chrome.ChromeDriver
Capabilities [{applicationCacheEnabled=false, rotatable=false, mobileEmulationEnabled=false, chrome={chromedriverVersion=2.21.371459 (36d3d07f660ff2bc1bf28a75d1cdabed0983e7c4), userDataDir=C:\Users\PRINCE~1.KAB\AppData\Local\Temp\scoped_dir12164_775}, takesHeapSnapshot=true, databaseEnabled=false, handlesAlerts=true, hasTouchScreen=false, version=53.0.2785.143, platform=XP, browserConnectionEnabled=false, nativeEvents=true, acceptSslCerts=true, locationContextEnabled=true, webStorageEnabled=true, browserName=chrome, takesScreenshot=true, javascriptEnabled=true, cssSelectorsEnabled=true}]
Session ID: f32d63083d9a6dd6ffd5507a2ac2c218
*** Element info: {Using=xpath, value=//a[contains(text(),&apos;Restore&apos;)]}
	at org.openqa.selenium.remote.ErrorHandler.createThrowable(ErrorHandler.java:206)
	at org.openqa.selenium.remote.ErrorHandler.throwIfResponseFailed(ErrorHandler.java:158)
	at org.openqa.selenium.remote.RemoteWebDriver.execute(RemoteWebDriver.java:678)
	at org.openqa.selenium.remote.RemoteWebDriver.findElement(RemoteWebDriver.java:363)
	at org.openqa.selenium.remote.RemoteWebDriver.findElementByXPath(RemoteWebDriver.java:500)
	at org.openqa.selenium.By$ByXPath.findElement(By.java:361)
	at org.openqa.selenium.remote.RemoteWebDriver.findElement(RemoteWebDriver.java:355)
	at access.PermissionGroupsPage.restorePermissionGroups(PermissionGroupsPage.java:146)
	at access.PermissionGroupsEdit_testcases.restore_permission_groups(PermissionGroupsEdit_testcases.java:186)
	at java.util.concurrent.FutureTask.run(Unknown Source)
	at java.util.concurrent.ThreadPoolExecutor.runWorker(Unknown Source)
	at java.util.concurrent.ThreadPoolExecutor$Worker.run(Unknown Source)
	at java.lang.Thread.run(Unknown Source)
... Removed 20 stack frames</pre></div><a href='#' onClick='toggleBox("stack-trace323927250", this, "Click to show all stack frames", "Click to hide stack frames")'>Click to show all stack frames</a>
<div class='stack-trace' id='stack-trace323927250'><pre>org.openqa.selenium.NoSuchElementException: no such element: Unable to locate element: {&quot;method&quot;:&quot;xpath&quot;,&quot;selector&quot;:&quot;//a[contains(text(),&apos;Restore&apos;)]&quot;}
  (Session info: chrome=53.0.2785.143)
  (Driver info: chromedriver=2.21.371459 (36d3d07f660ff2bc1bf28a75d1cdabed0983e7c4),platform=Windows NT 10.0 x86_64) (WARNING: The server did not provide any stacktrace information)
Command duration or timeout: 10.05 seconds
For documentation on this error, please visit: http://seleniumhq.org/exceptions/no_such_element.html
Build info: version: &apos;2.53.1&apos;, revision: &apos;a36b8b1cd5757287168e54b817830adce9b0158d&apos;, time: &apos;2016-06-30 19:26:09&apos;
System info: host: &apos;prikab&apos;, ip: &apos;10.16.22.140&apos;, os.name: &apos;Windows 10&apos;, os.arch: &apos;amd64&apos;, os.version: &apos;10.0&apos;, java.version: &apos;1.8.0_91&apos;
Driver info: org.openqa.selenium.chrome.ChromeDriver
Capabilities [{applicationCacheEnabled=false, rotatable=false, mobileEmulationEnabled=false, chrome={chromedriverVersion=2.21.371459 (36d3d07f660ff2bc1bf28a75d1cdabed0983e7c4), userDataDir=C:\Users\PRINCE~1.KAB\AppData\Local\Temp\scoped_dir12164_775}, takesHeapSnapshot=true, databaseEnabled=false, handlesAlerts=true, hasTouchScreen=false, version=53.0.2785.143, platform=XP, browserConnectionEnabled=false, nativeEvents=true, acceptSslCerts=true, locationContextEnabled=true, webStorageEnabled=true, browserName=chrome, takesScreenshot=true, javascriptEnabled=true, cssSelectorsEnabled=true}]
Session ID: f32d63083d9a6dd6ffd5507a2ac2c218
*** Element info: {Using=xpath, value=//a[contains(text(),&apos;Restore&apos;)]}
	at sun.reflect.NativeConstructorAccessorImpl.newInstance0(Native Method)
	at sun.reflect.NativeConstructorAccessorImpl.newInstance(Unknown Source)
	at sun.reflect.DelegatingConstructorAccessorImpl.newInstance(Unknown Source)
	at java.lang.reflect.Constructor.newInstance(Unknown Source)
	at org.openqa.selenium.remote.ErrorHandler.createThrowable(ErrorHandler.java:206)
	at org.openqa.selenium.remote.ErrorHandler.throwIfResponseFailed(ErrorHandler.java:158)
	at org.openqa.selenium.remote.RemoteWebDriver.execute(RemoteWebDriver.java:678)
	at org.openqa.selenium.remote.RemoteWebDriver.findElement(RemoteWebDriver.java:363)
	at org.openqa.selenium.remote.RemoteWebDriver.findElementByXPath(RemoteWebDriver.java:500)
	at org.openqa.selenium.By$ByXPath.findElement(By.java:361)
	at org.openqa.selenium.remote.RemoteWebDriver.findElement(RemoteWebDriver.java:355)
	at access.PermissionGroupsPage.restorePermissionGroups(PermissionGroupsPage.java:146)
	at access.PermissionGroupsEdit_testcases.restore_permission_groups(PermissionGroupsEdit_testcases.java:186)
	at sun.reflect.NativeMethodAccessorImpl.invoke0(Native Method)
	at sun.reflect.NativeMethodAccessorImpl.invoke(Unknown Source)
	at sun.reflect.DelegatingMethodAccessorImpl.invoke(Unknown Source)
	at java.lang.reflect.Method.invoke(Unknown Source)
	at org.testng.internal.MethodInvocationHelper.invokeMethod(MethodInvocationHelper.java:100)
	at org.testng.internal.Invoker.invokeMethod(Invoker.java:646)
	at org.testng.internal.Invoker.invokeTestMethod(Invoker.java:811)
	at org.testng.internal.Invoker.invokeTestMethods(Invoker.java:1129)
	at org.testng.internal.TestMethodWorker.invokeTestMethods(TestMethodWorker.java:129)
	at org.testng.internal.TestMethodWorker.run(TestMethodWorker.java:112)
	at org.testng.TestRunner.privateRun(TestRunner.java:746)
	at org.testng.TestRunner.run(TestRunner.java:600)
	at org.testng.SuiteRunner.runTest(SuiteRunner.java:366)
	at org.testng.SuiteRunner.access$000(SuiteRunner.java:39)
	at org.testng.SuiteRunner$SuiteWorker.run(SuiteRunner.java:400)
	at org.testng.internal.thread.ThreadUtil$2.call(ThreadUtil.java:64)
	at java.util.concurrent.FutureTask.run(Unknown Source)
	at java.util.concurrent.ThreadPoolExecutor.runWorker(Unknown Source)
	at java.util.concurrent.ThreadPoolExecutor$Worker.run(Unknown Source)
	at java.lang.Thread.run(Unknown Source)
</pre></div></td>
<td>41</td>
<td>access.PermissionGroupsEdit_testcases@1e397ed7</td></tr>
</table><p>
<table width='100%' border='1' class='invocation-passed'>
<tr><td colspan='4' align='center'><b>PASSED TESTS</b></td></tr>
<tr><td><b>Test method</b></td>
<td width="30%"><b>Exception</b></td>
<td width="10%"><b>Time (seconds)</b></td>
<td><b>Instance</b></td>
</tr>
<tr>
<td title='access.PermissionGroupsEdit_testcases.activate_permission_groups()'><b>activate_permission_groups</b><br>Test class: access.PermissionGroupsEdit_testcases</td>
<td></td>
<td>56</td>
<td>access.PermissionGroupsEdit_testcases@1e397ed7</td></tr>
<tr>
<td title='access.PermissionGroupsEdit_testcases.archive_permission_groups()'><b>archive_permission_groups</b><br>Test class: access.PermissionGroupsEdit_testcases</td>
<td></td>
<td>22</td>
<td>access.PermissionGroupsEdit_testcases@1e397ed7</td></tr>
<tr>
<td title='access.PermissionGroupsEdit_testcases.click_cancel_in_permission_groups_edit_page()'><b>click_cancel_in_permission_groups_edit_page</b><br>Test class: access.PermissionGroupsEdit_testcases</td>
<td></td>
<td>32</td>
<td>access.PermissionGroupsEdit_testcases@1e397ed7</td></tr>
<tr>
<td title='access.PermissionGroupsEdit_testcases.empty_a_required_field_and_click_save_in_permission_edit_page()'><b>empty_a_required_field_and_click_save_in_permission_edit_page</b><br>Test class: access.PermissionGroupsEdit_testcases</td>
<td></td>
<td>31</td>
<td>access.PermissionGroupsEdit_testcases@1e397ed7</td></tr>
<tr>
<td title='access.PermissionGroupsEdit_testcases.inactivate_permission_groups()'><b>inactivate_permission_groups</b><br>Test class: access.PermissionGroupsEdit_testcases</td>
<td></td>
<td>55</td>
<td>access.PermissionGroupsEdit_testcases@1e397ed7</td></tr>
<tr>
<td title='access.PermissionGroupsEdit_testcases.return_to_permission_groups_main_page()'><b>return_to_permission_groups_main_page</b><br>Test class: access.PermissionGroupsEdit_testcases</td>
<td></td>
<td>32</td>
<td>access.PermissionGroupsEdit_testcases@1e397ed7</td></tr>
<tr>
<td title='access.PermissionGroupsEdit_testcases.update_permission_groups_business_groups()'><b>update_permission_groups_business_groups</b><br>Test class: access.PermissionGroupsEdit_testcases</td>
<td></td>
<td>54</td>
<td>access.PermissionGroupsEdit_testcases@1e397ed7</td></tr>
<tr>
<td title='access.PermissionGroupsEdit_testcases.update_permission_groups_business_groups_to_previous()'><b>update_permission_groups_business_groups_to_previous</b><br>Test class: access.PermissionGroupsEdit_testcases</td>
<td></td>
<td>54</td>
<td>access.PermissionGroupsEdit_testcases@1e397ed7</td></tr>
<tr>
<td title='access.PermissionGroupsEdit_testcases.update_permission_groups_name()'><b>update_permission_groups_name</b><br>Test class: access.PermissionGroupsEdit_testcases</td>
<td></td>
<td>58</td>
<td>access.PermissionGroupsEdit_testcases@1e397ed7</td></tr>
<tr>
<td title='access.PermissionGroupsEdit_testcases.update_permission_groups_name_to_previous()'><b>update_permission_groups_name_to_previous</b><br>Test class: access.PermissionGroupsEdit_testcases</td>
<td></td>
<td>56</td>
<td>access.PermissionGroupsEdit_testcases@1e397ed7</td></tr>
<tr>
<td title='access.PermissionGroupsEdit_testcases.update_permission_groups_parent_permission()'><b>update_permission_groups_parent_permission</b><br>Test class: access.PermissionGroupsEdit_testcases</td>
<td></td>
<td>55</td>
<td>access.PermissionGroupsEdit_testcases@1e397ed7</td></tr>
<tr>
<td title='access.PermissionGroupsEdit_testcases.update_permission_groups_parent_permission_to_previous()'><b>update_permission_groups_parent_permission_to_previous</b><br>Test class: access.PermissionGroupsEdit_testcases</td>
<td></td>
<td>55</td>
<td>access.PermissionGroupsEdit_testcases@1e397ed7</td></tr>
<tr>
<td title='access.PermissionGroupsEdit_testcases.update_permission_groups_permissions()'><b>update_permission_groups_permissions</b><br>Test class: access.PermissionGroupsEdit_testcases</td>
<td></td>
<td>98</td>
<td>access.PermissionGroupsEdit_testcases@1e397ed7</td></tr>
<tr>
<td title='access.PermissionGroupsEdit_testcases.update_permission_groups_permissions_to_previous()'><b>update_permission_groups_permissions_to_previous</b><br>Test class: access.PermissionGroupsEdit_testcases</td>
<td></td>
<td>96</td>
<td>access.PermissionGroupsEdit_testcases@1e397ed7</td></tr>
</table><p>
</body>
</html>