<?xml version="1.0" encoding="UTF-8"?>
<!-- Generated by org.testng.reporters.JUnitXMLReporter -->
<testsuite hostname="prikab" name="PROGRAMS EDIT TESTCASES" tests="13" failures="1" timestamp="29 Sep 2016 16:26:47 GMT" time="885.001" errors="0">
  <testcase name="update_program_name" time="56.231" classname="manage.ProgramsEdit_testcases"/>
  <testcase name="update_program_name_to_previous" time="56.788" classname="manage.ProgramsEdit_testcases"/>
  <testcase name="update_program_brands" time="59.27" classname="manage.ProgramsEdit_testcases"/>
  <testcase name="update_program_url" time="55.111" classname="manage.ProgramsEdit_testcases"/>
  <testcase name="update_program_url_to_previous" time="56.359" classname="manage.ProgramsEdit_testcases"/>
  <testcase name="update_program_description" time="55.526" classname="manage.ProgramsEdit_testcases"/>
  <testcase name="select_cancel_button_in_program_edit_page" time="50.995" classname="manage.ProgramsEdit_testcases"/>
  <testcase name="update_program_clientname" time="55.641" classname="manage.ProgramsEdit_testcases"/>
  <testcase name="update_program_clientname_to_previous" time="55.23" classname="manage.ProgramsEdit_testcases"/>
  <testcase name="inactivate_program" time="55.082" classname="manage.ProgramsEdit_testcases"/>
  <testcase name="activate_program" time="57.854" classname="manage.ProgramsEdit_testcases"/>
  <testcase name="archive_program" time="30.267" classname="manage.ProgramsEdit_testcases"/>
  <testcase name="restore_program" time="50.199" classname="manage.ProgramsEdit_testcases">
    <failure type="org.openqa.selenium.NoSuchElementException" message="no such element: Unable to locate element: {&amp;quot;method&amp;quot;:&amp;quot;xpath&amp;quot;,&amp;quot;selector&amp;quot;:&amp;quot;//a[contains(text(),&amp;apos;Restore&amp;apos;)]&amp;quot;}
  (Session info: chrome=53.0.2785.116)
  (Driver info: chromedriver=2.21.371459 (36d3d07f660ff2bc1bf28a75d1cdabed0983e7c4),platform=Windows NT 10.0 x86_64) (WARNING: The server did not provide any stacktrace information)
Command duration or timeout: 10.04 seconds
For documentation on this error, please visit: http://seleniumhq.org/exceptions/no_such_element.html
Build info: version: &amp;apos;2.53.1&amp;apos;, revision: &amp;apos;a36b8b1cd5757287168e54b817830adce9b0158d&amp;apos;, time: &amp;apos;2016-06-30 19:26:09&amp;apos;
System info: host: &amp;apos;prikab&amp;apos;, ip: &amp;apos;10.16.22.140&amp;apos;, os.name: &amp;apos;Windows 10&amp;apos;, os.arch: &amp;apos;amd64&amp;apos;, os.version: &amp;apos;10.0&amp;apos;, java.version: &amp;apos;1.8.0_91&amp;apos;
Driver info: org.openqa.selenium.chrome.ChromeDriver
Capabilities [{applicationCacheEnabled=false, rotatable=false, mobileEmulationEnabled=false, chrome={chromedriverVersion=2.21.371459 (36d3d07f660ff2bc1bf28a75d1cdabed0983e7c4), userDataDir=C:\Users\PRINCE~1.KAB\AppData\Local\Temp\scoped_dir3532_17627}, takesHeapSnapshot=true, databaseEnabled=false, handlesAlerts=true, hasTouchScreen=false, version=53.0.2785.116, platform=XP, browserConnectionEnabled=false, nativeEvents=true, acceptSslCerts=true, locationContextEnabled=true, webStorageEnabled=true, browserName=chrome, takesScreenshot=true, javascriptEnabled=true, cssSelectorsEnabled=true}]
Session ID: a4fb445053c5654bf1d0ed4f68fef742
*** Element info: {Using=xpath, value=//a[contains(text(),&amp;apos;Restore&amp;apos;)]}">
      <![CDATA[org.openqa.selenium.NoSuchElementException: no such element: Unable to locate element: {"method":"xpath","selector":"//a[contains(text(),'Restore')]"}
  (Session info: chrome=53.0.2785.116)
  (Driver info: chromedriver=2.21.371459 (36d3d07f660ff2bc1bf28a75d1cdabed0983e7c4),platform=Windows NT 10.0 x86_64) (WARNING: The server did not provide any stacktrace information)
Command duration or timeout: 10.04 seconds
For documentation on this error, please visit: http://seleniumhq.org/exceptions/no_such_element.html
Build info: version: '2.53.1', revision: 'a36b8b1cd5757287168e54b817830adce9b0158d', time: '2016-06-30 19:26:09'
System info: host: 'prikab', ip: '10.16.22.140', os.name: 'Windows 10', os.arch: 'amd64', os.version: '10.0', java.version: '1.8.0_91'
Driver info: org.openqa.selenium.chrome.ChromeDriver
Capabilities [{applicationCacheEnabled=false, rotatable=false, mobileEmulationEnabled=false, chrome={chromedriverVersion=2.21.371459 (36d3d07f660ff2bc1bf28a75d1cdabed0983e7c4), userDataDir=C:\Users\PRINCE~1.KAB\AppData\Local\Temp\scoped_dir3532_17627}, takesHeapSnapshot=true, databaseEnabled=false, handlesAlerts=true, hasTouchScreen=false, version=53.0.2785.116, platform=XP, browserConnectionEnabled=false, nativeEvents=true, acceptSslCerts=true, locationContextEnabled=true, webStorageEnabled=true, browserName=chrome, takesScreenshot=true, javascriptEnabled=true, cssSelectorsEnabled=true}]
Session ID: a4fb445053c5654bf1d0ed4f68fef742
*** Element info: {Using=xpath, value=//a[contains(text(),'Restore')]}
	at org.openqa.selenium.remote.ErrorHandler.createThrowable(ErrorHandler.java:206)
	at org.openqa.selenium.remote.ErrorHandler.throwIfResponseFailed(ErrorHandler.java:158)
	at org.openqa.selenium.remote.RemoteWebDriver.execute(RemoteWebDriver.java:678)
	at org.openqa.selenium.remote.RemoteWebDriver.findElement(RemoteWebDriver.java:363)
	at org.openqa.selenium.remote.RemoteWebDriver.findElementByXPath(RemoteWebDriver.java:500)
	at org.openqa.selenium.By$ByXPath.findElement(By.java:361)
	at org.openqa.selenium.remote.RemoteWebDriver.findElement(RemoteWebDriver.java:355)
	at manage.ProgramsPage.restoreProgram(ProgramsPage.java:187)
	at manage.ProgramsEdit_testcases.restore_program(ProgramsEdit_testcases.java:172)
	at java.util.concurrent.FutureTask.run(Unknown Source)
	at java.util.concurrent.ThreadPoolExecutor.runWorker(Unknown Source)
	at java.util.concurrent.ThreadPoolExecutor$Worker.run(Unknown Source)
	at java.lang.Thread.run(Unknown Source)
... Removed 20 stack frames]]>
    </failure>
  </testcase> <!-- restore_program -->
</testsuite> <!-- PROGRAMS EDIT TESTCASES -->
