<?xml version="1.0" encoding="UTF-8"?>
<!-- Generated by org.testng.reporters.JUnitXMLReporter -->
<testsuite hostname="remote-wkstn3" ignored="2" name="SEGMENT GROUPS TESTCASES" tests="26" failures="5" timestamp="11 Jul 2017 08:43:31 GMT" time="1173.101" errors="0">
  <testcase name="create_a_new_segment_groups_type_single_select" time="47.776" classname="configuration.SegmentGroups_TestCases">
    <failure type="java.lang.AssertionError" message="expected [CODA - Segment Groups] but found [CODA - Segment Groups - Add]">
      <![CDATA[java.lang.AssertionError: expected [CODA - Segment Groups] but found [CODA - Segment Groups - Add]
	at configuration.SegmentGroupsAddPage.clickSubmitButton(SegmentGroupsAddPage.java:82)
	at configuration.SegmentGroups_TestCases.create_a_new_segment_groups_type_single_select(SegmentGroups_TestCases.java:24)
	at java.util.concurrent.FutureTask.run(FutureTask.java:266)
	at java.util.concurrent.ThreadPoolExecutor.runWorker(ThreadPoolExecutor.java:1142)
	at java.util.concurrent.ThreadPoolExecutor$Worker.run(ThreadPoolExecutor.java:617)
	at java.lang.Thread.run(Thread.java:745)
... Removed 22 stack frames]]>
    </failure>
  </testcase> <!-- create_a_new_segment_groups_type_single_select -->
  <testcase name="update_segment_groups_brand" time="49.122" classname="configuration.SegmentGroupsEdit_testcases">
    <failure type="java.lang.AssertionError" message="expected [2] but found [1]">
      <![CDATA[java.lang.AssertionError: expected [2] but found [1]
	at configuration.SegmentGroupsPage.validateUpdates(SegmentGroupsPage.java:171)
	at configuration.SegmentGroupsEdit_testcases.update_segment_groups_brand(SegmentGroupsEdit_testcases.java:20)
	at java.util.concurrent.FutureTask.run(FutureTask.java:266)
	at java.util.concurrent.ThreadPoolExecutor.runWorker(ThreadPoolExecutor.java:1142)
	at java.util.concurrent.ThreadPoolExecutor$Worker.run(ThreadPoolExecutor.java:617)
	at java.lang.Thread.run(Thread.java:745)
... Removed 22 stack frames]]>
    </failure>
  </testcase> <!-- update_segment_groups_brand -->
  <testcase name="open_archive_page" time="21.163" classname="configuration.SegmentGroupsRestore_testcases"/>
  <testcase name="create_a_duplicate_segment_groups_type_single_select" time="41.538" classname="configuration.SegmentGroups_TestCases"/>
  <testcase name="update_segment_groups_brand_to_previous" time="49.495" classname="configuration.SegmentGroupsEdit_testcases"/>
  <testcase name="create_a_new_segment_groups_type_multi_select" time="40.773" classname="configuration.SegmentGroups_TestCases">
    <failure type="java.lang.AssertionError" message="expected [CODA - Segment Groups] but found [CODA - Segment Groups - Add]">
      <![CDATA[java.lang.AssertionError: expected [CODA - Segment Groups] but found [CODA - Segment Groups - Add]
	at configuration.SegmentGroupsAddPage.clickSubmitButton(SegmentGroupsAddPage.java:82)
	at configuration.SegmentGroups_TestCases.create_a_new_segment_groups_type_multi_select(SegmentGroups_TestCases.java:62)
	at java.util.concurrent.FutureTask.run(FutureTask.java:266)
	at java.util.concurrent.ThreadPoolExecutor.runWorker(ThreadPoolExecutor.java:1142)
	at java.util.concurrent.ThreadPoolExecutor$Worker.run(ThreadPoolExecutor.java:617)
	at java.lang.Thread.run(Thread.java:745)
... Removed 22 stack frames]]>
    </failure>
  </testcase> <!-- create_a_new_segment_groups_type_multi_select -->
  <testcase name="update_segment_groups_name" time="42.503" classname="configuration.SegmentGroupsEdit_testcases"/>
  <testcase name="select_button_cancel_in_segment_groups_add_page" time="23.662" classname="configuration.SegmentGroups_TestCases"/>
  <testcase name="update_segment_groups_name_to_previous" time="41.734" classname="configuration.SegmentGroupsEdit_testcases"/>
  <testcase name="create_a_new_segment_groups_type_multi_select_without_a_client_name" time="34.23" classname="configuration.SegmentGroups_TestCases"/>
  <testcase name="update_segment_groups_type" time="38.179" classname="configuration.SegmentGroupsEdit_testcases"/>
  <testcase name="create_a_new_segment_groups_type_multi_select_without_a_name" time="38.296" classname="configuration.SegmentGroups_TestCases"/>
  <testcase name="update_segment_groups_type_to_previous" time="39.695" classname="configuration.SegmentGroupsEdit_testcases"/>
  <testcase name="create_a_new_segment_groups_type_single_select_without_a_client_name" time="33.896" classname="configuration.SegmentGroups_TestCases"/>
  <testcase name="update_segment_groups_description" time="35.455" classname="configuration.SegmentGroupsEdit_testcases"/>
  <testcase name="create_a_new_segment_groups_type_single_select_without_a_name" time="37.828" classname="configuration.SegmentGroups_TestCases"/>
  <testcase name="inactivate_segment_groups" time="39.02" classname="configuration.SegmentGroupsEdit_testcases">
    <failure type="java.lang.AssertionError" message="expected [INACTIVE] but found [ACTIVE]">
      <![CDATA[java.lang.AssertionError: expected [INACTIVE] but found [ACTIVE]
	at configuration.SegmentGroupsPage.validateUpdates(SegmentGroupsPage.java:188)
	at configuration.SegmentGroupsEdit_testcases.inactivate_segment_groups(SegmentGroupsEdit_testcases.java:112)
	at java.util.concurrent.FutureTask.run(FutureTask.java:266)
	at java.util.concurrent.ThreadPoolExecutor.runWorker(ThreadPoolExecutor.java:1142)
	at java.util.concurrent.ThreadPoolExecutor$Worker.run(ThreadPoolExecutor.java:617)
	at java.lang.Thread.run(Thread.java:745)
... Removed 22 stack frames]]>
    </failure>
  </testcase> <!-- inactivate_segment_groups -->
  <testcase name="create_a_new_segment_groups_without_a_type" time="37.628" classname="configuration.SegmentGroups_TestCases"/>
  <testcase name="activate_segment_groups" time="37.608" classname="configuration.SegmentGroupsEdit_testcases"/>
  <testcase name="update_segment_groups_clientname" time="42.532" classname="configuration.SegmentGroupsEdit_testcases"/>
  <testcase name="update_segment_groups_clientname_to_previous" time="47.765" classname="configuration.SegmentGroupsEdit_testcases"/>
  <testcase name="empty_name_field_in_segmentGroups_edit_page" time="37.561" classname="configuration.SegmentGroupsEdit_testcases"/>
  <testcase name="select_button_cancel_in_segmentgroups_edit_page" time="30.519" classname="configuration.SegmentGroupsEdit_testcases"/>
  <testcase name="archive_segment_groups" time="18.044" classname="configuration.SegmentGroupsEdit_testcases"/>
  <testcase name="restore_segment_groups" time="33.207" classname="configuration.SegmentGroupsEdit_testcases">
    <failure type="org.openqa.selenium.NoSuchElementException" message="no such element: Unable to locate element: {&amp;quot;method&amp;quot;:&amp;quot;xpath&amp;quot;,&amp;quot;selector&amp;quot;:&amp;quot;//a[contains(text(),&amp;apos;Restore&amp;apos;)]&amp;quot;}
  (Session info: chrome=59.0.3071.115)
  (Driver info: chromedriver=2.29.461591 (62ebf098771772160f391d75e589dc567915b233),platform=Windows NT 6.1.7601 SP1 x86_64) (WARNING: The server did not provide any stacktrace information)
Command duration or timeout: 10.02 seconds
For documentation on this error, please visit: http://seleniumhq.org/exceptions/no_such_element.html
Build info: version: &amp;apos;2.53.1&amp;apos;, revision: &amp;apos;a36b8b1&amp;apos;, time: &amp;apos;2016-06-30 17:37:03&amp;apos;
System info: host: &amp;apos;remote-wkstn3&amp;apos;, ip: &amp;apos;10.16.1.107&amp;apos;, os.name: &amp;apos;Windows 7&amp;apos;, os.arch: &amp;apos;amd64&amp;apos;, os.version: &amp;apos;6.1&amp;apos;, java.version: &amp;apos;1.8.0_121&amp;apos;
Driver info: org.openqa.selenium.chrome.ChromeDriver
Capabilities [{applicationCacheEnabled=false, rotatable=false, mobileEmulationEnabled=false, networkConnectionEnabled=false, chrome={chromedriverVersion=2.29.461591 (62ebf098771772160f391d75e589dc567915b233), userDataDir=C:\Users\ARJUN~1.KAR\AppData\Local\Temp\scoped_dir19880_4120}, takesHeapSnapshot=true, pageLoadStrategy=normal, databaseEnabled=false, handlesAlerts=true, hasTouchScreen=false, version=59.0.3071.115, platform=XP, browserConnectionEnabled=false, nativeEvents=true, acceptSslCerts=true, locationContextEnabled=true, webStorageEnabled=true, browserName=chrome, takesScreenshot=true, javascriptEnabled=true, cssSelectorsEnabled=true, unexpectedAlertBehaviour=accept}]
Session ID: 07f903dd4a77978f1a2627f9862f3d10
*** Element info: {Using=xpath, value=//a[contains(text(),&amp;apos;Restore&amp;apos;)]}">
      <![CDATA[org.openqa.selenium.NoSuchElementException: no such element: Unable to locate element: {"method":"xpath","selector":"//a[contains(text(),'Restore')]"}
  (Session info: chrome=59.0.3071.115)
  (Driver info: chromedriver=2.29.461591 (62ebf098771772160f391d75e589dc567915b233),platform=Windows NT 6.1.7601 SP1 x86_64) (WARNING: The server did not provide any stacktrace information)
Command duration or timeout: 10.02 seconds
For documentation on this error, please visit: http://seleniumhq.org/exceptions/no_such_element.html
Build info: version: '2.53.1', revision: 'a36b8b1', time: '2016-06-30 17:37:03'
System info: host: 'remote-wkstn3', ip: '10.16.1.107', os.name: 'Windows 7', os.arch: 'amd64', os.version: '6.1', java.version: '1.8.0_121'
Driver info: org.openqa.selenium.chrome.ChromeDriver
Capabilities [{applicationCacheEnabled=false, rotatable=false, mobileEmulationEnabled=false, networkConnectionEnabled=false, chrome={chromedriverVersion=2.29.461591 (62ebf098771772160f391d75e589dc567915b233), userDataDir=C:\Users\ARJUN~1.KAR\AppData\Local\Temp\scoped_dir19880_4120}, takesHeapSnapshot=true, pageLoadStrategy=normal, databaseEnabled=false, handlesAlerts=true, hasTouchScreen=false, version=59.0.3071.115, platform=XP, browserConnectionEnabled=false, nativeEvents=true, acceptSslCerts=true, locationContextEnabled=true, webStorageEnabled=true, browserName=chrome, takesScreenshot=true, javascriptEnabled=true, cssSelectorsEnabled=true, unexpectedAlertBehaviour=accept}]
Session ID: 07f903dd4a77978f1a2627f9862f3d10
*** Element info: {Using=xpath, value=//a[contains(text(),'Restore')]}
	at org.openqa.selenium.remote.ErrorHandler.createThrowable(ErrorHandler.java:206)
	at org.openqa.selenium.remote.ErrorHandler.throwIfResponseFailed(ErrorHandler.java:158)
	at org.openqa.selenium.remote.RemoteWebDriver.execute(RemoteWebDriver.java:678)
	at org.openqa.selenium.remote.RemoteWebDriver.findElement(RemoteWebDriver.java:363)
	at org.openqa.selenium.remote.RemoteWebDriver.findElementByXPath(RemoteWebDriver.java:500)
	at org.openqa.selenium.By$ByXPath.findElement(By.java:361)
	at org.openqa.selenium.remote.RemoteWebDriver.findElement(RemoteWebDriver.java:355)
	at configuration.SegmentGroupsPage.restoreSegmentgroup(SegmentGroupsPage.java:100)
	at configuration.SegmentGroupsEdit_testcases.restore_segment_groups(SegmentGroupsEdit_testcases.java:197)
	at java.util.concurrent.FutureTask.run(FutureTask.java:266)
	at java.util.concurrent.ThreadPoolExecutor.runWorker(ThreadPoolExecutor.java:1142)
	at java.util.concurrent.ThreadPoolExecutor$Worker.run(ThreadPoolExecutor.java:617)
	at java.lang.Thread.run(Thread.java:745)
... Removed 20 stack frames]]>
    </failure>
  </testcase> <!-- restore_segment_groups -->
  <testcase name="database_delete_segment_groups" time="2.282" classname="configuration.SegmentGroups_TestCases"/>
  <testcase name="@AfterSuite tearDown" time="0.0" classname="Utility.TestBase">
    <ignored/>
  </testcase> <!-- @AfterSuite tearDown -->
  <testcase name="@AfterSuite tearDown" time="0.0" classname="Utility.TestBase">
    <ignored/>
  </testcase> <!-- @AfterSuite tearDown -->
</testsuite> <!-- SEGMENT GROUPS TESTCASES -->
