<?xml version="1.0" encoding="UTF-8"?>
<!-- Generated by org.testng.reporters.JUnitXMLReporter -->
<testsuite hostname="remote-wkstn3" ignored="2" name="USERS TESTCASES" tests="49" failures="4" timestamp="08 Aug 2017 03:25:40 GMT" time="2484.927" errors="0">
  <testcase name="create_an_admin_user" time="59.425" classname="access.Users_TestCases">
    <failure type="org.openqa.selenium.NoSuchElementException" message="no such element: Unable to locate element: {&amp;quot;method&amp;quot;:&amp;quot;id&amp;quot;,&amp;quot;selector&amp;quot;:&amp;quot;s2id_autogen82&amp;quot;}
  (Session info: chrome=60.0.3112.90)
  (Driver info: chromedriver=2.29.461591 (62ebf098771772160f391d75e589dc567915b233),platform=Windows NT 6.1.7601 SP1 x86_64) (WARNING: The server did not provide any stacktrace information)
Command duration or timeout: 10.03 seconds
For documentation on this error, please visit: http://seleniumhq.org/exceptions/no_such_element.html
Build info: version: &amp;apos;2.53.1&amp;apos;, revision: &amp;apos;a36b8b1&amp;apos;, time: &amp;apos;2016-06-30 17:37:03&amp;apos;
System info: host: &amp;apos;remote-wkstn3&amp;apos;, ip: &amp;apos;10.16.1.107&amp;apos;, os.name: &amp;apos;Windows 7&amp;apos;, os.arch: &amp;apos;amd64&amp;apos;, os.version: &amp;apos;6.1&amp;apos;, java.version: &amp;apos;1.8.0_121&amp;apos;
Driver info: org.openqa.selenium.chrome.ChromeDriver
Capabilities [{applicationCacheEnabled=false, rotatable=false, mobileEmulationEnabled=false, networkConnectionEnabled=false, chrome={chromedriverVersion=2.29.461591 (62ebf098771772160f391d75e589dc567915b233), userDataDir=C:\Users\ARJUN~1.KAR\AppData\Local\Temp\scoped_dir49808_8405}, takesHeapSnapshot=true, pageLoadStrategy=normal, databaseEnabled=false, handlesAlerts=true, hasTouchScreen=false, version=60.0.3112.90, platform=XP, browserConnectionEnabled=false, nativeEvents=true, acceptSslCerts=true, locationContextEnabled=true, webStorageEnabled=true, browserName=chrome, takesScreenshot=true, javascriptEnabled=true, cssSelectorsEnabled=true, unexpectedAlertBehaviour=accept}]
Session ID: aafa265ce3c6495c986a02db987e6b86
*** Element info: {Using=id, value=s2id_autogen82}">
      <![CDATA[org.openqa.selenium.NoSuchElementException: no such element: Unable to locate element: {"method":"id","selector":"s2id_autogen82"}
  (Session info: chrome=60.0.3112.90)
  (Driver info: chromedriver=2.29.461591 (62ebf098771772160f391d75e589dc567915b233),platform=Windows NT 6.1.7601 SP1 x86_64) (WARNING: The server did not provide any stacktrace information)
Command duration or timeout: 10.03 seconds
For documentation on this error, please visit: http://seleniumhq.org/exceptions/no_such_element.html
Build info: version: '2.53.1', revision: 'a36b8b1', time: '2016-06-30 17:37:03'
System info: host: 'remote-wkstn3', ip: '10.16.1.107', os.name: 'Windows 7', os.arch: 'amd64', os.version: '6.1', java.version: '1.8.0_121'
Driver info: org.openqa.selenium.chrome.ChromeDriver
Capabilities [{applicationCacheEnabled=false, rotatable=false, mobileEmulationEnabled=false, networkConnectionEnabled=false, chrome={chromedriverVersion=2.29.461591 (62ebf098771772160f391d75e589dc567915b233), userDataDir=C:\Users\ARJUN~1.KAR\AppData\Local\Temp\scoped_dir49808_8405}, takesHeapSnapshot=true, pageLoadStrategy=normal, databaseEnabled=false, handlesAlerts=true, hasTouchScreen=false, version=60.0.3112.90, platform=XP, browserConnectionEnabled=false, nativeEvents=true, acceptSslCerts=true, locationContextEnabled=true, webStorageEnabled=true, browserName=chrome, takesScreenshot=true, javascriptEnabled=true, cssSelectorsEnabled=true, unexpectedAlertBehaviour=accept}]
Session ID: aafa265ce3c6495c986a02db987e6b86
*** Element info: {Using=id, value=s2id_autogen82}
	at org.openqa.selenium.remote.ErrorHandler.createThrowable(ErrorHandler.java:206)
	at org.openqa.selenium.remote.ErrorHandler.throwIfResponseFailed(ErrorHandler.java:158)
	at org.openqa.selenium.remote.RemoteWebDriver.execute(RemoteWebDriver.java:678)
	at org.openqa.selenium.remote.RemoteWebDriver.findElement(RemoteWebDriver.java:363)
	at org.openqa.selenium.remote.RemoteWebDriver.findElementById(RemoteWebDriver.java:413)
	at org.openqa.selenium.By$ById.findElement(By.java:218)
	at org.openqa.selenium.remote.RemoteWebDriver.findElement(RemoteWebDriver.java:355)
	at access.UsersAddPage.isAdmin(UsersAddPage.java:109)
	at access.Users_TestCases.create_an_admin_user(Users_TestCases.java:27)
	at java.util.concurrent.FutureTask.run(FutureTask.java:266)
	at java.util.concurrent.ThreadPoolExecutor.runWorker(ThreadPoolExecutor.java:1142)
	at java.util.concurrent.ThreadPoolExecutor$Worker.run(ThreadPoolExecutor.java:617)
	at java.lang.Thread.run(Thread.java:745)
... Removed 19 stack frames]]>
    </failure>
  </testcase> <!-- create_an_admin_user -->
  <testcase name="update_user_fisrt_name" time="46.367" classname="access.UsersEdit_testcases"/>
  <testcase name="verify_user_archive_page" time="21.082" classname="access.UsersRestore_testcases"/>
  <testcase name="create_a_non_admin_user" time="93.076" classname="access.Users_TestCases"/>
  <testcase name="update_user_first_name_to_previous" time="45.363" classname="access.UsersEdit_testcases"/>
  <testcase name="create_an_admin_user_without_a_first_name" time="45.303" classname="access.Users_TestCases"/>
  <testcase name="update_user_last_name" time="45.136" classname="access.UsersEdit_testcases"/>
  <testcase name="create_an_admin_user_without_a_last_name" time="44.048" classname="access.Users_TestCases"/>
  <testcase name="update_user_last_name_to_previous" time="45.143" classname="access.UsersEdit_testcases"/>
  <testcase name="create_an_admin_user_without_an_email_address" time="43.873" classname="access.Users_TestCases"/>
  <testcase name="update_user_email_address" time="30.178" classname="access.UsersEdit_testcases"/>
  <testcase name="create_an_admin_user_without_a_username" time="44.454" classname="access.Users_TestCases"/>
  <testcase name="update_user_email_address_to_previous" time="30.352" classname="access.UsersEdit_testcases"/>
  <testcase name="create_an_admin_user_without_a_password" time="44.64" classname="access.Users_TestCases"/>
  <testcase name="update_user_phone_number" time="39.439" classname="access.UsersEdit_testcases"/>
  <testcase name="create_a_non_admin_user_without_a_first_name" time="46.439" classname="access.Users_TestCases"/>
  <testcase name="update_user_phone_number_to_previous" time="39.563" classname="access.UsersEdit_testcases"/>
  <testcase name="create_a_non_admin_user_without_a_last_name" time="44.101" classname="access.Users_TestCases"/>
  <testcase name="update_user_username" time="44.54" classname="access.UsersEdit_testcases"/>
  <testcase name="create_a_non_admin_user_without_an_email_address" time="45.517" classname="access.Users_TestCases"/>
  <testcase name="update_user_username_to_previous" time="44.977" classname="access.UsersEdit_testcases"/>
  <testcase name="create_a_non_admin_user_without_a_username" time="47.9" classname="access.Users_TestCases"/>
  <testcase name="update_user_password" time="30.244" classname="access.UsersEdit_testcases"/>
  <testcase name="create_a_non_admin_user_without_a_password" time="44.38" classname="access.Users_TestCases"/>
  <testcase name="update_user_password_to_previous" time="30.049" classname="access.UsersEdit_testcases"/>
  <testcase name="select_button_cancel_in_user_add_page" time="27.855" classname="access.Users_TestCases"/>
  <testcase name="update_user_clients" time="42.607" classname="access.UsersEdit_testcases"/>
  <testcase name="update_user_clients_to_previous" time="43.902" classname="access.UsersEdit_testcases"/>
  <testcase name="create_a_duplicate_user" time="48.887" classname="access.Users_TestCases"/>
  <testcase name="update_admin_role" time="45.145" classname="access.UsersEdit_testcases"/>
  <testcase name="create_a_user_with_an_invalid_email_address_format" time="46.668" classname="access.Users_TestCases"/>
  <testcase name="update_user_role" time="27.901" classname="access.UsersEdit_testcases"/>
  <testcase name="fail_to_create_user_when_first_name_field_is_empty" time="43.949" classname="access.Users_TestCases"/>
  <testcase name="update_user_role_to_previous" time="27.418" classname="access.UsersEdit_testcases"/>
  <testcase name="fail_to_create_user_when_last_name_field_is_empty" time="44.226" classname="access.Users_TestCases"/>
  <testcase name="update_admin_role_to_previous" time="39.456" classname="access.UsersEdit_testcases">
    <failure type="org.openqa.selenium.NoSuchElementException" message="no such element: Unable to locate element: {&amp;quot;method&amp;quot;:&amp;quot;id&amp;quot;,&amp;quot;selector&amp;quot;:&amp;quot;s2id_autogen82&amp;quot;}
  (Session info: chrome=60.0.3112.90)
  (Driver info: chromedriver=2.29.461591 (62ebf098771772160f391d75e589dc567915b233),platform=Windows NT 6.1.7601 SP1 x86_64) (WARNING: The server did not provide any stacktrace information)
Command duration or timeout: 10.03 seconds
For documentation on this error, please visit: http://seleniumhq.org/exceptions/no_such_element.html
Build info: version: &amp;apos;2.53.1&amp;apos;, revision: &amp;apos;a36b8b1&amp;apos;, time: &amp;apos;2016-06-30 17:37:03&amp;apos;
System info: host: &amp;apos;remote-wkstn3&amp;apos;, ip: &amp;apos;10.16.1.107&amp;apos;, os.name: &amp;apos;Windows 7&amp;apos;, os.arch: &amp;apos;amd64&amp;apos;, os.version: &amp;apos;6.1&amp;apos;, java.version: &amp;apos;1.8.0_121&amp;apos;
Driver info: org.openqa.selenium.chrome.ChromeDriver
Capabilities [{applicationCacheEnabled=false, rotatable=false, mobileEmulationEnabled=false, networkConnectionEnabled=false, chrome={chromedriverVersion=2.29.461591 (62ebf098771772160f391d75e589dc567915b233), userDataDir=C:\Users\ARJUN~1.KAR\AppData\Local\Temp\scoped_dir76004_27122}, takesHeapSnapshot=true, pageLoadStrategy=normal, databaseEnabled=false, handlesAlerts=true, hasTouchScreen=false, version=60.0.3112.90, platform=XP, browserConnectionEnabled=false, nativeEvents=true, acceptSslCerts=true, locationContextEnabled=true, webStorageEnabled=true, browserName=chrome, takesScreenshot=true, javascriptEnabled=true, cssSelectorsEnabled=true, unexpectedAlertBehaviour=accept}]
Session ID: 3df2771109ee6faa96b9ddc1065f1e5a
*** Element info: {Using=id, value=s2id_autogen82}">
      <![CDATA[org.openqa.selenium.NoSuchElementException: no such element: Unable to locate element: {"method":"id","selector":"s2id_autogen82"}
  (Session info: chrome=60.0.3112.90)
  (Driver info: chromedriver=2.29.461591 (62ebf098771772160f391d75e589dc567915b233),platform=Windows NT 6.1.7601 SP1 x86_64) (WARNING: The server did not provide any stacktrace information)
Command duration or timeout: 10.03 seconds
For documentation on this error, please visit: http://seleniumhq.org/exceptions/no_such_element.html
Build info: version: '2.53.1', revision: 'a36b8b1', time: '2016-06-30 17:37:03'
System info: host: 'remote-wkstn3', ip: '10.16.1.107', os.name: 'Windows 7', os.arch: 'amd64', os.version: '6.1', java.version: '1.8.0_121'
Driver info: org.openqa.selenium.chrome.ChromeDriver
Capabilities [{applicationCacheEnabled=false, rotatable=false, mobileEmulationEnabled=false, networkConnectionEnabled=false, chrome={chromedriverVersion=2.29.461591 (62ebf098771772160f391d75e589dc567915b233), userDataDir=C:\Users\ARJUN~1.KAR\AppData\Local\Temp\scoped_dir76004_27122}, takesHeapSnapshot=true, pageLoadStrategy=normal, databaseEnabled=false, handlesAlerts=true, hasTouchScreen=false, version=60.0.3112.90, platform=XP, browserConnectionEnabled=false, nativeEvents=true, acceptSslCerts=true, locationContextEnabled=true, webStorageEnabled=true, browserName=chrome, takesScreenshot=true, javascriptEnabled=true, cssSelectorsEnabled=true, unexpectedAlertBehaviour=accept}]
Session ID: 3df2771109ee6faa96b9ddc1065f1e5a
*** Element info: {Using=id, value=s2id_autogen82}
	at org.openqa.selenium.remote.ErrorHandler.createThrowable(ErrorHandler.java:206)
	at org.openqa.selenium.remote.ErrorHandler.throwIfResponseFailed(ErrorHandler.java:158)
	at org.openqa.selenium.remote.RemoteWebDriver.execute(RemoteWebDriver.java:678)
	at org.openqa.selenium.remote.RemoteWebDriver.findElement(RemoteWebDriver.java:363)
	at org.openqa.selenium.remote.RemoteWebDriver.findElementById(RemoteWebDriver.java:413)
	at org.openqa.selenium.By$ById.findElement(By.java:218)
	at org.openqa.selenium.remote.RemoteWebDriver.findElement(RemoteWebDriver.java:355)
	at access.UsersEditPage.isAdmin(UsersEditPage.java:202)
	at access.UsersEdit_testcases.update_admin_role_to_previous(UsersEdit_testcases.java:233)
	at java.util.concurrent.FutureTask.run(FutureTask.java:266)
	at java.util.concurrent.ThreadPoolExecutor.runWorker(ThreadPoolExecutor.java:1142)
	at java.util.concurrent.ThreadPoolExecutor$Worker.run(ThreadPoolExecutor.java:617)
	at java.lang.Thread.run(Thread.java:745)
... Removed 19 stack frames]]>
    </failure>
  </testcase> <!-- update_admin_role_to_previous -->
  <testcase name="fail_to_create_user_when_email_address_field_is_empty" time="45.06" classname="access.Users_TestCases"/>
  <testcase name="inactivate_user" time="46.543" classname="access.UsersEdit_testcases"/>
  <testcase name="fail_to_create_user_when_username_field_is_empty" time="46.033" classname="access.Users_TestCases"/>
  <testcase name="activate_user" time="47.794" classname="access.UsersEdit_testcases"/>
  <testcase name="fail_to_create_user_when_password_field_is_empty" time="51.411" classname="access.Users_TestCases"/>
  <testcase name="archive_user" time="18.066" classname="access.UsersEdit_testcases"/>
  <testcase name="fail_to_create_user_when_confirm_password_field_is_empty" time="44.339" classname="access.Users_TestCases"/>
  <testcase name="restore_user" time="32.666" classname="access.UsersEdit_testcases"/>
  <testcase name="fail_to_create_user_when_confirm_password_field_does_not_match_the_password" time="48.244" classname="access.Users_TestCases"/>
  <testcase name="select_button_cancel_in_user_edit_page" time="34.13" classname="access.UsersEdit_testcases"/>
  <testcase name="user_edit_otheruser" time="45.989" classname="access.UsersEdit_testcases">
    <failure type="java.lang.AssertionError" message="expected [INACTIVE] but found [ACTIVE]">
      <![CDATA[java.lang.AssertionError: expected [INACTIVE] but found [ACTIVE]
	at access.UsersPage.validateUpdates(UsersPage.java:251)
	at access.UsersEdit_testcases.user_edit_otheruser(UsersEdit_testcases.java:306)
	at java.util.concurrent.FutureTask.run(FutureTask.java:266)
	at java.util.concurrent.ThreadPoolExecutor.runWorker(ThreadPoolExecutor.java:1142)
	at java.util.concurrent.ThreadPoolExecutor$Worker.run(ThreadPoolExecutor.java:617)
	at java.lang.Thread.run(Thread.java:745)
... Removed 22 stack frames]]>
    </failure>
  </testcase> <!-- user_edit_otheruser -->
  <testcase name="user_edit_otheruserprevious" time="43.662" classname="access.UsersEdit_testcases">
    <failure type="java.lang.AssertionError" message="expected [ACTIVE] but found [INACTIVE]">
      <![CDATA[java.lang.AssertionError: expected [ACTIVE] but found [INACTIVE]
	at access.UsersPage.validateUpdates(UsersPage.java:251)
	at access.UsersEdit_testcases.user_edit_otheruserprevious(UsersEdit_testcases.java:318)
	at java.util.concurrent.FutureTask.run(FutureTask.java:266)
	at java.util.concurrent.ThreadPoolExecutor.runWorker(ThreadPoolExecutor.java:1142)
	at java.util.concurrent.ThreadPoolExecutor$Worker.run(ThreadPoolExecutor.java:617)
	at java.lang.Thread.run(Thread.java:745)
... Removed 22 stack frames]]>
    </failure>
  </testcase> <!-- user_edit_otheruserprevious -->
  <testcase name="database_delete_user" time="6.702" classname="access.Users_TestCases"/>
  <testcase name="@AfterSuite tearDown" time="0.0" classname="Utility.TestBase">
    <ignored/>
  </testcase> <!-- @AfterSuite tearDown -->
  <testcase name="@AfterSuite tearDown" time="0.0" classname="Utility.TestBase">
    <ignored/>
  </testcase> <!-- @AfterSuite tearDown -->
</testsuite> <!-- USERS TESTCASES -->
