<?xml version="1.0" encoding="UTF-8"?>
<!-- Generated by org.testng.reporters.JUnitXMLReporter -->
<testsuite hostname="remote-wkstn3" ignored="1" name="WORKFLOW STATES TESTCASES" tests="20" failures="1" timestamp="06 Oct 2017 21:39:41 GMT" time="886.635" errors="0">
  <testcase name="create_a_new_wf_state" time="51.407" classname="settings.WorkflowState_TestCases"/>
  <testcase name="update_workflow_state_name" time="46.21" classname="settings.WorkflowStateEdit_testcases"/>
  <testcase name="create_a_new_wf_state_without_name" time="38.65" classname="settings.WorkflowState_TestCases"/>
  <testcase name="update_workflow_state_name_to_previous" time="50.194" classname="settings.WorkflowStateEdit_testcases"/>
  <testcase name="create_a_new_wf_state_without_color" time="35.1" classname="settings.WorkflowState_TestCases"/>
  <testcase name="update_workflow_state_color" time="38.683" classname="settings.WorkflowStateEdit_testcases"/>
  <testcase name="click_cancel_in_wf_state_add_page" time="25.884" classname="settings.WorkflowState_TestCases"/>
  <testcase name="update_workflow_state_color_to_previous" time="39.935" classname="settings.WorkflowStateEdit_testcases"/>
  <testcase name="return_to_wf_state_main_page_from_add" time="29.409" classname="settings.WorkflowState_TestCases"/>
  <testcase name="update_workflow_state_description" time="41.53" classname="settings.WorkflowStateEdit_testcases"/>
  <testcase name="delete_workflow_state_from_database" time="2.378" classname="settings.WorkflowState_TestCases"/>
  <testcase name="update_workflow_state_description_to_previous" time="12.124" classname="settings.WorkflowStateEdit_testcases">
    <failure type="java.lang.IllegalArgumentException" message="Cannot find elements when the XPath expression is null.">
      <![CDATA[java.lang.IllegalArgumentException: Cannot find elements when the XPath expression is null.
	at org.openqa.selenium.By.xpath(By.java:113)
	at login.DashboardPage.clickWorkflowState(DashboardPage.java:375)
	at settings.WorkflowStateEdit_testcases.update_workflow_state_description_to_previous(WorkflowStateEdit_testcases.java:76)
	at java.util.concurrent.FutureTask.run(FutureTask.java:266)
	at java.util.concurrent.ThreadPoolExecutor.runWorker(ThreadPoolExecutor.java:1142)
	at java.util.concurrent.ThreadPoolExecutor$Worker.run(ThreadPoolExecutor.java:617)
	at java.lang.Thread.run(Thread.java:745)
... Removed 16 stack frames]]>
    </failure>
  </testcase> <!-- update_workflow_state_description_to_previous -->
  <testcase name="empty_name_field_in_wf_state_edit_page" time="41.406" classname="settings.WorkflowStateEdit_testcases"/>
  <testcase name="empty_color_field_in_wf_state_edit_page" time="41.608" classname="settings.WorkflowStateEdit_testcases"/>
  <testcase name="inactivate_workflow_state" time="43.981" classname="settings.WorkflowStateEdit_testcases"/>
  <testcase name="activate_workflow_state" time="43.694" classname="settings.WorkflowStateEdit_testcases"/>
  <testcase name="click_cancel_in_wf_state_edit_page" time="35.691" classname="settings.WorkflowStateEdit_testcases"/>
  <testcase name="return_to_wf_state_main_page_from_edit" time="32.872" classname="settings.WorkflowStateEdit_testcases"/>
  <testcase name="archive_wf_state" time="19.295" classname="settings.WorkflowStateEdit_testcases"/>
  <testcase name="restore_wf_state" time="33.312" classname="settings.WorkflowStateEdit_testcases"/>
  <testcase name="@AfterSuite tearDown" time="0.0" classname="Utility.TestBase">
    <ignored/>
  </testcase> <!-- @AfterSuite tearDown -->
</testsuite> <!-- WORKFLOW STATES TESTCASES -->
