<html>
<head>
<title>TestNG:  WORKFLOW STATE TESTCASES</title>
<link href="../testng.css" rel="stylesheet" type="text/css" />
<link href="../my-testng.css" rel="stylesheet" type="text/css" />

<style type="text/css">
.log { display: none;} 
.stack-trace { display: none;} 
</style>
<script type="text/javascript">
<!--
function flip(e) {
  current = e.style.display;
  if (current == 'block') {
    e.style.display = 'none';
    return 0;
  }
  else {
    e.style.display = 'block';
    return 1;
  }
}

function toggleBox(szDivId, elem, msg1, msg2)
{
  var res = -1;  if (document.getElementById) {
    res = flip(document.getElementById(szDivId));
  }
  else if (document.all) {
    // this is the way old msie versions work
    res = flip(document.all[szDivId]);
  }
  if(elem) {
    if(res == 0) elem.innerHTML = msg1; else elem.innerHTML = msg2;
  }

}

function toggleAllBoxes() {
  if (document.getElementsByTagName) {
    d = document.getElementsByTagName('div');
    for (i = 0; i < d.length; i++) {
      if (d[i].className == 'log') {
        flip(d[i]);
      }
    }
  }
}

// -->
</script>

</head>
<body>
<h2 align='center'>WORKFLOW STATE TESTCASES</h2><table border='1' align="center">
<tr>
<td>Tests passed/Failed/Skipped:</td><td>20/1/0</td>
</tr><tr>
<td>Started on:</td><td>Tue Aug 08 00:47:54 CDT 2017</td>
</tr>
<tr><td>Total time:</td><td>902 seconds (902779 ms)</td>
</tr><tr>
<td>Included groups:</td><td></td>
</tr><tr>
<td>Excluded groups:</td><td></td>
</tr>
</table><p/>
<small><i>(Hover the method name to see the test class name)</i></small><p/>
<table width='100%' border='1' class='invocation-failed'>
<tr><td colspan='4' align='center'><b>FAILED TESTS</b></td></tr>
<tr><td><b>Test method</b></td>
<td width="30%"><b>Exception</b></td>
<td width="10%"><b>Time (seconds)</b></td>
<td><b>Instance</b></td>
</tr>
<tr>
<td title='settings.WorkflowStateEdit_testcases.restore_wf_state()'><b>restore_wf_state</b><br>Test class: settings.WorkflowStateEdit_testcases</td>
<td><div><pre>org.openqa.selenium.NoSuchElementException: no such element: Unable to locate element: {&quot;method&quot;:&quot;xpath&quot;,&quot;selector&quot;:&quot;//a[contains(text(),&apos;Restore&apos;)]&quot;}
  (Session info: chrome=60.0.3112.90)
  (Driver info: chromedriver=2.29.461591 (62ebf098771772160f391d75e589dc567915b233),platform=Windows NT 6.1.7601 SP1 x86_64) (WARNING: The server did not provide any stacktrace information)
Command duration or timeout: 10.07 seconds
For documentation on this error, please visit: http://seleniumhq.org/exceptions/no_such_element.html
Build info: version: &apos;2.53.1&apos;, revision: &apos;a36b8b1&apos;, time: &apos;2016-06-30 17:37:03&apos;
System info: host: &apos;remote-wkstn3&apos;, ip: &apos;10.16.1.107&apos;, os.name: &apos;Windows 7&apos;, os.arch: &apos;amd64&apos;, os.version: &apos;6.1&apos;, java.version: &apos;1.8.0_121&apos;
Driver info: org.openqa.selenium.chrome.ChromeDriver
Capabilities [{applicationCacheEnabled=false, rotatable=false, mobileEmulationEnabled=false, networkConnectionEnabled=false, chrome={chromedriverVersion=2.29.461591 (62ebf098771772160f391d75e589dc567915b233), userDataDir=C:\Users\ARJUN~1.KAR\AppData\Local\Temp\scoped_dir40876_15}, takesHeapSnapshot=true, pageLoadStrategy=normal, databaseEnabled=false, handlesAlerts=true, hasTouchScreen=false, version=60.0.3112.90, platform=XP, browserConnectionEnabled=false, nativeEvents=true, acceptSslCerts=true, locationContextEnabled=true, webStorageEnabled=true, browserName=chrome, takesScreenshot=true, javascriptEnabled=true, cssSelectorsEnabled=true, unexpectedAlertBehaviour=accept}]
Session ID: 238221cc3fff0af6c6e9890c86c54bc6
*** Element info: {Using=xpath, value=//a[contains(text(),&apos;Restore&apos;)]}
	at org.openqa.selenium.remote.ErrorHandler.createThrowable(ErrorHandler.java:206)
	at org.openqa.selenium.remote.ErrorHandler.throwIfResponseFailed(ErrorHandler.java:158)
	at org.openqa.selenium.remote.RemoteWebDriver.execute(RemoteWebDriver.java:678)
	at org.openqa.selenium.remote.RemoteWebDriver.findElement(RemoteWebDriver.java:363)
	at org.openqa.selenium.remote.RemoteWebDriver.findElementByXPath(RemoteWebDriver.java:500)
	at org.openqa.selenium.By$ByXPath.findElement(By.java:361)
	at org.openqa.selenium.remote.RemoteWebDriver.findElement(RemoteWebDriver.java:355)
	at settings.WorkflowStatePage.restoreWorkflowState(WorkflowStatePage.java:144)
	at settings.WorkflowStateEdit_testcases.restore_wf_state(WorkflowStateEdit_testcases.java:173)
	at java.util.concurrent.FutureTask.run(FutureTask.java:266)
	at java.util.concurrent.ThreadPoolExecutor.runWorker(ThreadPoolExecutor.java:1142)
	at java.util.concurrent.ThreadPoolExecutor$Worker.run(ThreadPoolExecutor.java:617)
	at java.lang.Thread.run(Thread.java:745)
... Removed 20 stack frames</pre></div><a href='#' onClick='toggleBox("stack-trace2047584900", this, "Click to show all stack frames", "Click to hide stack frames")'>Click to show all stack frames</a>
<div class='stack-trace' id='stack-trace2047584900'><pre>org.openqa.selenium.NoSuchElementException: no such element: Unable to locate element: {&quot;method&quot;:&quot;xpath&quot;,&quot;selector&quot;:&quot;//a[contains(text(),&apos;Restore&apos;)]&quot;}
  (Session info: chrome=60.0.3112.90)
  (Driver info: chromedriver=2.29.461591 (62ebf098771772160f391d75e589dc567915b233),platform=Windows NT 6.1.7601 SP1 x86_64) (WARNING: The server did not provide any stacktrace information)
Command duration or timeout: 10.07 seconds
For documentation on this error, please visit: http://seleniumhq.org/exceptions/no_such_element.html
Build info: version: &apos;2.53.1&apos;, revision: &apos;a36b8b1&apos;, time: &apos;2016-06-30 17:37:03&apos;
System info: host: &apos;remote-wkstn3&apos;, ip: &apos;10.16.1.107&apos;, os.name: &apos;Windows 7&apos;, os.arch: &apos;amd64&apos;, os.version: &apos;6.1&apos;, java.version: &apos;1.8.0_121&apos;
Driver info: org.openqa.selenium.chrome.ChromeDriver
Capabilities [{applicationCacheEnabled=false, rotatable=false, mobileEmulationEnabled=false, networkConnectionEnabled=false, chrome={chromedriverVersion=2.29.461591 (62ebf098771772160f391d75e589dc567915b233), userDataDir=C:\Users\ARJUN~1.KAR\AppData\Local\Temp\scoped_dir40876_15}, takesHeapSnapshot=true, pageLoadStrategy=normal, databaseEnabled=false, handlesAlerts=true, hasTouchScreen=false, version=60.0.3112.90, platform=XP, browserConnectionEnabled=false, nativeEvents=true, acceptSslCerts=true, locationContextEnabled=true, webStorageEnabled=true, browserName=chrome, takesScreenshot=true, javascriptEnabled=true, cssSelectorsEnabled=true, unexpectedAlertBehaviour=accept}]
Session ID: 238221cc3fff0af6c6e9890c86c54bc6
*** Element info: {Using=xpath, value=//a[contains(text(),&apos;Restore&apos;)]}
	at sun.reflect.NativeConstructorAccessorImpl.newInstance0(Native Method)
	at sun.reflect.NativeConstructorAccessorImpl.newInstance(NativeConstructorAccessorImpl.java:62)
	at sun.reflect.DelegatingConstructorAccessorImpl.newInstance(DelegatingConstructorAccessorImpl.java:45)
	at java.lang.reflect.Constructor.newInstance(Constructor.java:423)
	at org.openqa.selenium.remote.ErrorHandler.createThrowable(ErrorHandler.java:206)
	at org.openqa.selenium.remote.ErrorHandler.throwIfResponseFailed(ErrorHandler.java:158)
	at org.openqa.selenium.remote.RemoteWebDriver.execute(RemoteWebDriver.java:678)
	at org.openqa.selenium.remote.RemoteWebDriver.findElement(RemoteWebDriver.java:363)
	at org.openqa.selenium.remote.RemoteWebDriver.findElementByXPath(RemoteWebDriver.java:500)
	at org.openqa.selenium.By$ByXPath.findElement(By.java:361)
	at org.openqa.selenium.remote.RemoteWebDriver.findElement(RemoteWebDriver.java:355)
	at settings.WorkflowStatePage.restoreWorkflowState(WorkflowStatePage.java:144)
	at settings.WorkflowStateEdit_testcases.restore_wf_state(WorkflowStateEdit_testcases.java:173)
	at sun.reflect.NativeMethodAccessorImpl.invoke0(Native Method)
	at sun.reflect.NativeMethodAccessorImpl.invoke(NativeMethodAccessorImpl.java:62)
	at sun.reflect.DelegatingMethodAccessorImpl.invoke(DelegatingMethodAccessorImpl.java:43)
	at java.lang.reflect.Method.invoke(Method.java:498)
	at org.testng.internal.MethodInvocationHelper.invokeMethod(MethodInvocationHelper.java:104)
	at org.testng.internal.Invoker.invokeMethod(Invoker.java:645)
	at org.testng.internal.Invoker.invokeTestMethod(Invoker.java:851)
	at org.testng.internal.Invoker.invokeTestMethods(Invoker.java:1177)
	at org.testng.internal.TestMethodWorker.invokeTestMethods(TestMethodWorker.java:129)
	at org.testng.internal.TestMethodWorker.run(TestMethodWorker.java:112)
	at org.testng.TestRunner.privateRun(TestRunner.java:756)
	at org.testng.TestRunner.run(TestRunner.java:610)
	at org.testng.SuiteRunner.runTest(SuiteRunner.java:387)
	at org.testng.SuiteRunner.access$000(SuiteRunner.java:39)
	at org.testng.SuiteRunner$SuiteWorker.run(SuiteRunner.java:421)
	at org.testng.internal.thread.ThreadUtil$2.call(ThreadUtil.java:64)
	at java.util.concurrent.FutureTask.run(FutureTask.java:266)
	at java.util.concurrent.ThreadPoolExecutor.runWorker(ThreadPoolExecutor.java:1142)
	at java.util.concurrent.ThreadPoolExecutor$Worker.run(ThreadPoolExecutor.java:617)
	at java.lang.Thread.run(Thread.java:745)
</pre></div></td>
<td>33</td>
<td>settings.WorkflowStateEdit_testcases@6328d34a</td></tr>
</table><p>
<table width='100%' border='1' class='invocation-passed'>
<tr><td colspan='4' align='center'><b>PASSED TESTS</b></td></tr>
<tr><td><b>Test method</b></td>
<td width="30%"><b>Exception</b></td>
<td width="10%"><b>Time (seconds)</b></td>
<td><b>Instance</b></td>
</tr>
<tr>
<td title='settings.WorkflowStateEdit_testcases.activate_workflow_state()'><b>activate_workflow_state</b><br>Test class: settings.WorkflowStateEdit_testcases</td>
<td></td>
<td>41</td>
<td>settings.WorkflowStateEdit_testcases@6328d34a</td></tr>
<tr>
<td title='settings.WorkflowStateEdit_testcases.archive_wf_state()'><b>archive_wf_state</b><br>Test class: settings.WorkflowStateEdit_testcases</td>
<td></td>
<td>19</td>
<td>settings.WorkflowStateEdit_testcases@6328d34a</td></tr>
<tr>
<td title='settings.WorkflowState_TestCases.click_cancel_in_wf_state_add_page()'><b>click_cancel_in_wf_state_add_page</b><br>Test class: settings.WorkflowState_TestCases</td>
<td></td>
<td>25</td>
<td>settings.WorkflowState_TestCases@2357d90a</td></tr>
<tr>
<td title='settings.WorkflowStateEdit_testcases.click_cancel_in_wf_state_edit_page()'><b>click_cancel_in_wf_state_edit_page</b><br>Test class: settings.WorkflowStateEdit_testcases</td>
<td></td>
<td>31</td>
<td>settings.WorkflowStateEdit_testcases@6328d34a</td></tr>
<tr>
<td title='settings.WorkflowState_TestCases.create_a_new_wf_state()'><b>create_a_new_wf_state</b><br>Test class: settings.WorkflowState_TestCases</td>
<td></td>
<td>46</td>
<td>settings.WorkflowState_TestCases@2357d90a</td></tr>
<tr>
<td title='settings.WorkflowState_TestCases.create_a_new_wf_state_without_color()'><b>create_a_new_wf_state_without_color</b><br>Test class: settings.WorkflowState_TestCases</td>
<td></td>
<td>33</td>
<td>settings.WorkflowState_TestCases@2357d90a</td></tr>
<tr>
<td title='settings.WorkflowState_TestCases.create_a_new_wf_state_without_name()'><b>create_a_new_wf_state_without_name</b><br>Test class: settings.WorkflowState_TestCases</td>
<td></td>
<td>33</td>
<td>settings.WorkflowState_TestCases@2357d90a</td></tr>
<tr>
<td title='settings.WorkflowState_TestCases.delete_workflow_state_from_database()'><b>delete_workflow_state_from_database</b><br>Test class: settings.WorkflowState_TestCases</td>
<td></td>
<td>2</td>
<td>settings.WorkflowState_TestCases@2357d90a</td></tr>
<tr>
<td title='settings.WorkflowStateEdit_testcases.empty_color_field_in_wf_state_edit_page()'><b>empty_color_field_in_wf_state_edit_page</b><br>Test class: settings.WorkflowStateEdit_testcases</td>
<td></td>
<td>37</td>
<td>settings.WorkflowStateEdit_testcases@6328d34a</td></tr>
<tr>
<td title='settings.WorkflowStateEdit_testcases.empty_name_field_in_wf_state_edit_page()'><b>empty_name_field_in_wf_state_edit_page</b><br>Test class: settings.WorkflowStateEdit_testcases</td>
<td></td>
<td>37</td>
<td>settings.WorkflowStateEdit_testcases@6328d34a</td></tr>
<tr>
<td title='settings.WorkflowStateEdit_testcases.inactivate_workflow_state()'><b>inactivate_workflow_state</b><br>Test class: settings.WorkflowStateEdit_testcases</td>
<td></td>
<td>42</td>
<td>settings.WorkflowStateEdit_testcases@6328d34a</td></tr>
<tr>
<td title='settings.WorkflowState_TestCases.return_to_wf_state_main_page_from_add()'><b>return_to_wf_state_main_page_from_add</b><br>Test class: settings.WorkflowState_TestCases</td>
<td></td>
<td>26</td>
<td>settings.WorkflowState_TestCases@2357d90a</td></tr>
<tr>
<td title='settings.WorkflowStateEdit_testcases.return_to_wf_state_main_page_from_edit()'><b>return_to_wf_state_main_page_from_edit</b><br>Test class: settings.WorkflowStateEdit_testcases</td>
<td></td>
<td>34</td>
<td>settings.WorkflowStateEdit_testcases@6328d34a</td></tr>
<tr>
<td title='settings.WorkflowRestore_testcases.test_is_empty()'><b>test_is_empty</b><br>Test class: settings.WorkflowRestore_testcases</td>
<td></td>
<td>7</td>
<td>settings.WorkflowRestore_testcases@145eaa29</td></tr>
<tr>
<td title='settings.WorkflowStateEdit_testcases.update_workflow_state_color()'><b>update_workflow_state_color</b><br>Test class: settings.WorkflowStateEdit_testcases</td>
<td></td>
<td>38</td>
<td>settings.WorkflowStateEdit_testcases@6328d34a</td></tr>
<tr>
<td title='settings.WorkflowStateEdit_testcases.update_workflow_state_color_to_previous()'><b>update_workflow_state_color_to_previous</b><br>Test class: settings.WorkflowStateEdit_testcases</td>
<td></td>
<td>38</td>
<td>settings.WorkflowStateEdit_testcases@6328d34a</td></tr>
<tr>
<td title='settings.WorkflowStateEdit_testcases.update_workflow_state_description()'><b>update_workflow_state_description</b><br>Test class: settings.WorkflowStateEdit_testcases</td>
<td></td>
<td>40</td>
<td>settings.WorkflowStateEdit_testcases@6328d34a</td></tr>
<tr>
<td title='settings.WorkflowStateEdit_testcases.update_workflow_state_description_to_previous()'><b>update_workflow_state_description_to_previous</b><br>Test class: settings.WorkflowStateEdit_testcases</td>
<td></td>
<td>40</td>
<td>settings.WorkflowStateEdit_testcases@6328d34a</td></tr>
<tr>
<td title='settings.WorkflowStateEdit_testcases.update_workflow_state_name()'><b>update_workflow_state_name</b><br>Test class: settings.WorkflowStateEdit_testcases</td>
<td></td>
<td>42</td>
<td>settings.WorkflowStateEdit_testcases@6328d34a</td></tr>
<tr>
<td title='settings.WorkflowStateEdit_testcases.update_workflow_state_name_to_previous()'><b>update_workflow_state_name_to_previous</b><br>Test class: settings.WorkflowStateEdit_testcases</td>
<td></td>
<td>54</td>
<td>settings.WorkflowStateEdit_testcases@6328d34a</td></tr>
</table><p>
</body>
</html>